#
# There is insufficient memory for the Java Runtime Environment to continue.
# Native memory allocation (malloc) failed to allocate 1783056 bytes for Chunk::new
# Possible reasons:
#   The system is out of physical RAM or swap space
#   In 32 bit mode, the process size limit was hit
# Possible solutions:
#   Reduce memory load on the system
#   Increase physical memory or swap space
#   Check if swap backing store is full
#   Use 64 bit Java on a 64 bit OS
#   Decrease Java heap size (-Xmx/-Xms)
#   Decrease number of Java threads
#   Decrease Java thread stack sizes (-Xss)
#   Set larger code cache with -XX:ReservedCodeCacheSize=
# This output file may be truncated or incomplete.
#
#  Out of Memory Error (allocation.cpp:390), pid=12600, tid=0x0000000000000530
#
# JRE version: Java(TM) SE Runtime Environment (8.0_181-b13) (build 1.8.0_181-b13)
# Java VM: Java HotSpot(TM) 64-Bit Server VM (25.181-b13 mixed mode windows-amd64 compressed oops)
# Failed to write core dump. Minidumps are not enabled by default on client versions of Windows
#

---------------  T H R E A D  ---------------

Current thread (0x000000001ba7d800):  JavaThread "C2 CompilerThread1" daemon [_thread_in_native, id=1328, stack(0x000000001d560000,0x000000001d660000)]

Stack: [0x000000001d560000,0x000000001d660000]
[error occurred during error reporting (printing stack bounds), id 0xc0000005]

Native frames: (J=compiled Java code, j=interpreted, Vv=VM code, C=native code)


Current CompileTask:
C2:3338842 5854       4       javafx.scene.CssStyleHelper::lookupFont (1234 bytes)


---------------  P R O C E S S  ---------------

Java Threads: ( => current thread )
  0x000000001e32f800 JavaThread "pool-5-thread-4" [_thread_blocked, id=2128, stack(0x000000002b380000,0x000000002b480000)]
  0x000000001e32e800 JavaThread "pool-5-thread-3" [_thread_blocked, id=7116, stack(0x000000002b080000,0x000000002b180000)]
  0x000000001e32e000 JavaThread "DestroyJavaVM" [_thread_blocked, id=15140, stack(0x0000000002210000,0x0000000002310000)]
  0x000000001e331000 JavaThread "FirebaseDatabaseEventTarget" daemon [_thread_in_native, id=13200, stack(0x00000000268a0000,0x00000000269a0000)]
  0x000000001e331800 JavaThread "TubeSockWriter-1" [_thread_blocked, id=13008, stack(0x00000000267a0000,0x00000000268a0000)]
  0x000000001e330000 JavaThread "TubeSockReader-1" [_thread_in_native, id=12956, stack(0x00000000266a0000,0x00000000267a0000)]
  0x000000001e334000 JavaThread "pool-6-thread-1" [_thread_blocked, id=1988, stack(0x00000000265a0000,0x00000000266a0000)]
  0x000000001e219800 JavaThread "FirebaseDatabaseWorker" daemon [_thread_blocked, id=13072, stack(0x0000000024cd0000,0x0000000024dd0000)]
  0x000000001e1ec800 JavaThread "Prism Font Disposer" daemon [_thread_blocked, id=5620, stack(0x00000000249d0000,0x0000000024ad0000)]
  0x000000001dd44800 JavaThread "Thread-3" daemon [_thread_in_native, id=9624, stack(0x0000000022fd0000,0x00000000230d0000)]
  0x000000001d53e000 JavaThread "Thread-1" daemon [_thread_blocked, id=9564, stack(0x000000001e5f0000,0x000000001e6f0000)]
  0x000000001d169000 JavaThread "Service Thread" daemon [_thread_blocked, id=14716, stack(0x000000001d760000,0x000000001d860000)]
  0x000000001ba7e800 JavaThread "C1 CompilerThread2" daemon [_thread_blocked, id=4080, stack(0x000000001d660000,0x000000001d760000)]
=>0x000000001ba7d800 JavaThread "C2 CompilerThread1" daemon [_thread_in_native, id=1328, stack(0x000000001d560000,0x000000001d660000)]
  0x000000001ba20800 JavaThread "C2 CompilerThread0" daemon [_thread_blocked, id=8528, stack(0x000000001d060000,0x000000001d160000)]
  0x000000001ba1d800 JavaThread "Attach Listener" daemon [_thread_blocked, id=14724, stack(0x000000001cf60000,0x000000001d060000)]
  0x000000001ba1c800 JavaThread "Signal Dispatcher" daemon [_thread_blocked, id=11176, stack(0x000000001ce60000,0x000000001cf60000)]
  0x000000001ba0a800 JavaThread "Finalizer" daemon [_thread_blocked, id=13196, stack(0x000000001cc70000,0x000000001cd70000)]
  0x00000000024c3000 JavaThread "Reference Handler" daemon [_thread_blocked, id=6364, stack(0x000000001cb70000,0x000000001cc70000)]

Other Threads:
  0x000000001b9e8000 VMThread [stack: 0x000000001ca70000,0x000000001cb70000] [id=6324]
  0x000000001d16e800 WatcherThread [stack: 0x000000001d860000,0x000000001d960000] [id=15080]

VM state:not at safepoint (normal execution)

VM Mutex/Monitor currently owned by a thread: None

Heap:
 PSYoungGen      total 140800K, used 59029K [0x000000076b800000, 0x0000000778a00000, 0x00000007c0000000)
  eden space 130048K, 37% used [0x000000076b800000,0x000000076e7b09a0,0x0000000773700000)
  from space 10752K, 94% used [0x0000000773700000,0x00000007740f4d98,0x0000000774180000)
  to   space 10752K, 0% used [0x0000000777f80000,0x0000000777f80000,0x0000000778a00000)
 ParOldGen       total 159232K, used 45322K [0x00000006c2800000, 0x00000006cc380000, 0x000000076b800000)
  object space 159232K, 28% used [0x00000006c2800000,0x00000006c5442840,0x00000006cc380000)
 Metaspace       used 28401K, capacity 29628K, committed 29824K, reserved 1075200K
  class space    used 3859K, capacity 4120K, committed 4224K, reserved 1048576K

Card table byte_map: [0x0000000011890000,0x0000000012080000] byte_map_base: 0x000000000e27c000

Marking Bits: (ParMarkBitMap*) 0x000000006e612d00
 Begin Bits: [0x00000000129d0000, 0x0000000016930000)
 End Bits:   [0x0000000016930000, 0x000000001a890000)

Polling page: 0x00000000005f0000

CodeCache: size=245760Kb used=16110Kb max_used=16254Kb free=229649Kb
 bounds [0x00000000024d0000, 0x0000000003500000, 0x00000000114d0000]
 total_blobs=5851 nmethods=5054 adapters=708
 compilation: enabled

Compilation events (10 events):
Event: 3337.298 Thread 0x000000001ba7e800 nmethod 5851 0x000000000277d150 code [0x000000000277d420, 0x000000000277ecb8]
Event: 3337.298 Thread 0x000000001ba7e800 5849       1       com.sun.javafx.css.converters.PaintConverter$SequenceConverter::toString (3 bytes)
Event: 3337.298 Thread 0x000000001ba7e800 nmethod 5849 0x0000000002f93010 code [0x0000000002f93160, 0x0000000002f93270]
Event: 3337.522 Thread 0x000000001ba20800 5852   !   4       sun.misc.URLClassPath::check (123 bytes)
Event: 3337.522 Thread 0x000000001ba7e800 5853       3       com.sun.javafx.css.converters.PaintConverter::convert (7 bytes)
Event: 3337.523 Thread 0x000000001ba7e800 nmethod 5853 0x0000000002c0d810 code [0x0000000002c0d9a0, 0x0000000002c0e1a8]
Event: 3337.523 Thread 0x000000001ba20800 nmethod 5852 0x0000000002d1bc50 code [0x0000000002d1bd80, 0x0000000002d1bdf8]
Event: 3337.526 Thread 0x000000001ba7d800 5854       4       javafx.scene.CssStyleHelper::lookupFont (1234 bytes)
Event: 3337.530 Thread 0x000000001ba7e800 5855       3       java.lang.String::toUpperCase (8 bytes)
Event: 3337.530 Thread 0x000000001ba7e800 nmethod 5855 0x0000000002b56450 code [0x0000000002b565c0, 0x0000000002b56848]

GC Heap History (8 events):
Event: 2.412 GC heap before
{Heap before GC invocations=1 (full 0):
 PSYoungGen      total 75776K, used 56908K [0x000000076b800000, 0x0000000770c80000, 0x00000007c0000000)
  eden space 65024K, 87% used [0x000000076b800000,0x000000076ef93398,0x000000076f780000)
  from space 10752K, 0% used [0x0000000770200000,0x0000000770200000,0x0000000770c80000)
  to   space 10752K, 0% used [0x000000076f780000,0x000000076f780000,0x0000000770200000)
 ParOldGen       total 173568K, used 0K [0x00000006c2800000, 0x00000006cd180000, 0x000000076b800000)
  object space 173568K, 0% used [0x00000006c2800000,0x00000006c2800000,0x00000006cd180000)
 Metaspace       used 11687K, capacity 12054K, committed 12288K, reserved 1060864K
  class space    used 1553K, capacity 1673K, committed 1792K, reserved 1048576K
Event: 2.541 GC heap after
Heap after GC invocations=1 (full 0):
 PSYoungGen      total 75776K, used 8902K [0x000000076b800000, 0x0000000774c00000, 0x00000007c0000000)
  eden space 65024K, 0% used [0x000000076b800000,0x000000076b800000,0x000000076f780000)
  from space 10752K, 82% used [0x000000076f780000,0x0000000770031a40,0x0000000770200000)
  to   space 10752K, 0% used [0x0000000774180000,0x0000000774180000,0x0000000774c00000)
 ParOldGen       total 173568K, used 20000K [0x00000006c2800000, 0x00000006cd180000, 0x000000076b800000)
  object space 173568K, 11% used [0x00000006c2800000,0x00000006c3b88020,0x00000006cd180000)
 Metaspace       used 11687K, capacity 12054K, committed 12288K, reserved 1060864K
  class space    used 1553K, capacity 1673K, committed 1792K, reserved 1048576K
}
Event: 9.412 GC heap before
{Heap before GC invocations=2 (full 0):
 PSYoungGen      total 75776K, used 61271K [0x000000076b800000, 0x0000000774c00000, 0x00000007c0000000)
  eden space 65024K, 80% used [0x000000076b800000,0x000000076eb243f8,0x000000076f780000)
  from space 10752K, 82% used [0x000000076f780000,0x0000000770031a40,0x0000000770200000)
  to   space 10752K, 0% used [0x0000000774180000,0x0000000774180000,0x0000000774c00000)
 ParOldGen       total 173568K, used 20000K [0x00000006c2800000, 0x00000006cd180000, 0x000000076b800000)
  object space 173568K, 11% used [0x00000006c2800000,0x00000006c3b88020,0x00000006cd180000)
 Metaspace       used 20515K, capacity 21164K, committed 21296K, reserved 1067008K
  class space    used 2748K, capacity 2914K, committed 2944K, reserved 1048576K
Event: 9.494 GC heap after
Heap after GC invocations=2 (full 0):
 PSYoungGen      total 140800K, used 10736K [0x000000076b800000, 0x0000000774c00000, 0x00000007c0000000)
  eden space 130048K, 0% used [0x000000076b800000,0x000000076b800000,0x0000000773700000)
  from space 10752K, 99% used [0x0000000774180000,0x0000000774bfc270,0x0000000774c00000)
  to   space 10752K, 0% used [0x0000000773700000,0x0000000773700000,0x0000000774180000)
 ParOldGen       total 173568K, used 34845K [0x00000006c2800000, 0x00000006cd180000, 0x000000076b800000)
  object space 173568K, 20% used [0x00000006c2800000,0x00000006c4a07778,0x00000006cd180000)
 Metaspace       used 20515K, capacity 21164K, committed 21296K, reserved 1067008K
  class space    used 2748K, capacity 2914K, committed 2944K, reserved 1048576K
}
Event: 9.494 GC heap before
{Heap before GC invocations=3 (full 1):
 PSYoungGen      total 140800K, used 10736K [0x000000076b800000, 0x0000000774c00000, 0x00000007c0000000)
  eden space 130048K, 0% used [0x000000076b800000,0x000000076b800000,0x0000000773700000)
  from space 10752K, 99% used [0x0000000774180000,0x0000000774bfc270,0x0000000774c00000)
  to   space 10752K, 0% used [0x0000000773700000,0x0000000773700000,0x0000000774180000)
 ParOldGen       total 173568K, used 34845K [0x00000006c2800000, 0x00000006cd180000, 0x000000076b800000)
  object space 173568K, 20% used [0x00000006c2800000,0x00000006c4a07778,0x00000006cd180000)
 Metaspace       used 20515K, capacity 21164K, committed 21296K, reserved 1067008K
  class space    used 2748K, capacity 2914K, committed 2944K, reserved 1048576K
Event: 9.713 GC heap after
Heap after GC invocations=3 (full 1):
 PSYoungGen      total 140800K, used 0K [0x000000076b800000, 0x0000000774c00000, 0x00000007c0000000)
  eden space 130048K, 0% used [0x000000076b800000,0x000000076b800000,0x0000000773700000)
  from space 10752K, 0% used [0x0000000774180000,0x0000000774180000,0x0000000774c00000)
  to   space 10752K, 0% used [0x0000000773700000,0x0000000773700000,0x0000000774180000)
 ParOldGen       total 159232K, used 45314K [0x00000006c2800000, 0x00000006cc380000, 0x000000076b800000)
  object space 159232K, 28% used [0x00000006c2800000,0x00000006c5440840,0x00000006cc380000)
 Metaspace       used 20512K, capacity 21156K, committed 21296K, reserved 1067008K
  class space    used 2747K, capacity 2912K, committed 2944K, reserved 1048576K
}
Event: 3333.224 GC heap before
{Heap before GC invocations=4 (full 1):
 PSYoungGen      total 140800K, used 130048K [0x000000076b800000, 0x0000000774c00000, 0x00000007c0000000)
  eden space 130048K, 100% used [0x000000076b800000,0x0000000773700000,0x0000000773700000)
  from space 10752K, 0% used [0x0000000774180000,0x0000000774180000,0x0000000774c00000)
  to   space 10752K, 0% used [0x0000000773700000,0x0000000773700000,0x0000000774180000)
 ParOldGen       total 159232K, used 45314K [0x00000006c2800000, 0x00000006cc380000, 0x000000076b800000)
  object space 159232K, 28% used [0x00000006c2800000,0x00000006c5440840,0x00000006cc380000)
 Metaspace       used 28317K, capacity 29500K, committed 29824K, reserved 1075200K
  class space    used 3858K, capacity 4120K, committed 4224K, reserved 1048576K
Event: 3334.170 GC heap after
Heap after GC invocations=4 (full 1):
 PSYoungGen      total 140800K, used 10195K [0x000000076b800000, 0x0000000778a00000, 0x00000007c0000000)
  eden space 130048K, 0% used [0x000000076b800000,0x000000076b800000,0x0000000773700000)
  from space 10752K, 94% used [0x0000000773700000,0x00000007740f4d98,0x0000000774180000)
  to   space 10752K, 0% used [0x0000000777f80000,0x0000000777f80000,0x0000000778a00000)
 ParOldGen       total 159232K, used 45322K [0x00000006c2800000, 0x00000006cc380000, 0x000000076b800000)
  object space 159232K, 28% used [0x00000006c2800000,0x00000006c5442840,0x00000006cc380000)
 Metaspace       used 28317K, capacity 29500K, committed 29824K, reserved 1075200K
  class space    used 3858K, capacity 4120K, committed 4224K, reserved 1048576K
}

Deoptimization events (10 events):
Event: 3323.749 Thread 0x000000001e331000 Uncommon trap: reason=unstable_if action=reinterpret pc=0x0000000002e13ce8 method=com.sun.javafx.css.StyleManager$CacheContainer.getStyleMap(I)Lcom/sun/javafx/css/StyleMap; @ 22
Event: 3323.749 Thread 0x000000001e331000 Uncommon trap: reason=unstable_if action=reinterpret pc=0x0000000002e107d8 method=com.sun.javafx.css.StyleManager$CacheContainer.getStyleMap(I)Lcom/sun/javafx/css/StyleMap; @ 22
Event: 3323.752 Thread 0x000000001e331000 Uncommon trap: reason=unstable_if action=reinterpret pc=0x00000000033b5f30 method=javafx.scene.Node.setTreeVisible(Z)V @ 51
Event: 3323.760 Thread 0x000000001e331000 Uncommon trap: reason=unstable_if action=reinterpret pc=0x00000000030ba248 method=com.sun.javafx.css.StyleManager$CacheContainer.getStyleMap(I)Lcom/sun/javafx/css/StyleMap; @ 22
Event: 3323.761 Thread 0x000000001e331000 Uncommon trap: reason=bimorphic action=maybe_recompile pc=0x0000000002b9435c method=com.sun.javafx.binding.ExpressionHelper.fireValueChangedEvent(Lcom/sun/javafx/binding/ExpressionHelper;)V @ 5
Event: 3326.517 Thread 0x000000001e331000 Uncommon trap: reason=unstable_if action=reinterpret pc=0x000000000320fc00 method=com.sun.javafx.css.StyleManager$CacheContainer.getStyleMap(I)Lcom/sun/javafx/css/StyleMap; @ 22
Event: 3326.524 Thread 0x000000001e331000 Uncommon trap: reason=unstable_if action=reinterpret pc=0x0000000002c854fc method=java.util.regex.Pattern$Branch.match(Ljava/util/regex/Matcher;ILjava/lang/CharSequence;)Z @ 19
Event: 3327.382 Thread 0x000000001e331000 Uncommon trap: reason=unstable_if action=reinterpret pc=0x0000000003005f4c method=com.sun.javafx.css.BitSet.equals(Ljava/lang/Object;)Z @ 67
Event: 3327.382 Thread 0x000000001e331000 Uncommon trap: reason=unstable_if action=reinterpret pc=0x000000000301847c method=com.sun.javafx.css.BitSet.equals(Ljava/lang/Object;)Z @ 67
Event: 3327.382 Thread 0x000000001e331000 Uncommon trap: reason=unstable_if action=reinterpret pc=0x0000000002f7327c method=com.sun.javafx.css.BitSet$1.hasNext()Z @ 60

Classes redefined (0 events):
No events

Internal exceptions (10 events):
Event: 3337.523 Thread 0x000000001e331000 Exception <a 'java/lang/ClassCastException'> (0x000000076e6a1a88) thrown at [C:\re\workspace\8-2-build-windows-amd64-cygwin\jdk8u181\11358\hotspot\src\share\vm\runtime\sharedRuntime.cpp, line 605]
Event: 3337.524 Thread 0x000000001e331000 Exception <a 'java/lang/ClassCastException'> (0x000000076e6b1e68) thrown at [C:\re\workspace\8-2-build-windows-amd64-cygwin\jdk8u181\11358\hotspot\src\share\vm\runtime\sharedRuntime.cpp, line 605]
Event: 3337.524 Thread 0x000000001e331000 Exception <a 'java/lang/ClassCastException'> (0x000000076e6c2270) thrown at [C:\re\workspace\8-2-build-windows-amd64-cygwin\jdk8u181\11358\hotspot\src\share\vm\runtime\sharedRuntime.cpp, line 605]
Event: 3337.525 Thread 0x000000001e331000 Exception <a 'java/lang/ClassCastException'> (0x000000076e6d2670) thrown at [C:\re\workspace\8-2-build-windows-amd64-cygwin\jdk8u181\11358\hotspot\src\share\vm\runtime\sharedRuntime.cpp, line 605]
Event: 3337.525 Thread 0x000000001e331000 Exception <a 'java/lang/ClassCastException'> (0x000000076e6e2ab8) thrown at [C:\re\workspace\8-2-build-windows-amd64-cygwin\jdk8u181\11358\hotspot\src\share\vm\runtime\sharedRuntime.cpp, line 605]
Event: 3337.526 Thread 0x000000001e331000 Exception <a 'java/lang/ClassCastException'> (0x000000076e6f2ee8) thrown at [C:\re\workspace\8-2-build-windows-amd64-cygwin\jdk8u181\11358\hotspot\src\share\vm\runtime\sharedRuntime.cpp, line 605]
Event: 3337.530 Thread 0x000000001e331000 Exception <a 'java/lang/ClassCastException'> (0x000000076e765e68) thrown at [C:\re\workspace\8-2-build-windows-amd64-cygwin\jdk8u181\11358\hotspot\src\share\vm\runtime\sharedRuntime.cpp, line 605]
Event: 3337.530 Thread 0x000000001e331000 Exception <a 'java/lang/ClassCastException': java.lang.String cannot be cast to javafx.scene.paint.Paint> (0x000000076e76ff58) thrown at [C:\re\workspace\8-2-build-windows-amd64-cygwin\jdk8u181\11358\hotspot\src\share\vm\interpreter\interpreterRuntime.cpp
Event: 3337.530 Thread 0x000000001e331000 Exception <a 'java/lang/ClassCastException'> (0x000000076e787880) thrown at [C:\re\workspace\8-2-build-windows-amd64-cygwin\jdk8u181\11358\hotspot\src\share\vm\runtime\sharedRuntime.cpp, line 605]
Event: 3337.531 Thread 0x000000001e331000 Exception <a 'java/lang/ClassCastException'> (0x000000076e797c60) thrown at [C:\re\workspace\8-2-build-windows-amd64-cygwin\jdk8u181\11358\hotspot\src\share\vm\runtime\sharedRuntime.cpp, line 605]

Events (10 events):
Event: 3334.515 Thread 0x000000001ba7e800 flushing nmethod 0x0000000002fd93d0
Event: 3334.516 Thread 0x000000001ba7e800 flushing nmethod 0x000000000303d250
Event: 3334.516 Thread 0x000000001ba7e800 flushing nmethod 0x000000000303f450
Event: 3334.516 Thread 0x000000001ba7e800 flushing nmethod 0x0000000003044590
Event: 3334.516 Thread 0x000000001ba7e800 flushing nmethod 0x00000000030c6350
Event: 3334.516 Thread 0x000000001ba7e800 flushing nmethod 0x00000000030f7ed0
Event: 3334.518 Thread 0x000000001ba7e800 flushing nmethod 0x000000000327db90
Event: 3334.525 Thread 0x000000001ba7e800 flushing nmethod 0x00000000032bba90
Event: 3335.873 loading class com/sun/javafx/collections/ListListenerHelper$1
Event: 3335.873 loading class com/sun/javafx/collections/ListListenerHelper$1 done


Dynamic libraries:
0x00007ff6455f0000 - 0x00007ff645627000 	C:\Program Files\Java\jre1.8.0_181\bin\javaw.exe
0x00007ffe92af0000 - 0x00007ffe92cd1000 	C:\Windows\SYSTEM32\ntdll.dll
0x00007ffe91d20000 - 0x00007ffe91dd2000 	C:\Windows\System32\KERNEL32.DLL
0x00007ffe8f980000 - 0x00007ffe8fbf3000 	C:\Windows\System32\KERNELBASE.dll
0x00007ffe92a10000 - 0x00007ffe92ab1000 	C:\Windows\System32\ADVAPI32.dll
0x00007ffe91df0000 - 0x00007ffe91e8e000 	C:\Windows\System32\msvcrt.dll
0x00007ffe925c0000 - 0x00007ffe9261b000 	C:\Windows\System32\sechost.dll
0x00007ffe927d0000 - 0x00007ffe928f4000 	C:\Windows\System32\RPCRT4.dll
0x00007ffe92250000 - 0x00007ffe923e0000 	C:\Windows\System32\USER32.dll
0x00007ffe8f5d0000 - 0x00007ffe8f5f0000 	C:\Windows\System32\win32u.dll
0x00007ffe91e90000 - 0x00007ffe91eb8000 	C:\Windows\System32\GDI32.dll
0x00007ffe8f7e0000 - 0x00007ffe8f972000 	C:\Windows\System32\gdi32full.dll
0x00007ffe8fee0000 - 0x00007ffe8ff7f000 	C:\Windows\System32\msvcp_win.dll
0x00007ffe8fc00000 - 0x00007ffe8fcfa000 	C:\Windows\System32\ucrtbase.dll
0x00007ffe81660000 - 0x00007ffe818c9000 	C:\Windows\WinSxS\amd64_microsoft.windows.common-controls_6595b64144ccf1df_6.0.17134.285_none_fb4297e330656775\COMCTL32.dll
0x00007ffe91f20000 - 0x00007ffe92243000 	C:\Windows\System32\combase.dll
0x00007ffe8fd00000 - 0x00007ffe8fd7a000 	C:\Windows\System32\bcryptPrimitives.dll
0x00007ffe900f0000 - 0x00007ffe9011d000 	C:\Windows\System32\IMM32.DLL
0x000000006dc40000 - 0x000000006dd12000 	C:\Program Files\Java\jre1.8.0_181\bin\msvcr100.dll
0x000000006ddf0000 - 0x000000006e692000 	C:\Program Files\Java\jre1.8.0_181\bin\server\jvm.dll
0x00007ffe90120000 - 0x00007ffe90128000 	C:\Windows\System32\PSAPI.DLL
0x00007ffe8da00000 - 0x00007ffe8da09000 	C:\Windows\SYSTEM32\WSOCK32.dll
0x00007ffe92620000 - 0x00007ffe9268c000 	C:\Windows\System32\WS2_32.dll
0x00007ffe8a650000 - 0x00007ffe8a673000 	C:\Windows\SYSTEM32\WINMM.dll
0x00007ffe85830000 - 0x00007ffe8583a000 	C:\Windows\SYSTEM32\VERSION.dll
0x00007ffe8a620000 - 0x00007ffe8a64a000 	C:\Windows\SYSTEM32\WINMMBASE.dll
0x00007ffe8fe90000 - 0x00007ffe8fed9000 	C:\Windows\System32\cfgmgr32.dll
0x000000006dde0000 - 0x000000006ddef000 	C:\Program Files\Java\jre1.8.0_181\bin\verify.dll
0x000000006ddb0000 - 0x000000006ddd9000 	C:\Program Files\Java\jre1.8.0_181\bin\java.dll
0x000000006dd90000 - 0x000000006dda6000 	C:\Program Files\Java\jre1.8.0_181\bin\zip.dll
0x00007ffe90810000 - 0x00007ffe91c50000 	C:\Windows\System32\SHELL32.dll
0x00007ffe92960000 - 0x00007ffe92a09000 	C:\Windows\System32\shcore.dll
0x00007ffe8eec0000 - 0x00007ffe8f5cd000 	C:\Windows\System32\windows.storage.dll
0x00007ffe92900000 - 0x00007ffe92951000 	C:\Windows\System32\shlwapi.dll
0x00007ffe8ee50000 - 0x00007ffe8ee61000 	C:\Windows\System32\kernel.appcore.dll
0x00007ffe8eea0000 - 0x00007ffe8eebf000 	C:\Windows\System32\profapi.dll
0x00007ffe8ee00000 - 0x00007ffe8ee4c000 	C:\Windows\System32\powrprof.dll
0x00007ffe8ee70000 - 0x00007ffe8ee7a000 	C:\Windows\System32\FLTLIB.DLL
0x0000000000680000 - 0x0000000000683000 	C:\Program Files\Java\jre1.8.0_181\bin\api-ms-win-core-console-l1-1-0.dll
0x0000000000890000 - 0x0000000000893000 	C:\Program Files\Java\jre1.8.0_181\bin\api-ms-win-core-datetime-l1-1-0.dll
0x00000000008a0000 - 0x00000000008a3000 	C:\Program Files\Java\jre1.8.0_181\bin\api-ms-win-core-debug-l1-1-0.dll
0x00000000008b0000 - 0x00000000008b3000 	C:\Program Files\Java\jre1.8.0_181\bin\api-ms-win-core-errorhandling-l1-1-0.dll
0x00000000008c0000 - 0x00000000008c4000 	C:\Program Files\Java\jre1.8.0_181\bin\api-ms-win-core-file-l1-1-0.dll
0x00000000008d0000 - 0x00000000008d3000 	C:\Program Files\Java\jre1.8.0_181\bin\api-ms-win-core-file-l1-2-0.dll
0x00000000008e0000 - 0x00000000008e3000 	C:\Program Files\Java\jre1.8.0_181\bin\api-ms-win-core-file-l2-1-0.dll
0x00000000008f0000 - 0x00000000008f3000 	C:\Program Files\Java\jre1.8.0_181\bin\api-ms-win-core-handle-l1-1-0.dll
0x0000000000900000 - 0x0000000000903000 	C:\Program Files\Java\jre1.8.0_181\bin\api-ms-win-core-heap-l1-1-0.dll
0x0000000000910000 - 0x0000000000913000 	C:\Program Files\Java\jre1.8.0_181\bin\api-ms-win-core-interlocked-l1-1-0.dll
0x0000000000920000 - 0x0000000000923000 	C:\Program Files\Java\jre1.8.0_181\bin\api-ms-win-core-libraryloader-l1-1-0.dll
0x0000000000930000 - 0x0000000000933000 	C:\Program Files\Java\jre1.8.0_181\bin\api-ms-win-core-localization-l1-2-0.dll
0x0000000000940000 - 0x0000000000943000 	C:\Program Files\Java\jre1.8.0_181\bin\api-ms-win-core-memory-l1-1-0.dll
0x0000000000950000 - 0x0000000000953000 	C:\Program Files\Java\jre1.8.0_181\bin\api-ms-win-core-namedpipe-l1-1-0.dll
0x0000000002310000 - 0x0000000002313000 	C:\Program Files\Java\jre1.8.0_181\bin\api-ms-win-core-processenvironment-l1-1-0.dll
0x0000000002320000 - 0x0000000002323000 	C:\Program Files\Java\jre1.8.0_181\bin\api-ms-win-core-processthreads-l1-1-0.dll
0x0000000002330000 - 0x0000000002333000 	C:\Program Files\Java\jre1.8.0_181\bin\api-ms-win-core-processthreads-l1-1-1.dll
0x0000000002350000 - 0x0000000002353000 	C:\Program Files\Java\jre1.8.0_181\bin\api-ms-win-core-profile-l1-1-0.dll
0x0000000002360000 - 0x0000000002363000 	C:\Program Files\Java\jre1.8.0_181\bin\api-ms-win-core-rtlsupport-l1-1-0.dll
0x0000000002370000 - 0x0000000002373000 	C:\Program Files\Java\jre1.8.0_181\bin\api-ms-win-core-string-l1-1-0.dll
0x0000000002380000 - 0x0000000002383000 	C:\Program Files\Java\jre1.8.0_181\bin\api-ms-win-core-synch-l1-1-0.dll
0x0000000002390000 - 0x0000000002393000 	C:\Program Files\Java\jre1.8.0_181\bin\api-ms-win-core-synch-l1-2-0.dll
0x00000000023a0000 - 0x00000000023a3000 	C:\Program Files\Java\jre1.8.0_181\bin\api-ms-win-core-sysinfo-l1-1-0.dll
0x00000000023b0000 - 0x00000000023b3000 	C:\Program Files\Java\jre1.8.0_181\bin\api-ms-win-core-timezone-l1-1-0.dll
0x000000001d960000 - 0x000000001d963000 	C:\Program Files\Java\jre1.8.0_181\bin\api-ms-win-core-util-l1-1-0.dll
0x000000001d970000 - 0x000000001d973000 	C:\Program Files\Java\jre1.8.0_181\bin\api-ms-win-crt-conio-l1-1-0.dll
0x000000001d980000 - 0x000000001d984000 	C:\Program Files\Java\jre1.8.0_181\bin\api-ms-win-crt-convert-l1-1-0.dll
0x000000001d990000 - 0x000000001d993000 	C:\Program Files\Java\jre1.8.0_181\bin\api-ms-win-crt-environment-l1-1-0.dll
0x000000001d9a0000 - 0x000000001d9a3000 	C:\Program Files\Java\jre1.8.0_181\bin\api-ms-win-crt-filesystem-l1-1-0.dll
0x000000001d9b0000 - 0x000000001d9b3000 	C:\Program Files\Java\jre1.8.0_181\bin\api-ms-win-crt-heap-l1-1-0.dll
0x000000001d9c0000 - 0x000000001d9c3000 	C:\Program Files\Java\jre1.8.0_181\bin\api-ms-win-crt-locale-l1-1-0.dll
0x000000001d9d0000 - 0x000000001d9d5000 	C:\Program Files\Java\jre1.8.0_181\bin\api-ms-win-crt-math-l1-1-0.dll
0x000000001d9e0000 - 0x000000001d9e5000 	C:\Program Files\Java\jre1.8.0_181\bin\api-ms-win-crt-multibyte-l1-1-0.dll
0x000000001d9f0000 - 0x000000001da00000 	C:\Program Files\Java\jre1.8.0_181\bin\api-ms-win-crt-private-l1-1-0.dll
0x000000001da00000 - 0x000000001da03000 	C:\Program Files\Java\jre1.8.0_181\bin\api-ms-win-crt-process-l1-1-0.dll
0x000000001da10000 - 0x000000001da14000 	C:\Program Files\Java\jre1.8.0_181\bin\api-ms-win-crt-runtime-l1-1-0.dll
0x000000001da20000 - 0x000000001da24000 	C:\Program Files\Java\jre1.8.0_181\bin\api-ms-win-crt-stdio-l1-1-0.dll
0x000000001da30000 - 0x000000001da34000 	C:\Program Files\Java\jre1.8.0_181\bin\api-ms-win-crt-string-l1-1-0.dll
0x000000001da40000 - 0x000000001da43000 	C:\Program Files\Java\jre1.8.0_181\bin\api-ms-win-crt-time-l1-1-0.dll
0x000000001da50000 - 0x000000001da53000 	C:\Program Files\Java\jre1.8.0_181\bin\api-ms-win-crt-utility-l1-1-0.dll
0x00007ffe6d100000 - 0x00007ffe6d1f6000 	C:\Program Files\Java\jre1.8.0_181\bin\ucrtbase.dll
0x00007ffe8a600000 - 0x00007ffe8a616000 	C:\Program Files\Java\jre1.8.0_181\bin\vcruntime140.dll
0x00007ffe6d060000 - 0x00007ffe6d0fc000 	C:\Program Files\Java\jre1.8.0_181\bin\msvcp140.dll
0x00007ffe713c0000 - 0x00007ffe71411000 	C:\Program Files\Java\jre1.8.0_181\bin\concrt140.dll
0x000000006dc10000 - 0x000000006dc33000 	C:\Program Files\Java\jre1.8.0_181\bin\prism_d3d.dll
0x00007ffe48d60000 - 0x00007ffe48ef7000 	C:\Windows\system32\d3d9.dll
0x00007ffe8c7f0000 - 0x00007ffe8c819000 	C:\Windows\SYSTEM32\dwmapi.dll
0x00007ffe8c430000 - 0x00007ffe8c4c8000 	C:\Windows\system32\uxtheme.dll
0x00007ffe91c50000 - 0x00007ffe91d12000 	C:\Windows\System32\OLEAUT32.dll
0x00007ffe8ff90000 - 0x00007ffe900e1000 	C:\Windows\System32\ole32.dll
0x000000006dbc0000 - 0x000000006dc09000 	C:\Program Files\Java\jre1.8.0_181\bin\glass.dll
0x00007ffe90130000 - 0x00007ffe9021d000 	C:\Windows\System32\COMDLG32.dll
0x00007ffe92440000 - 0x00007ffe925b5000 	C:\Windows\System32\MSCTF.dll
0x000000006dba0000 - 0x000000006dbb4000 	C:\Program Files\Java\jre1.8.0_181\bin\javafx_font.dll
0x00007ffe7edb0000 - 0x00007ffe7f0cc000 	C:\Windows\SYSTEM32\dwrite.dll
0x00007ffe8e840000 - 0x00007ffe8e857000 	C:\Windows\SYSTEM32\CRYPTSP.dll
0x00007ffe8e260000 - 0x00007ffe8e293000 	C:\Windows\system32\rsaenh.dll
0x00007ffe8e960000 - 0x00007ffe8e985000 	C:\Windows\SYSTEM32\bcrypt.dll
0x00007ffe8ed00000 - 0x00007ffe8ed28000 	C:\Windows\SYSTEM32\USERENV.dll
0x00007ffe8e830000 - 0x00007ffe8e83b000 	C:\Windows\SYSTEM32\CRYPTBASE.dll
0x000000006dd70000 - 0x000000006dd8a000 	C:\Program Files\Java\jre1.8.0_181\bin\net.dll
0x00007ffe8e680000 - 0x00007ffe8e6e6000 	C:\Windows\system32\mswsock.dll
0x00007ffe8e400000 - 0x00007ffe8e438000 	C:\Windows\SYSTEM32\IPHLPAPI.DLL
0x00007ffe8ff80000 - 0x00007ffe8ff88000 	C:\Windows\System32\NSI.dll
0x00007ffe873b0000 - 0x00007ffe873c6000 	C:\Windows\SYSTEM32\dhcpcsvc6.DLL
0x00007ffe86f40000 - 0x00007ffe86f5a000 	C:\Windows\SYSTEM32\dhcpcsvc.DLL
0x000000006dd50000 - 0x000000006dd61000 	C:\Program Files\Java\jre1.8.0_181\bin\nio.dll
0x000000006dd20000 - 0x000000006dd44000 	C:\Program Files\Java\jre1.8.0_181\bin\sunec.dll
0x000000006db90000 - 0x000000006db9b000 	C:\Program Files\Java\jre1.8.0_181\bin\sunmscapi.dll
0x00007ffe8f5f0000 - 0x00007ffe8f7d2000 	C:\Windows\System32\CRYPT32.dll
0x00007ffe8ee80000 - 0x00007ffe8ee92000 	C:\Windows\System32\MSASN1.dll
0x00007ffe8e450000 - 0x00007ffe8e50e000 	C:\Windows\SYSTEM32\DNSAPI.dll
0x00007ffe831b0000 - 0x00007ffe831ba000 	C:\Windows\System32\rasadhlp.dll
0x00007ffe82bc0000 - 0x00007ffe82c32000 	C:\Windows\System32\fwpuclnt.dll
0x00007ffe92690000 - 0x00007ffe92730000 	C:\Windows\System32\clbcatq.dll
0x00007ffe87a20000 - 0x00007ffe87bce000 	C:\Windows\SYSTEM32\WindowsCodecs.dll
0x00007ffe8a9e0000 - 0x00007ffe8aceb000 	C:\Windows\system32\d3d11.dll
0x00007ffe8dbc0000 - 0x00007ffe8dc7b000 	C:\Windows\system32\dxgi.dll
0x00007ffe80890000 - 0x00007ffe80927000 	C:\Windows\System32\TextInputFramework.dll
0x00007ffe89670000 - 0x00007ffe8974a000 	C:\Windows\System32\CoreMessaging.dll
0x00007ffe87540000 - 0x00007ffe8785e000 	C:\Windows\System32\CoreUIComponents.dll
0x00007ffe8ba90000 - 0x00007ffe8bbdd000 	C:\Windows\SYSTEM32\wintypes.dll
0x00007ffe8def0000 - 0x00007ffe8df21000 	C:\Windows\SYSTEM32\ntmarta.dll
0x000000006d090000 - 0x000000006d0a2000 	C:\Program Files\Java\jre1.8.0_181\bin\prism_common.dll
0x00007ffe898f0000 - 0x00007ffe89eb7000 	C:\Windows\SYSTEM32\d2d1.dll
0x00007ffe429c0000 - 0x00007ffe4313e000 	C:\Windows\SYSTEM32\D3D10Warp.dll

VM Arguments:
jvm_args: -Dfile.encoding=Cp1252 
java_command: application.Main
java_class_path (initial): C:\Users\YNS(Nera)\workspace\CodeFest\bin;C:\Users\YNS(Nera)\.p2\pool\plugins\org.eclipse.fx.ide.css.jfx8_1.2.0.201501301049.jar;C:\Users\YNS(Nera)\Desktop\codefest\controlsfx-8.0.5.jar;C:\Users\YNS(Nera)\Desktop\codefest\jfoenix-1.7.0.jar;C:\Users\YNS(Nera)\Desktop\lib\firebase with java\commons-codec-1.3.jar;C:\Users\YNS(Nera)\Desktop\lib\firebase with java\commons-logging-1.1.1.jar;C:\Users\YNS(Nera)\Desktop\lib\firebase with java\firebase-admin-5.2.0.jar;C:\Users\YNS(Nera)\Desktop\lib\firebase with java\google-api-client-1.22.0.jar;C:\Users\YNS(Nera)\Desktop\lib\firebase with java\google-api-client-gson-1.22.0.jar;C:\Users\YNS(Nera)\Desktop\lib\firebase with java\google-http-client-1.22.0.jar;C:\Users\YNS(Nera)\Desktop\lib\firebase with java\google-http-client-gson-1.22.0.jar;C:\Users\YNS(Nera)\Desktop\lib\firebase with java\google-http-client-jackson2-1.22.0.jar;C:\Users\YNS(Nera)\Desktop\lib\firebase with java\google-oauth-client-1.22.0.jar;C:\Users\YNS(Nera)\Desktop\lib\firebase with java\gson-2.1.jar;C:\Users\YNS(Nera)\Desktop\lib\firebase with java\guava-20.0.jar;C:\Users\YNS(Nera)\Desktop\lib\firebase with java\httpclient-4.0.1.jar;C:\Users\YNS(Nera)\Desktop\lib\firebase with java\httpcore-4.0.1.jar;C:\Users\YNS(Nera)\Desktop\lib\firebase with java\jackson-core-2.1.3.jar;C:\Users\YNS(Nera)\Desktop\lib\firebase with java\json-20160810.jar;C:\Users\YNS(Nera)\Desktop\lib\firebase with java\jsr305-1.3.9.jar
Launcher Type: SUN_STANDARD

Environment Variables:
JAVA_HOME=C:\Program Files\Java\jdk1.8.0_181
JRE_HOME=C:\Program Files\Java\jre1.8.0_181
CLASSPATH=C:\Program Files\Java\jdk1.8.0_181\bin;C:\Program Files\Java\jre1.8.0_181;
PATH=C:/Program Files/Java/jre1.8.0_181/bin/server;C:/Program Files/Java/jre1.8.0_181/bin;C:/Program Files/Java/jre1.8.0_181/lib/amd64;C:\Program Files (x86)\Common Files\Oracle\Java\javapath;C:\Program Files\Anaconda3;C:\Program Files\Anaconda3\Library\mingw-w64\bin;C:\Program Files\Anaconda3\Library\usr\bin;C:\Program Files\Anaconda3\Library\bin;C:\Program Files\Anaconda3\Scripts;C:\Program Files\Microsoft MPI\Bin\;C:\oraclexe\app\oracle\product\11.2.0\server\bin;C:\Windows\system32;C:\Windows;C:\Windows\System32\Wbem;C:\Windows\System32\WindowsPowerShell\v1.0\;C:\Windows\System32\OpenSSH\;C:\Program Files\Java\jdk1.8.0_181\bin;C:\Program Files\Java\jre1.8.0_181\bin;C:\Program Files\nodejs\;C:\Program Files (x86)\Microsoft SQL Server\130\Tools\Binn\;C:\Program Files\Microsoft SQL Server\130\Tools\Binn\;C:\Program Files (x86)\Microsoft SQL Server\130\DTS\Binn\;C:\Program Files\Microsoft SQL Server\130\DTS\Binn\;C:\Program Files\Microsoft SQL Server\Client SDK\ODBC\130\Tools\Binn\;C:\Program Files (x86)\Microsoft SQL Server\Client SDK\ODBC\130\Tools\Binn\;C:\Program Files (x86)\Microsoft SQL Server\140\Tools\Binn\;C:\Program Files (x86)\Microsoft SQL Server\140\DTS\Binn\;C:\Program Files (x86)\Microsoft SQL Server\140\Tools\Binn\ManagementStudio\;C:\Program Files (x86)\Microsoft SQL Server\110\DTS\Binn\;C:\Program Files (x86)\Microsof;C:\Program Files\PuTTY\;C:\Program Files\Git\cmd;C:\Users\YNS(Nera)\Miniconda3;C:\Users\YNS(Nera)\Miniconda3\Library\mingw-w64\bin;C:\Users\YNS(Nera)\Miniconda3\Library\usr\bin;C:\Users\YNS(Nera)\Miniconda3\Library\bin;C:\Users\YNS(Nera)\Miniconda3\Scripts;C:\Users\YNS(Nera)\AppData\Local\Programs\Python\Python36-32\Scripts\;C:\Users\YNS(Nera)\AppData\Local\Programs\Python\Python36-32\;C:\Users\YNS(Nera)\AppData\Local\Microsoft\WindowsApps;C:\Program Files (x86)\Microsoft VS Code\bin;C:\Users\YNS(Nera)\AppData\Roaming\npm;C:\Users\YNS(Nera)\AppData\Local\GitHubDesktop\bin;;C:\Users\YNS(Nera)\Desktop;
USERNAME=YNS(Nera)
OS=Windows_NT
PROCESSOR_IDENTIFIER=Intel64 Family 6 Model 78 Stepping 3, GenuineIntel



---------------  S Y S T E M  ---------------

OS: Windows 10.0 , 64 bit Build 17134 (10.0.17134.1)

CPU:total 4 (initial active 4) (2 cores per cpu, 2 threads per core) family 6 model 78 stepping 3, cmov, cx8, fxsr, mmx, sse, sse2, sse3, ssse3, sse4.1, sse4.2, popcnt, avx, avx2, aes, clmul, erms, 3dnowpref, lzcnt, ht, tsc, tscinvbit, bmi1, bmi2, adx

Memory: 4k page, physical 16612200k(5032780k free), swap 27015544k(3232k free)

vm_info: Java HotSpot(TM) 64-Bit Server VM (25.181-b13) for windows-amd64 JRE (1.8.0_181-b13), built on Jul  7 2018 04:01:33 by "java_re" with MS VC++ 10.0 (VS2010)

time: Wed Sep 19 18:51:08 2018
elapsed time: 3337 seconds (0d 0h 55m 37s)

