#
# There is insufficient memory for the Java Runtime Environment to continue.
# Native memory allocation (malloc) failed to allocate 32744 bytes for ChunkPool::allocate
# Possible reasons:
#   The system is out of physical RAM or swap space
#   In 32 bit mode, the process size limit was hit
# Possible solutions:
#   Reduce memory load on the system
#   Increase physical memory or swap space
#   Check if swap backing store is full
#   Use 64 bit Java on a 64 bit OS
#   Decrease Java heap size (-Xmx/-Xms)
#   Decrease number of Java threads
#   Decrease Java thread stack sizes (-Xss)
#   Set larger code cache with -XX:ReservedCodeCacheSize=
# This output file may be truncated or incomplete.
#
#  Out of Memory Error (allocation.cpp:273), pid=11568, tid=0x000000000000089c
#
# JRE version: Java(TM) SE Runtime Environment (8.0_181-b13) (build 1.8.0_181-b13)
# Java VM: Java HotSpot(TM) 64-Bit Server VM (25.181-b13 mixed mode windows-amd64 compressed oops)
# Failed to write core dump. Minidumps are not enabled by default on client versions of Windows
#

---------------  T H R E A D  ---------------

Current thread (0x000000001c78f000):  JavaThread "C2 CompilerThread0" daemon [_thread_in_native, id=2204, stack(0x000000001ddf0000,0x000000001def0000)]

Stack: [0x000000001ddf0000,0x000000001def0000]
[error occurred during error reporting (printing stack bounds), id 0xc0000005]

Native frames: (J=compiled Java code, j=interpreted, Vv=VM code, C=native code)


Current CompileTask:
C2:2661473 2900       4       javafx.scene.Node::<init> (211 bytes)


---------------  P R O C E S S  ---------------

Java Threads: ( => current thread )
  0x0000000025f46800 JavaThread "Prism Font Disposer" daemon [_thread_blocked, id=3868, stack(0x00000000275f0000,0x00000000276f0000)]
  0x0000000025f48000 JavaThread "FirebaseDatabaseEventTarget" daemon [_thread_in_Java, id=6820, stack(0x00000000274f0000,0x00000000275f0000)]
  0x0000000023f1c000 JavaThread "TubeSockWriter-1" [_thread_blocked, id=12640, stack(0x00000000273f0000,0x00000000274f0000)]
  0x0000000023e19000 JavaThread "TubeSockReader-1" [_thread_in_native, id=11472, stack(0x00000000272f0000,0x00000000273f0000)]
  0x0000000023e0f800 JavaThread "pool-6-thread-1" [_thread_blocked, id=15324, stack(0x00000000271f0000,0x00000000272f0000)]
  0x0000000023c60000 JavaThread "FirebaseDatabaseWorker" daemon [_thread_blocked, id=10020, stack(0x0000000025920000,0x0000000025a20000)]
  0x000000001e471800 JavaThread "Thread-3" daemon [_thread_in_native, id=4732, stack(0x0000000023f90000,0x0000000024090000)]
  0x000000001e492000 JavaThread "JavaFX-Launcher" [_thread_blocked, id=12592, stack(0x0000000024090000,0x0000000024190000)]
  0x000000001e453000 JavaThread "JavaFX Application Thread" [_thread_in_native, id=10220, stack(0x000000001ebc0000,0x000000001ecc0000)]
  0x000000001e484800 JavaThread "Thread-1" daemon [_thread_blocked, id=13492, stack(0x000000001eac0000,0x000000001ebc0000)]
  0x000000001e41e800 JavaThread "QuantumRenderer-0" daemon [_thread_blocked, id=5320, stack(0x000000001e860000,0x000000001e960000)]
  0x000000001e120800 JavaThread "Service Thread" daemon [_thread_blocked, id=11468, stack(0x000000001e4f0000,0x000000001e5f0000)]
  0x000000001c795800 JavaThread "C1 CompilerThread2" daemon [_thread_blocked, id=14492, stack(0x000000001dff0000,0x000000001e0f0000)]
  0x000000001c792000 JavaThread "C2 CompilerThread1" daemon [_thread_blocked, id=12304, stack(0x000000001def0000,0x000000001dff0000)]
=>0x000000001c78f000 JavaThread "C2 CompilerThread0" daemon [_thread_in_native, id=2204, stack(0x000000001ddf0000,0x000000001def0000)]
  0x000000001c78c000 JavaThread "Attach Listener" daemon [_thread_blocked, id=8328, stack(0x000000001dcf0000,0x000000001ddf0000)]
  0x000000001c798000 JavaThread "Signal Dispatcher" daemon [_thread_blocked, id=6912, stack(0x000000001dbf0000,0x000000001dcf0000)]
  0x000000001c77a800 JavaThread "Finalizer" daemon [_thread_blocked, id=11788, stack(0x000000001da00000,0x000000001db00000)]
  0x0000000003231800 JavaThread "Reference Handler" daemon [_thread_blocked, id=14984, stack(0x000000001d900000,0x000000001da00000)]
  0x0000000003143800 JavaThread "main" [_thread_blocked, id=10532, stack(0x0000000002f60000,0x0000000003060000)]

Other Threads:
  0x000000001c758000 VMThread [stack: 0x000000001d800000,0x000000001d900000] [id=9228]
  0x000000001c7ee800 WatcherThread [stack: 0x000000001e5f0000,0x000000001e6f0000] [id=1128]

VM state:not at safepoint (normal execution)

VM Mutex/Monitor currently owned by a thread: None

Heap:
 PSYoungGen      total 118272K, used 53314K [0x000000076b800000, 0x0000000773a00000, 0x00000007c0000000)
  eden space 107520K, 47% used [0x000000076b800000,0x000000076e970aa8,0x0000000772100000)
  from space 10752K, 25% used [0x0000000772500000,0x00000007727a0000,0x0000000772f80000)
  to   space 2560K, 0% used [0x0000000773780000,0x0000000773780000,0x0000000773a00000)
 ParOldGen       total 165376K, used 45442K [0x00000006c2800000, 0x00000006cc980000, 0x000000076b800000)
  object space 165376K, 27% used [0x00000006c2800000,0x00000006c5460a50,0x00000006cc980000)
 Metaspace       used 22617K, capacity 23345K, committed 23680K, reserved 1069056K
  class space    used 3136K, capacity 3343K, committed 3456K, reserved 1048576K

Card table byte_map: [0x0000000012600000,0x0000000012df0000] byte_map_base: 0x000000000efec000

Marking Bits: (ParMarkBitMap*) 0x000000006e612d00
 Begin Bits: [0x0000000013740000, 0x00000000176a0000)
 End Bits:   [0x00000000176a0000, 0x000000001b600000)

Polling page: 0x00000000012d0000

CodeCache: size=245760Kb used=8989Kb max_used=9409Kb free=236770Kb
 bounds [0x0000000003240000, 0x0000000003b90000, 0x0000000012240000]
 total_blobs=3230 nmethods=2616 adapters=525
 compilation: enabled

Compilation events (10 events):
Event: 2660.611 Thread 0x000000001c795800 2902       3       javafx.animation.Animation::impl_stop (31 bytes)
Event: 2660.613 Thread 0x000000001c795800 nmethod 2902 0x00000000034e7710 code [0x00000000034e79e0, 0x00000000034e8fe8]
Event: 2660.613 Thread 0x000000001c795800 2903       3       javafx.animation.Animation::totalDurationProperty (30 bytes)
Event: 2660.613 Thread 0x000000001c795800 nmethod 2903 0x0000000003671650 code [0x00000000036717e0, 0x0000000003671c70]
Event: 2660.613 Thread 0x000000001c795800 2904       3       javafx.animation.Animation::getCurrentTime (8 bytes)
Event: 2660.614 Thread 0x000000001c795800 nmethod 2904 0x0000000003671150 code [0x00000000036712e0, 0x0000000003671528]
Event: 2660.614 Thread 0x000000001c795800 2905       3       com.sun.javafx.animation.TickCalculation::toDuration (8 bytes)
Event: 2660.614 Thread 0x000000001c795800 nmethod 2905 0x00000000036a34d0 code [0x00000000036a3660, 0x00000000036a3828]
Event: 2660.614 Thread 0x000000001c795800 2906       3       com.sun.javafx.animation.TickCalculation::toMillis (7 bytes)
Event: 2660.614 Thread 0x000000001c795800 nmethod 2906 0x0000000003683dd0 code [0x0000000003683f40, 0x0000000003684090]

GC Heap History (10 events):
Event: 4.243 GC heap before
{Heap before GC invocations=2 (full 0):
 PSYoungGen      total 75776K, used 60631K [0x000000076b800000, 0x0000000774c00000, 0x00000007c0000000)
  eden space 65024K, 79% used [0x000000076b800000,0x000000076ea84410,0x000000076f780000)
  from space 10752K, 82% used [0x000000076f780000,0x0000000770031a30,0x0000000770200000)
  to   space 10752K, 0% used [0x0000000774180000,0x0000000774180000,0x0000000774c00000)
 ParOldGen       total 173568K, used 20080K [0x00000006c2800000, 0x00000006cd180000, 0x000000076b800000)
  object space 173568K, 11% used [0x00000006c2800000,0x00000006c3b9c030,0x00000006cd180000)
 Metaspace       used 20477K, capacity 21133K, committed 21296K, reserved 1067008K
  class space    used 2748K, capacity 2944K, committed 2944K, reserved 1048576K
Event: 4.261 GC heap after
Heap after GC invocations=2 (full 0):
 PSYoungGen      total 75776K, used 10723K [0x000000076b800000, 0x0000000774c00000, 0x00000007c0000000)
  eden space 65024K, 0% used [0x000000076b800000,0x000000076b800000,0x000000076f780000)
  from space 10752K, 99% used [0x0000000774180000,0x0000000774bf8d08,0x0000000774c00000)
  to   space 10752K, 0% used [0x000000076f780000,0x000000076f780000,0x0000000770200000)
 ParOldGen       total 173568K, used 34982K [0x00000006c2800000, 0x00000006cd180000, 0x000000076b800000)
  object space 173568K, 20% used [0x00000006c2800000,0x00000006c4a29ba8,0x00000006cd180000)
 Metaspace       used 20477K, capacity 21133K, committed 21296K, reserved 1067008K
  class space    used 2748K, capacity 2944K, committed 2944K, reserved 1048576K
}
Event: 4.261 GC heap before
{Heap before GC invocations=3 (full 1):
 PSYoungGen      total 75776K, used 10723K [0x000000076b800000, 0x0000000774c00000, 0x00000007c0000000)
  eden space 65024K, 0% used [0x000000076b800000,0x000000076b800000,0x000000076f780000)
  from space 10752K, 99% used [0x0000000774180000,0x0000000774bf8d08,0x0000000774c00000)
  to   space 10752K, 0% used [0x000000076f780000,0x000000076f780000,0x0000000770200000)
 ParOldGen       total 173568K, used 34982K [0x00000006c2800000, 0x00000006cd180000, 0x000000076b800000)
  object space 173568K, 20% used [0x00000006c2800000,0x00000006c4a29ba8,0x00000006cd180000)
 Metaspace       used 20477K, capacity 21133K, committed 21296K, reserved 1067008K
  class space    used 2748K, capacity 2944K, committed 2944K, reserved 1048576K
Event: 4.304 GC heap after
Heap after GC invocations=3 (full 1):
 PSYoungGen      total 75776K, used 0K [0x000000076b800000, 0x0000000774c00000, 0x00000007c0000000)
  eden space 65024K, 0% used [0x000000076b800000,0x000000076b800000,0x000000076f780000)
  from space 10752K, 0% used [0x0000000774180000,0x0000000774180000,0x0000000774c00000)
  to   space 10752K, 0% used [0x000000076f780000,0x000000076f780000,0x0000000770200000)
 ParOldGen       total 165376K, used 45426K [0x00000006c2800000, 0x00000006cc980000, 0x000000076b800000)
  object space 165376K, 27% used [0x00000006c2800000,0x00000006c545ca50,0x00000006cc980000)
 Metaspace       used 20477K, capacity 21133K, committed 21296K, reserved 1067008K
  class space    used 2748K, capacity 2944K, committed 2944K, reserved 1048576K
}
Event: 2642.994 GC heap before
{Heap before GC invocations=4 (full 1):
 PSYoungGen      total 75776K, used 65024K [0x000000076b800000, 0x0000000774c00000, 0x00000007c0000000)
  eden space 65024K, 100% used [0x000000076b800000,0x000000076f780000,0x000000076f780000)
  from space 10752K, 0% used [0x0000000774180000,0x0000000774180000,0x0000000774c00000)
  to   space 10752K, 0% used [0x000000076f780000,0x000000076f780000,0x0000000770200000)
 ParOldGen       total 165376K, used 45426K [0x00000006c2800000, 0x00000006cc980000, 0x000000076b800000)
  object space 165376K, 27% used [0x00000006c2800000,0x00000006c545ca50,0x00000006cc980000)
 Metaspace       used 22510K, capacity 23281K, committed 23424K, reserved 1069056K
  class space    used 3135K, capacity 3343K, committed 3456K, reserved 1048576K
Event: 2645.361 GC heap after
Heap after GC invocations=4 (full 1):
 PSYoungGen      total 75776K, used 2016K [0x000000076b800000, 0x0000000774200000, 0x00000007c0000000)
  eden space 65024K, 0% used [0x000000076b800000,0x000000076b800000,0x000000076f780000)
  from space 10752K, 18% used [0x000000076f780000,0x000000076f978000,0x0000000770200000)
  to   space 10752K, 0% used [0x0000000773780000,0x0000000773780000,0x0000000774200000)
 ParOldGen       total 165376K, used 45426K [0x00000006c2800000, 0x00000006cc980000, 0x000000076b800000)
  object space 165376K, 27% used [0x00000006c2800000,0x00000006c545ca50,0x00000006cc980000)
 Metaspace       used 22510K, capacity 23281K, committed 23424K, reserved 1069056K
  class space    used 3135K, capacity 3343K, committed 3456K, reserved 1048576K
}
Event: 2653.787 GC heap before
{Heap before GC invocations=5 (full 1):
 PSYoungGen      total 75776K, used 67040K [0x000000076b800000, 0x0000000774200000, 0x00000007c0000000)
  eden space 65024K, 100% used [0x000000076b800000,0x000000076f780000,0x000000076f780000)
  from space 10752K, 18% used [0x000000076f780000,0x000000076f978000,0x0000000770200000)
  to   space 10752K, 0% used [0x0000000773780000,0x0000000773780000,0x0000000774200000)
 ParOldGen       total 165376K, used 45426K [0x00000006c2800000, 0x00000006cc980000, 0x000000076b800000)
  object space 165376K, 27% used [0x00000006c2800000,0x00000006c545ca50,0x00000006cc980000)
 Metaspace       used 22563K, capacity 23281K, committed 23424K, reserved 1069056K
  class space    used 3136K, capacity 3343K, committed 3456K, reserved 1048576K
Event: 2654.259 GC heap after
Heap after GC invocations=5 (full 1):
 PSYoungGen      total 110080K, used 2368K [0x000000076b800000, 0x0000000773a00000, 0x00000007c0000000)
  eden space 107520K, 0% used [0x000000076b800000,0x000000076b800000,0x0000000772100000)
  from space 2560K, 92% used [0x0000000773780000,0x00000007739d0000,0x0000000773a00000)
  to   space 10752K, 0% used [0x0000000772500000,0x0000000772500000,0x0000000772f80000)
 ParOldGen       total 165376K, used 45434K [0x00000006c2800000, 0x00000006cc980000, 0x000000076b800000)
  object space 165376K, 27% used [0x00000006c2800000,0x00000006c545ea50,0x00000006cc980000)
 Metaspace       used 22563K, capacity 23281K, committed 23424K, reserved 1069056K
  class space    used 3136K, capacity 3343K, committed 3456K, reserved 1048576K
}
Event: 2658.814 GC heap before
{Heap before GC invocations=6 (full 1):
 PSYoungGen      total 110080K, used 109888K [0x000000076b800000, 0x0000000773a00000, 0x00000007c0000000)
  eden space 107520K, 100% used [0x000000076b800000,0x0000000772100000,0x0000000772100000)
  from space 2560K, 92% used [0x0000000773780000,0x00000007739d0000,0x0000000773a00000)
  to   space 10752K, 0% used [0x0000000772500000,0x0000000772500000,0x0000000772f80000)
 ParOldGen       total 165376K, used 45434K [0x00000006c2800000, 0x00000006cc980000, 0x000000076b800000)
  object space 165376K, 27% used [0x00000006c2800000,0x00000006c545ea50,0x00000006cc980000)
 Metaspace       used 22605K, capacity 23345K, committed 23680K, reserved 1069056K
  class space    used 3136K, capacity 3343K, committed 3456K, reserved 1048576K
Event: 2659.184 GC heap after
Heap after GC invocations=6 (full 1):
 PSYoungGen      total 118272K, used 2688K [0x000000076b800000, 0x0000000773a00000, 0x00000007c0000000)
  eden space 107520K, 0% used [0x000000076b800000,0x000000076b800000,0x0000000772100000)
  from space 10752K, 25% used [0x0000000772500000,0x00000007727a0000,0x0000000772f80000)
  to   space 2560K, 0% used [0x0000000773780000,0x0000000773780000,0x0000000773a00000)
 ParOldGen       total 165376K, used 45442K [0x00000006c2800000, 0x00000006cc980000, 0x000000076b800000)
  object space 165376K, 27% used [0x00000006c2800000,0x00000006c5460a50,0x00000006cc980000)
 Metaspace       used 22605K, capacity 23345K, committed 23680K, reserved 1069056K
  class space    used 3136K, capacity 3343K, committed 3456K, reserved 1048576K
}

Deoptimization events (10 events):
Event: 2641.796 Thread 0x0000000025f48000 Uncommon trap: reason=array_check action=maybe_recompile pc=0x0000000003a7631c method=com.sun.javafx.css.SimpleSelector.applies(Ljavafx/css/Styleable;[Ljava/util/Set;I)Z @ 37
Event: 2641.796 Thread 0x0000000025f48000 Uncommon trap: reason=array_check action=maybe_recompile pc=0x0000000003abb518 method=com.sun.javafx.css.CompoundSelector.applies(Ljavafx/css/Styleable;[Ljava/util/Set;I)Z @ 128
Event: 2641.796 Thread 0x0000000025f48000 Uncommon trap: reason=array_check action=maybe_recompile pc=0x0000000003abb518 method=com.sun.javafx.css.CompoundSelector.applies(Ljavafx/css/Styleable;[Ljava/util/Set;I)Z @ 128
Event: 2641.801 Thread 0x0000000025f48000 Uncommon trap: reason=array_check action=maybe_recompile pc=0x0000000003a7631c method=com.sun.javafx.css.SimpleSelector.applies(Ljavafx/css/Styleable;[Ljava/util/Set;I)Z @ 37
Event: 2641.801 Thread 0x0000000025f48000 Uncommon trap: reason=array_check action=maybe_recompile pc=0x0000000003abb518 method=com.sun.javafx.css.CompoundSelector.applies(Ljavafx/css/Styleable;[Ljava/util/Set;I)Z @ 128
Event: 2641.802 Thread 0x0000000025f48000 Uncommon trap: reason=array_check action=maybe_recompile pc=0x0000000003abb518 method=com.sun.javafx.css.CompoundSelector.applies(Ljavafx/css/Styleable;[Ljava/util/Set;I)Z @ 128
Event: 2641.802 Thread 0x0000000025f48000 Uncommon trap: reason=array_check action=maybe_recompile pc=0x0000000003a91588 method=com.sun.javafx.css.SimpleSelector.applies(Ljavafx/css/Styleable;[Ljava/util/Set;I)Z @ 37
Event: 2641.802 Thread 0x0000000025f48000 Uncommon trap: reason=array_check action=maybe_recompile pc=0x0000000003a91588 method=com.sun.javafx.css.SimpleSelector.applies(Ljavafx/css/Styleable;[Ljava/util/Set;I)Z @ 37
Event: 2641.803 Thread 0x0000000025f48000 Uncommon trap: reason=array_check action=maybe_recompile pc=0x0000000003a7631c method=com.sun.javafx.css.SimpleSelector.applies(Ljavafx/css/Styleable;[Ljava/util/Set;I)Z @ 37
Event: 2641.803 Thread 0x0000000025f48000 Uncommon trap: reason=array_check action=maybe_recompile pc=0x0000000003a65fe4 method=com.sun.javafx.css.SimpleSelector.applies(Ljavafx/css/Styleable;[Ljava/util/Set;I)Z @ 37

Classes redefined (0 events):
No events

Internal exceptions (10 events):
Event: 1.037 Thread 0x000000001e453000 Exception <a 'java/lang/ArrayIndexOutOfBoundsException'> (0x000000076c7dade0) thrown at [C:\re\workspace\8-2-build-windows-amd64-cygwin\jdk8u181\11358\hotspot\src\share\vm\runtime\sharedRuntime.cpp, line 605]
Event: 2.290 Thread 0x0000000023d73800 Implicit null exception at 0x00000000034cabb5 to 0x00000000034caef1
Event: 2.290 Thread 0x0000000023d73800 Implicit null exception at 0x00000000035e0358 to 0x00000000035e03e6
Event: 2.290 Thread 0x0000000023d73800 Implicit null exception at 0x000000000352432f to 0x0000000003524399
Event: 4.212 Thread 0x0000000025f48000 Implicit null exception at 0x00000000034f30d6 to 0x00000000034f3481
Event: 4.212 Thread 0x0000000025f48000 Implicit null exception at 0x0000000003445456 to 0x0000000003445801
Event: 4.395 Thread 0x000000001e453000 Exception <a 'java/io/FileNotFoundException'> (0x000000076bd80f10) thrown at [C:\re\workspace\8-2-build-windows-amd64-cygwin\jdk8u181\11358\hotspot\src\share\vm\prims\jni.cpp, line 709]
Event: 4.504 Thread 0x000000001e453000 Exception <a 'java/io/FileNotFoundException'> (0x000000076c2217c0) thrown at [C:\re\workspace\8-2-build-windows-amd64-cygwin\jdk8u181\11358\hotspot\src\share\vm\prims\jni.cpp, line 709]
Event: 4.682 Thread 0x000000001e453000 Exception <a 'java/io/FileNotFoundException'> (0x000000076cd65600) thrown at [C:\re\workspace\8-2-build-windows-amd64-cygwin\jdk8u181\11358\hotspot\src\share\vm\prims\jni.cpp, line 709]
Event: 4.735 Thread 0x000000001e453000 Exception <a 'java/lang/NullPointerException'> (0x000000076d0a6ea0) thrown at [C:\re\workspace\8-2-build-windows-amd64-cygwin\jdk8u181\11358\hotspot\src\share\vm\runtime\sharedRuntime.cpp, line 1085]

Events (10 events):
Event: 2651.681 Thread 0x000000001c795800 flushing nmethod 0x00000000037ab610
Event: 2651.681 Thread 0x000000001c795800 flushing nmethod 0x00000000037c8350
Event: 2651.682 Thread 0x000000001c795800 flushing nmethod 0x000000000380ccd0
Event: 2651.682 Thread 0x000000001c795800 flushing nmethod 0x0000000003828950
Event: 2653.787 Executing VM operation: ParallelGCFailedAllocation
Event: 2654.259 Executing VM operation: ParallelGCFailedAllocation done
Event: 2656.673 Thread 0x0000000023e19000 DEOPT PACKING pc=0x00000000037fff28 sp=0x00000000273ee710
Event: 2656.673 Thread 0x0000000023e19000 DEOPT UNPACKING pc=0x0000000003287890 sp=0x00000000273ee3d0 mode 0
Event: 2658.814 Executing VM operation: ParallelGCFailedAllocation
Event: 2659.184 Executing VM operation: ParallelGCFailedAllocation done


Dynamic libraries:
0x00007ff6455f0000 - 0x00007ff645627000 	C:\Program Files\Java\jre1.8.0_181\bin\javaw.exe
0x00007ffe92af0000 - 0x00007ffe92cd1000 	C:\Windows\SYSTEM32\ntdll.dll
0x00007ffe91d20000 - 0x00007ffe91dd2000 	C:\Windows\System32\KERNEL32.DLL
0x00007ffe8f980000 - 0x00007ffe8fbf3000 	C:\Windows\System32\KERNELBASE.dll
0x00007ffe92a10000 - 0x00007ffe92ab1000 	C:\Windows\System32\ADVAPI32.dll
0x00007ffe91df0000 - 0x00007ffe91e8e000 	C:\Windows\System32\msvcrt.dll
0x00007ffe925c0000 - 0x00007ffe9261b000 	C:\Windows\System32\sechost.dll
0x00007ffe927d0000 - 0x00007ffe928f4000 	C:\Windows\System32\RPCRT4.dll
0x00007ffe92250000 - 0x00007ffe923e0000 	C:\Windows\System32\USER32.dll
0x00007ffe8f5d0000 - 0x00007ffe8f5f0000 	C:\Windows\System32\win32u.dll
0x00007ffe91e90000 - 0x00007ffe91eb8000 	C:\Windows\System32\GDI32.dll
0x00007ffe8f7e0000 - 0x00007ffe8f972000 	C:\Windows\System32\gdi32full.dll
0x00007ffe8fee0000 - 0x00007ffe8ff7f000 	C:\Windows\System32\msvcp_win.dll
0x00007ffe8fc00000 - 0x00007ffe8fcfa000 	C:\Windows\System32\ucrtbase.dll
0x00007ffe81660000 - 0x00007ffe818c9000 	C:\Windows\WinSxS\amd64_microsoft.windows.common-controls_6595b64144ccf1df_6.0.17134.285_none_fb4297e330656775\COMCTL32.dll
0x00007ffe91f20000 - 0x00007ffe92243000 	C:\Windows\System32\combase.dll
0x00007ffe8fd00000 - 0x00007ffe8fd7a000 	C:\Windows\System32\bcryptPrimitives.dll
0x00007ffe900f0000 - 0x00007ffe9011d000 	C:\Windows\System32\IMM32.DLL
0x000000006dc40000 - 0x000000006dd12000 	C:\Program Files\Java\jre1.8.0_181\bin\msvcr100.dll
0x000000006ddf0000 - 0x000000006e692000 	C:\Program Files\Java\jre1.8.0_181\bin\server\jvm.dll
0x00007ffe90120000 - 0x00007ffe90128000 	C:\Windows\System32\PSAPI.DLL
0x00007ffe8da00000 - 0x00007ffe8da09000 	C:\Windows\SYSTEM32\WSOCK32.dll
0x00007ffe8a650000 - 0x00007ffe8a673000 	C:\Windows\SYSTEM32\WINMM.dll
0x00007ffe92620000 - 0x00007ffe9268c000 	C:\Windows\System32\WS2_32.dll
0x00007ffe85830000 - 0x00007ffe8583a000 	C:\Windows\SYSTEM32\VERSION.dll
0x00007ffe8a620000 - 0x00007ffe8a64a000 	C:\Windows\SYSTEM32\WINMMBASE.dll
0x00007ffe8fe90000 - 0x00007ffe8fed9000 	C:\Windows\System32\cfgmgr32.dll
0x000000006dde0000 - 0x000000006ddef000 	C:\Program Files\Java\jre1.8.0_181\bin\verify.dll
0x000000006ddb0000 - 0x000000006ddd9000 	C:\Program Files\Java\jre1.8.0_181\bin\java.dll
0x000000006dd90000 - 0x000000006dda6000 	C:\Program Files\Java\jre1.8.0_181\bin\zip.dll
0x00007ffe90810000 - 0x00007ffe91c50000 	C:\Windows\System32\SHELL32.dll
0x00007ffe92960000 - 0x00007ffe92a09000 	C:\Windows\System32\shcore.dll
0x00007ffe8eec0000 - 0x00007ffe8f5cd000 	C:\Windows\System32\windows.storage.dll
0x00007ffe92900000 - 0x00007ffe92951000 	C:\Windows\System32\shlwapi.dll
0x00007ffe8ee50000 - 0x00007ffe8ee61000 	C:\Windows\System32\kernel.appcore.dll
0x00007ffe8eea0000 - 0x00007ffe8eebf000 	C:\Windows\System32\profapi.dll
0x00007ffe8ee00000 - 0x00007ffe8ee4c000 	C:\Windows\System32\powrprof.dll
0x00007ffe8ee70000 - 0x00007ffe8ee7a000 	C:\Windows\System32\FLTLIB.DLL
0x0000000001310000 - 0x0000000001313000 	C:\Program Files\Java\jre1.8.0_181\bin\api-ms-win-core-console-l1-1-0.dll
0x0000000001320000 - 0x0000000001323000 	C:\Program Files\Java\jre1.8.0_181\bin\api-ms-win-core-datetime-l1-1-0.dll
0x00000000013a0000 - 0x00000000013a3000 	C:\Program Files\Java\jre1.8.0_181\bin\api-ms-win-core-debug-l1-1-0.dll
0x00000000013b0000 - 0x00000000013b3000 	C:\Program Files\Java\jre1.8.0_181\bin\api-ms-win-core-errorhandling-l1-1-0.dll
0x0000000003060000 - 0x0000000003064000 	C:\Program Files\Java\jre1.8.0_181\bin\api-ms-win-core-file-l1-1-0.dll
0x0000000003070000 - 0x0000000003073000 	C:\Program Files\Java\jre1.8.0_181\bin\api-ms-win-core-file-l1-2-0.dll
0x0000000003080000 - 0x0000000003083000 	C:\Program Files\Java\jre1.8.0_181\bin\api-ms-win-core-file-l2-1-0.dll
0x0000000003090000 - 0x0000000003093000 	C:\Program Files\Java\jre1.8.0_181\bin\api-ms-win-core-handle-l1-1-0.dll
0x00000000030a0000 - 0x00000000030a3000 	C:\Program Files\Java\jre1.8.0_181\bin\api-ms-win-core-heap-l1-1-0.dll
0x00000000030b0000 - 0x00000000030b3000 	C:\Program Files\Java\jre1.8.0_181\bin\api-ms-win-core-interlocked-l1-1-0.dll
0x00000000030c0000 - 0x00000000030c3000 	C:\Program Files\Java\jre1.8.0_181\bin\api-ms-win-core-libraryloader-l1-1-0.dll
0x00000000030d0000 - 0x00000000030d3000 	C:\Program Files\Java\jre1.8.0_181\bin\api-ms-win-core-localization-l1-2-0.dll
0x00000000030e0000 - 0x00000000030e3000 	C:\Program Files\Java\jre1.8.0_181\bin\api-ms-win-core-memory-l1-1-0.dll
0x00000000030f0000 - 0x00000000030f3000 	C:\Program Files\Java\jre1.8.0_181\bin\api-ms-win-core-namedpipe-l1-1-0.dll
0x0000000003100000 - 0x0000000003103000 	C:\Program Files\Java\jre1.8.0_181\bin\api-ms-win-core-processenvironment-l1-1-0.dll
0x0000000003110000 - 0x0000000003113000 	C:\Program Files\Java\jre1.8.0_181\bin\api-ms-win-core-processthreads-l1-1-0.dll
0x0000000003120000 - 0x0000000003123000 	C:\Program Files\Java\jre1.8.0_181\bin\api-ms-win-core-processthreads-l1-1-1.dll
0x000000001e6f0000 - 0x000000001e6f3000 	C:\Program Files\Java\jre1.8.0_181\bin\api-ms-win-core-profile-l1-1-0.dll
0x000000001e700000 - 0x000000001e703000 	C:\Program Files\Java\jre1.8.0_181\bin\api-ms-win-core-rtlsupport-l1-1-0.dll
0x000000001e710000 - 0x000000001e713000 	C:\Program Files\Java\jre1.8.0_181\bin\api-ms-win-core-string-l1-1-0.dll
0x000000001e720000 - 0x000000001e723000 	C:\Program Files\Java\jre1.8.0_181\bin\api-ms-win-core-synch-l1-1-0.dll
0x000000001e730000 - 0x000000001e733000 	C:\Program Files\Java\jre1.8.0_181\bin\api-ms-win-core-synch-l1-2-0.dll
0x000000001e740000 - 0x000000001e743000 	C:\Program Files\Java\jre1.8.0_181\bin\api-ms-win-core-sysinfo-l1-1-0.dll
0x000000001e750000 - 0x000000001e753000 	C:\Program Files\Java\jre1.8.0_181\bin\api-ms-win-core-timezone-l1-1-0.dll
0x000000001e760000 - 0x000000001e763000 	C:\Program Files\Java\jre1.8.0_181\bin\api-ms-win-core-util-l1-1-0.dll
0x000000001e770000 - 0x000000001e773000 	C:\Program Files\Java\jre1.8.0_181\bin\api-ms-win-crt-conio-l1-1-0.dll
0x000000001e780000 - 0x000000001e784000 	C:\Program Files\Java\jre1.8.0_181\bin\api-ms-win-crt-convert-l1-1-0.dll
0x000000001e790000 - 0x000000001e793000 	C:\Program Files\Java\jre1.8.0_181\bin\api-ms-win-crt-environment-l1-1-0.dll
0x000000001e7a0000 - 0x000000001e7a3000 	C:\Program Files\Java\jre1.8.0_181\bin\api-ms-win-crt-filesystem-l1-1-0.dll
0x000000001e7b0000 - 0x000000001e7b3000 	C:\Program Files\Java\jre1.8.0_181\bin\api-ms-win-crt-heap-l1-1-0.dll
0x000000001e7c0000 - 0x000000001e7c3000 	C:\Program Files\Java\jre1.8.0_181\bin\api-ms-win-crt-locale-l1-1-0.dll
0x000000001e7d0000 - 0x000000001e7d5000 	C:\Program Files\Java\jre1.8.0_181\bin\api-ms-win-crt-math-l1-1-0.dll
0x000000001e7e0000 - 0x000000001e7e5000 	C:\Program Files\Java\jre1.8.0_181\bin\api-ms-win-crt-multibyte-l1-1-0.dll
0x000000001e7f0000 - 0x000000001e800000 	C:\Program Files\Java\jre1.8.0_181\bin\api-ms-win-crt-private-l1-1-0.dll
0x000000001e800000 - 0x000000001e803000 	C:\Program Files\Java\jre1.8.0_181\bin\api-ms-win-crt-process-l1-1-0.dll
0x000000001e810000 - 0x000000001e814000 	C:\Program Files\Java\jre1.8.0_181\bin\api-ms-win-crt-runtime-l1-1-0.dll
0x000000001e820000 - 0x000000001e824000 	C:\Program Files\Java\jre1.8.0_181\bin\api-ms-win-crt-stdio-l1-1-0.dll
0x000000001e830000 - 0x000000001e834000 	C:\Program Files\Java\jre1.8.0_181\bin\api-ms-win-crt-string-l1-1-0.dll
0x000000001e840000 - 0x000000001e843000 	C:\Program Files\Java\jre1.8.0_181\bin\api-ms-win-crt-time-l1-1-0.dll
0x000000001e850000 - 0x000000001e853000 	C:\Program Files\Java\jre1.8.0_181\bin\api-ms-win-crt-utility-l1-1-0.dll
0x00007ffe6d100000 - 0x00007ffe6d1f6000 	C:\Program Files\Java\jre1.8.0_181\bin\ucrtbase.dll
0x00007ffe8a600000 - 0x00007ffe8a616000 	C:\Program Files\Java\jre1.8.0_181\bin\vcruntime140.dll
0x00007ffe6d060000 - 0x00007ffe6d0fc000 	C:\Program Files\Java\jre1.8.0_181\bin\msvcp140.dll
0x00007ffe713c0000 - 0x00007ffe71411000 	C:\Program Files\Java\jre1.8.0_181\bin\concrt140.dll
0x000000006dc10000 - 0x000000006dc33000 	C:\Program Files\Java\jre1.8.0_181\bin\prism_d3d.dll
0x00007ffe48d60000 - 0x00007ffe48ef7000 	C:\Windows\system32\d3d9.dll
0x00007ffe8c7f0000 - 0x00007ffe8c819000 	C:\Windows\SYSTEM32\dwmapi.dll
0x00007ffe8c430000 - 0x00007ffe8c4c8000 	C:\Windows\system32\uxtheme.dll
0x00007ffe43550000 - 0x00007ffe48d5d000 	C:\Windows\System32\DriverStore\FileRepository\ki124769.inf_amd64_e5e7af49c5a8fe4b\igdumdim64.dll
0x00007ffe91c50000 - 0x00007ffe91d12000 	C:\Windows\System32\OLEAUT32.dll
0x00007ffe8ff90000 - 0x00007ffe900e1000 	C:\Windows\System32\ole32.dll
0x00007ffe903c0000 - 0x00007ffe9080b000 	C:\Windows\System32\SETUPAPI.dll
0x000000006dbc0000 - 0x000000006dc09000 	C:\Program Files\Java\jre1.8.0_181\bin\glass.dll
0x00007ffe90130000 - 0x00007ffe9021d000 	C:\Windows\System32\COMDLG32.dll
0x00007ffe92440000 - 0x00007ffe925b5000 	C:\Windows\System32\MSCTF.dll
0x00007ffe85dc0000 - 0x00007ffe86f1d000 	C:\Windows\System32\DriverStore\FileRepository\ki124769.inf_amd64_e5e7af49c5a8fe4b\igc64.dll
0x000000006dba0000 - 0x000000006dbb4000 	C:\Program Files\Java\jre1.8.0_181\bin\javafx_font.dll
0x00007ffe7edb0000 - 0x00007ffe7f0cc000 	C:\Windows\SYSTEM32\dwrite.dll
0x00007ffe8e840000 - 0x00007ffe8e857000 	C:\Windows\SYSTEM32\CRYPTSP.dll
0x00007ffe8e260000 - 0x00007ffe8e293000 	C:\Windows\system32\rsaenh.dll
0x00007ffe8e960000 - 0x00007ffe8e985000 	C:\Windows\SYSTEM32\bcrypt.dll
0x00007ffe8ed00000 - 0x00007ffe8ed28000 	C:\Windows\SYSTEM32\USERENV.dll
0x00007ffe8e830000 - 0x00007ffe8e83b000 	C:\Windows\SYSTEM32\CRYPTBASE.dll
0x000000006dd70000 - 0x000000006dd8a000 	C:\Program Files\Java\jre1.8.0_181\bin\net.dll
0x00007ffe8e680000 - 0x00007ffe8e6e6000 	C:\Windows\system32\mswsock.dll
0x00007ffe8e400000 - 0x00007ffe8e438000 	C:\Windows\SYSTEM32\IPHLPAPI.DLL
0x00007ffe8ff80000 - 0x00007ffe8ff88000 	C:\Windows\System32\NSI.dll
0x00007ffe873b0000 - 0x00007ffe873c6000 	C:\Windows\SYSTEM32\dhcpcsvc6.DLL
0x00007ffe86f40000 - 0x00007ffe86f5a000 	C:\Windows\SYSTEM32\dhcpcsvc.DLL
0x000000006dd50000 - 0x000000006dd61000 	C:\Program Files\Java\jre1.8.0_181\bin\nio.dll
0x000000006dd20000 - 0x000000006dd44000 	C:\Program Files\Java\jre1.8.0_181\bin\sunec.dll
0x000000006db90000 - 0x000000006db9b000 	C:\Program Files\Java\jre1.8.0_181\bin\sunmscapi.dll
0x00007ffe8f5f0000 - 0x00007ffe8f7d2000 	C:\Windows\System32\CRYPT32.dll
0x00007ffe8ee80000 - 0x00007ffe8ee92000 	C:\Windows\System32\MSASN1.dll
0x00007ffe8e450000 - 0x00007ffe8e50e000 	C:\Windows\SYSTEM32\DNSAPI.dll
0x00007ffe831b0000 - 0x00007ffe831ba000 	C:\Windows\System32\rasadhlp.dll
0x00007ffe82bc0000 - 0x00007ffe82c32000 	C:\Windows\System32\fwpuclnt.dll

VM Arguments:
jvm_args: -Dfile.encoding=Cp1252 
java_command: application.Main
java_class_path (initial): C:\Users\YNS(Nera)\workspace\CodeFest\bin;C:\Users\YNS(Nera)\.p2\pool\plugins\org.eclipse.fx.ide.css.jfx8_1.2.0.201501301049.jar;C:\Users\YNS(Nera)\Desktop\codefest\controlsfx-8.0.5.jar;C:\Users\YNS(Nera)\Desktop\codefest\jfoenix-1.7.0.jar;C:\Users\YNS(Nera)\Desktop\lib\firebase with java\commons-codec-1.3.jar;C:\Users\YNS(Nera)\Desktop\lib\firebase with java\commons-logging-1.1.1.jar;C:\Users\YNS(Nera)\Desktop\lib\firebase with java\firebase-admin-5.2.0.jar;C:\Users\YNS(Nera)\Desktop\lib\firebase with java\google-api-client-1.22.0.jar;C:\Users\YNS(Nera)\Desktop\lib\firebase with java\google-api-client-gson-1.22.0.jar;C:\Users\YNS(Nera)\Desktop\lib\firebase with java\google-http-client-1.22.0.jar;C:\Users\YNS(Nera)\Desktop\lib\firebase with java\google-http-client-gson-1.22.0.jar;C:\Users\YNS(Nera)\Desktop\lib\firebase with java\google-http-client-jackson2-1.22.0.jar;C:\Users\YNS(Nera)\Desktop\lib\firebase with java\google-oauth-client-1.22.0.jar;C:\Users\YNS(Nera)\Desktop\lib\firebase with java\gson-2.1.jar;C:\Users\YNS(Nera)\Desktop\lib\firebase with java\guava-20.0.jar;C:\Users\YNS(Nera)\Desktop\lib\firebase with java\httpclient-4.0.1.jar;C:\Users\YNS(Nera)\Desktop\lib\firebase with java\httpcore-4.0.1.jar;C:\Users\YNS(Nera)\Desktop\lib\firebase with java\jackson-core-2.1.3.jar;C:\Users\YNS(Nera)\Desktop\lib\firebase with java\json-20160810.jar;C:\Users\YNS(Nera)\Desktop\lib\firebase with java\jsr305-1.3.9.jar
Launcher Type: SUN_STANDARD

Environment Variables:
JAVA_HOME=C:\Program Files\Java\jdk1.8.0_181
JRE_HOME=C:\Program Files\Java\jre1.8.0_181
CLASSPATH=C:\Program Files\Java\jdk1.8.0_181\bin;C:\Program Files\Java\jre1.8.0_181;
PATH=C:/Program Files/Java/jre1.8.0_181/bin/server;C:/Program Files/Java/jre1.8.0_181/bin;C:/Program Files/Java/jre1.8.0_181/lib/amd64;C:\Program Files (x86)\Common Files\Oracle\Java\javapath;C:\Program Files\Anaconda3;C:\Program Files\Anaconda3\Library\mingw-w64\bin;C:\Program Files\Anaconda3\Library\usr\bin;C:\Program Files\Anaconda3\Library\bin;C:\Program Files\Anaconda3\Scripts;C:\Program Files\Microsoft MPI\Bin\;C:\oraclexe\app\oracle\product\11.2.0\server\bin;C:\Windows\system32;C:\Windows;C:\Windows\System32\Wbem;C:\Windows\System32\WindowsPowerShell\v1.0\;C:\Windows\System32\OpenSSH\;C:\Program Files\Java\jdk1.8.0_181\bin;C:\Program Files\Java\jre1.8.0_181\bin;C:\Program Files\nodejs\;C:\Program Files (x86)\Microsoft SQL Server\130\Tools\Binn\;C:\Program Files\Microsoft SQL Server\130\Tools\Binn\;C:\Program Files (x86)\Microsoft SQL Server\130\DTS\Binn\;C:\Program Files\Microsoft SQL Server\130\DTS\Binn\;C:\Program Files\Microsoft SQL Server\Client SDK\ODBC\130\Tools\Binn\;C:\Program Files (x86)\Microsoft SQL Server\Client SDK\ODBC\130\Tools\Binn\;C:\Program Files (x86)\Microsoft SQL Server\140\Tools\Binn\;C:\Program Files (x86)\Microsoft SQL Server\140\DTS\Binn\;C:\Program Files (x86)\Microsoft SQL Server\140\Tools\Binn\ManagementStudio\;C:\Program Files (x86)\Microsoft SQL Server\110\DTS\Binn\;C:\Program Files (x86)\Microsof;C:\Program Files\PuTTY\;C:\Program Files\Git\cmd;C:\Users\YNS(Nera)\Miniconda3;C:\Users\YNS(Nera)\Miniconda3\Library\mingw-w64\bin;C:\Users\YNS(Nera)\Miniconda3\Library\usr\bin;C:\Users\YNS(Nera)\Miniconda3\Library\bin;C:\Users\YNS(Nera)\Miniconda3\Scripts;C:\Users\YNS(Nera)\AppData\Local\Programs\Python\Python36-32\Scripts\;C:\Users\YNS(Nera)\AppData\Local\Programs\Python\Python36-32\;C:\Users\YNS(Nera)\AppData\Local\Microsoft\WindowsApps;C:\Program Files (x86)\Microsoft VS Code\bin;C:\Users\YNS(Nera)\AppData\Roaming\npm;C:\Users\YNS(Nera)\AppData\Local\GitHubDesktop\bin;;C:\Users\YNS(Nera)\Desktop;
USERNAME=YNS(Nera)
OS=Windows_NT
PROCESSOR_IDENTIFIER=Intel64 Family 6 Model 78 Stepping 3, GenuineIntel



---------------  S Y S T E M  ---------------

OS: Windows 10.0 , 64 bit Build 17134 (10.0.17134.1)

CPU:total 4 (initial active 4) (2 cores per cpu, 2 threads per core) family 6 model 78 stepping 3, cmov, cx8, fxsr, mmx, sse, sse2, sse3, ssse3, sse4.1, sse4.2, popcnt, avx, avx2, aes, clmul, erms, 3dnowpref, lzcnt, ht, tsc, tscinvbit, bmi1, bmi2, adx

Memory: 4k page, physical 16612200k(4993360k free), swap 27015544k(680k free)

vm_info: Java HotSpot(TM) 64-Bit Server VM (25.181-b13) for windows-amd64 JRE (1.8.0_181-b13), built on Jul  7 2018 04:01:33 by "java_re" with MS VC++ 10.0 (VS2010)

time: Wed Sep 19 18:51:08 2018
elapsed time: 2660 seconds (0d 0h 44m 20s)

