#
# There is insufficient memory for the Java Runtime Environment to continue.
# Native memory allocation (malloc) failed to allocate 32744 bytes for ChunkPool::allocate
# Possible reasons:
#   The system is out of physical RAM or swap space
#   In 32 bit mode, the process size limit was hit
# Possible solutions:
#   Reduce memory load on the system
#   Increase physical memory or swap space
#   Check if swap backing store is full
#   Use 64 bit Java on a 64 bit OS
#   Decrease Java heap size (-Xmx/-Xms)
#   Decrease number of Java threads
#   Decrease Java thread stack sizes (-Xss)
#   Set larger code cache with -XX:ReservedCodeCacheSize=
# This output file may be truncated or incomplete.
#
#  Out of Memory Error (allocation.cpp:273), pid=2400, tid=0x0000000000002c2c
#
# JRE version: Java(TM) SE Runtime Environment (8.0_181-b13) (build 1.8.0_181-b13)
# Java VM: Java HotSpot(TM) 64-Bit Server VM (25.181-b13 mixed mode windows-amd64 compressed oops)
# Failed to write core dump. Minidumps are not enabled by default on client versions of Windows
#

---------------  T H R E A D  ---------------

Current thread (0x000000001c462800):  JavaThread "C2 CompilerThread1" daemon [_thread_in_native, id=11308, stack(0x000000001dbb0000,0x000000001dcb0000)]

Stack: [0x000000001dbb0000,0x000000001dcb0000]
[error occurred during error reporting (printing stack bounds), id 0xc0000005]

Native frames: (J=compiled Java code, j=interpreted, Vv=VM code, C=native code)


Current CompileTask:
C2:3528445 6252       4       java.util.Calendar$Builder::build (635 bytes)


---------------  P R O C E S S  ---------------

Java Threads: ( => current thread )
  0x000000001ed01000 JavaThread "DestroyJavaVM" [_thread_blocked, id=14424, stack(0x0000000002cc0000,0x0000000002dc0000)]
  0x000000001ed04800 JavaThread "FirebaseDatabaseEventTarget" daemon [_thread_in_native, id=5780, stack(0x00000000274a0000,0x00000000275a0000)]
  0x000000001ed00000 JavaThread "TubeSockWriter-1" [_thread_blocked, id=6932, stack(0x00000000273a0000,0x00000000274a0000)]
  0x000000001ed04000 JavaThread "TubeSockReader-1" [_thread_in_native, id=13288, stack(0x00000000272a0000,0x00000000273a0000)]
  0x000000001ed03000 JavaThread "pool-6-thread-1" [_thread_blocked, id=13104, stack(0x00000000271a0000,0x00000000272a0000)]
  0x000000001ecf7000 JavaThread "FirebaseDatabaseWorker" daemon [_thread_blocked, id=15060, stack(0x00000000258d0000,0x00000000259d0000)]
  0x000000001ecb7000 JavaThread "Prism Font Disposer" daemon [_thread_blocked, id=12732, stack(0x00000000255d0000,0x00000000256d0000)]
  0x000000001e762800 JavaThread "Thread-3" daemon [_thread_in_native, id=5912, stack(0x0000000023cd0000,0x0000000023dd0000)]
  0x000000001e70b000 JavaThread "Thread-1" daemon [_thread_blocked, id=9696, stack(0x000000001f200000,0x000000001f300000)]
  0x000000001c4be000 JavaThread "Service Thread" daemon [_thread_blocked, id=4460, stack(0x000000001e1b0000,0x000000001e2b0000)]
  0x000000001c46b000 JavaThread "C1 CompilerThread2" daemon [_thread_blocked, id=6724, stack(0x000000001dcb0000,0x000000001ddb0000)]
=>0x000000001c462800 JavaThread "C2 CompilerThread1" daemon [_thread_in_native, id=11308, stack(0x000000001dbb0000,0x000000001dcb0000)]
  0x000000001c45f800 JavaThread "C2 CompilerThread0" daemon [_thread_in_native, id=6292, stack(0x000000001dab0000,0x000000001dbb0000)]
  0x000000001c469800 JavaThread "Attach Listener" daemon [_thread_blocked, id=13988, stack(0x000000001d9b0000,0x000000001dab0000)]
  0x000000001c468800 JavaThread "Signal Dispatcher" daemon [_thread_blocked, id=6428, stack(0x000000001d8b0000,0x000000001d9b0000)]
  0x000000001c44a800 JavaThread "Finalizer" daemon [_thread_blocked, id=3336, stack(0x000000001d6c0000,0x000000001d7c0000)]
  0x000000001c429000 JavaThread "Reference Handler" daemon [_thread_blocked, id=13844, stack(0x000000001d5c0000,0x000000001d6c0000)]

Other Threads:
  0x000000001c428000 VMThread [stack: 0x000000001d4c0000,0x000000001d5c0000] [id=14604]
  0x000000001ddfb800 WatcherThread [stack: 0x000000001e2b0000,0x000000001e3b0000] [id=13260]

VM state:not at safepoint (normal execution)

VM Mutex/Monitor currently owned by a thread: None

Heap:
 PSYoungGen      total 152576K, used 116411K [0x000000076b800000, 0x0000000776780000, 0x00000007c0000000)
  eden space 133632K, 84% used [0x000000076b800000,0x0000000772637180,0x0000000773a80000)
  from space 18944K, 18% used [0x0000000775500000,0x0000000775877d18,0x0000000776780000)
  to   space 23040K, 0% used [0x0000000773a80000,0x0000000773a80000,0x0000000775100000)
 ParOldGen       total 167424K, used 60201K [0x00000006c2800000, 0x00000006ccb80000, 0x000000076b800000)
  object space 167424K, 35% used [0x00000006c2800000,0x00000006c62ca760,0x00000006ccb80000)
 Metaspace       used 28480K, capacity 29735K, committed 29824K, reserved 1075200K
  class space    used 3867K, capacity 4154K, committed 4224K, reserved 1048576K

Card table byte_map: [0x0000000012280000,0x0000000012a70000] byte_map_base: 0x000000000ec6c000

Marking Bits: (ParMarkBitMap*) 0x000000006e612d00
 Begin Bits: [0x00000000133c0000, 0x0000000017320000)
 End Bits:   [0x0000000017320000, 0x000000001b280000)

Polling page: 0x0000000001510000

CodeCache: size=245760Kb used=16052Kb max_used=18339Kb free=229707Kb
 bounds [0x0000000002ec0000, 0x00000000040c0000, 0x0000000011ec0000]
 total_blobs=5957 nmethods=5160 adapters=708
 compilation: enabled

Compilation events (10 events):
Event: 3526.930 Thread 0x000000001c45f800 6247       4       javafx.beans.property.DoublePropertyBase::isBound (13 bytes)
Event: 3526.931 Thread 0x000000001c45f800 nmethod 6247 0x00000000037e0910 code [0x00000000037e0a40, 0x00000000037e0ab8]
Event: 3526.931 Thread 0x000000001c46b000 6248       3       com.sun.javafx.scene.control.skin.TreeTableRowSkin$StyleableProperties$1::getStyleableProperty (9 bytes)
Event: 3526.932 Thread 0x000000001c46b000 nmethod 6248 0x000000000351f810 code [0x000000000351fa20, 0x0000000003520658]
Event: 3527.297 Thread 0x000000001c46b000 6249       1       java.io.OutputStream::flush (1 bytes)
Event: 3527.297 Thread 0x000000001c46b000 nmethod 6249 0x00000000037f0190 code [0x00000000037f02e0, 0x00000000037f03f0]
Event: 3527.303 Thread 0x000000001c462800 6250       4       java.util.Locale::getUnicodeLocaleType (54 bytes)
Event: 3527.304 Thread 0x000000001c45f800 6251       4       java.util.Formatter$FormatSpecifier::print (1536 bytes)
Event: 3527.308 Thread 0x000000001c462800 nmethod 6250 0x0000000003a9c0d0 code [0x0000000003a9c220, 0x0000000003a9c4f8]
Event: 3527.309 Thread 0x000000001c462800 6252       4       java.util.Calendar$Builder::build (635 bytes)

GC Heap History (10 events):
Event: 189.894 GC heap before
{Heap before GC invocations=7 (full 1):
 PSYoungGen      total 74752K, used 74731K [0x000000076b800000, 0x0000000773800000, 0x00000007c0000000)
  eden space 64000K, 100% used [0x000000076b800000,0x000000076f680000,0x000000076f680000)
  from space 10752K, 99% used [0x0000000772c00000,0x000000077367af08,0x0000000773680000)
  to   space 1536K, 0% used [0x0000000773680000,0x0000000773680000,0x0000000773800000)
 ParOldGen       total 167424K, used 45673K [0x00000006c2800000, 0x00000006ccb80000, 0x000000076b800000)
  object space 167424K, 27% used [0x00000006c2800000,0x00000006c549a540,0x00000006ccb80000)
 Metaspace       used 28282K, capacity 29527K, committed 29824K, reserved 1075200K
  class space    used 3864K, capacity 4152K, committed 4224K, reserved 1048576K
Event: 189.906 GC heap after
Heap after GC invocations=7 (full 1):
 PSYoungGen      total 64512K, used 1521K [0x000000076b800000, 0x0000000773800000, 0x00000007c0000000)
  eden space 62976K, 0% used [0x000000076b800000,0x000000076b800000,0x000000076f580000)
  from space 1536K, 99% used [0x0000000773680000,0x00000007737fc650,0x0000000773800000)
  to   space 23040K, 0% used [0x0000000770b00000,0x0000000770b00000,0x0000000772180000)
 ParOldGen       total 167424K, used 56145K [0x00000006c2800000, 0x00000006ccb80000, 0x000000076b800000)
  object space 167424K, 33% used [0x00000006c2800000,0x00000006c5ed4680,0x00000006ccb80000)
 Metaspace       used 28282K, capacity 29527K, committed 29824K, reserved 1075200K
  class space    used 3864K, capacity 4152K, committed 4224K, reserved 1048576K
}
Event: 192.852 GC heap before
{Heap before GC invocations=8 (full 1):
 PSYoungGen      total 64512K, used 64497K [0x000000076b800000, 0x0000000773800000, 0x00000007c0000000)
  eden space 62976K, 100% used [0x000000076b800000,0x000000076f580000,0x000000076f580000)
  from space 1536K, 99% used [0x0000000773680000,0x00000007737fc650,0x0000000773800000)
  to   space 23040K, 0% used [0x0000000770b00000,0x0000000770b00000,0x0000000772180000)
 ParOldGen       total 167424K, used 56145K [0x00000006c2800000, 0x00000006ccb80000, 0x000000076b800000)
  object space 167424K, 33% used [0x00000006c2800000,0x00000006c5ed4680,0x00000006ccb80000)
 Metaspace       used 28311K, capacity 29527K, committed 29824K, reserved 1075200K
  class space    used 3864K, capacity 4152K, committed 4224K, reserved 1048576K
Event: 192.930 GC heap after
Heap after GC invocations=8 (full 1):
 PSYoungGen      total 108032K, used 2890K [0x000000076b800000, 0x0000000774600000, 0x00000007c0000000)
  eden space 84992K, 0% used [0x000000076b800000,0x000000076b800000,0x0000000770b00000)
  from space 23040K, 12% used [0x0000000770b00000,0x0000000770dd2968,0x0000000772180000)
  to   space 24064K, 0% used [0x0000000772e80000,0x0000000772e80000,0x0000000774600000)
 ParOldGen       total 167424K, used 56145K [0x00000006c2800000, 0x00000006ccb80000, 0x000000076b800000)
  object space 167424K, 33% used [0x00000006c2800000,0x00000006c5ed4680,0x00000006ccb80000)
 Metaspace       used 28311K, capacity 29527K, committed 29824K, reserved 1075200K
  class space    used 3864K, capacity 4152K, committed 4224K, reserved 1048576K
}
Event: 195.948 GC heap before
{Heap before GC invocations=9 (full 1):
 PSYoungGen      total 108032K, used 87882K [0x000000076b800000, 0x0000000774600000, 0x00000007c0000000)
  eden space 84992K, 100% used [0x000000076b800000,0x0000000770b00000,0x0000000770b00000)
  from space 23040K, 12% used [0x0000000770b00000,0x0000000770dd2968,0x0000000772180000)
  to   space 24064K, 0% used [0x0000000772e80000,0x0000000772e80000,0x0000000774600000)
 ParOldGen       total 167424K, used 56145K [0x00000006c2800000, 0x00000006ccb80000, 0x000000076b800000)
  object space 167424K, 33% used [0x00000006c2800000,0x00000006c5ed4680,0x00000006ccb80000)
 Metaspace       used 28348K, capacity 29597K, committed 29824K, reserved 1075200K
  class space    used 3865K, capacity 4153K, committed 4224K, reserved 1048576K
Event: 196.052 GC heap after
Heap after GC invocations=9 (full 1):
 PSYoungGen      total 121344K, used 3519K [0x000000076b800000, 0x0000000776f80000, 0x00000007c0000000)
  eden space 97280K, 0% used [0x000000076b800000,0x000000076b800000,0x0000000771700000)
  from space 24064K, 14% used [0x0000000772e80000,0x00000007731efe18,0x0000000774600000)
  to   space 24064K, 0% used [0x0000000771700000,0x0000000771700000,0x0000000772e80000)
 ParOldGen       total 167424K, used 57017K [0x00000006c2800000, 0x00000006ccb80000, 0x000000076b800000)
  object space 167424K, 34% used [0x00000006c2800000,0x00000006c5fae760,0x00000006ccb80000)
 Metaspace       used 28348K, capacity 29597K, committed 29824K, reserved 1075200K
  class space    used 3865K, capacity 4153K, committed 4224K, reserved 1048576K
}
Event: 198.711 GC heap before
{Heap before GC invocations=10 (full 1):
 PSYoungGen      total 121344K, used 100799K [0x000000076b800000, 0x0000000776f80000, 0x00000007c0000000)
  eden space 97280K, 100% used [0x000000076b800000,0x0000000771700000,0x0000000771700000)
  from space 24064K, 14% used [0x0000000772e80000,0x00000007731efe18,0x0000000774600000)
  to   space 24064K, 0% used [0x0000000771700000,0x0000000771700000,0x0000000772e80000)
 ParOldGen       total 167424K, used 57017K [0x00000006c2800000, 0x00000006ccb80000, 0x000000076b800000)
  object space 167424K, 34% used [0x00000006c2800000,0x00000006c5fae760,0x00000006ccb80000)
 Metaspace       used 28402K, capacity 29661K, committed 29824K, reserved 1075200K
  class space    used 3865K, capacity 4153K, committed 4224K, reserved 1048576K
Event: 198.797 GC heap after
Heap after GC invocations=10 (full 1):
 PSYoungGen      total 121344K, used 4447K [0x000000076b800000, 0x0000000776c00000, 0x00000007c0000000)
  eden space 97280K, 0% used [0x000000076b800000,0x000000076b800000,0x0000000771700000)
  from space 24064K, 18% used [0x0000000771700000,0x0000000771b57e18,0x0000000772e80000)
  to   space 23552K, 0% used [0x0000000775500000,0x0000000775500000,0x0000000776c00000)
 ParOldGen       total 167424K, used 57577K [0x00000006c2800000, 0x00000006ccb80000, 0x000000076b800000)
  object space 167424K, 34% used [0x00000006c2800000,0x00000006c603a760,0x00000006ccb80000)
 Metaspace       used 28402K, capacity 29661K, committed 29824K, reserved 1075200K
  class space    used 3865K, capacity 4153K, committed 4224K, reserved 1048576K
}
Event: 3519.011 GC heap before
{Heap before GC invocations=11 (full 1):
 PSYoungGen      total 121344K, used 101727K [0x000000076b800000, 0x0000000776c00000, 0x00000007c0000000)
  eden space 97280K, 100% used [0x000000076b800000,0x0000000771700000,0x0000000771700000)
  from space 24064K, 18% used [0x0000000771700000,0x0000000771b57e18,0x0000000772e80000)
  to   space 23552K, 0% used [0x0000000775500000,0x0000000775500000,0x0000000776c00000)
 ParOldGen       total 167424K, used 57577K [0x00000006c2800000, 0x00000006ccb80000, 0x000000076b800000)
  object space 167424K, 34% used [0x00000006c2800000,0x00000006c603a760,0x00000006ccb80000)
 Metaspace       used 28456K, capacity 29735K, committed 29824K, reserved 1075200K
  class space    used 3866K, capacity 4154K, committed 4224K, reserved 1048576K
Event: 3520.340 GC heap after
Heap after GC invocations=11 (full 1):
 PSYoungGen      total 152576K, used 3551K [0x000000076b800000, 0x0000000776780000, 0x00000007c0000000)
  eden space 133632K, 0% used [0x000000076b800000,0x000000076b800000,0x0000000773a80000)
  from space 18944K, 18% used [0x0000000775500000,0x0000000775877d18,0x0000000776780000)
  to   space 23040K, 0% used [0x0000000773a80000,0x0000000773a80000,0x0000000775100000)
 ParOldGen       total 167424K, used 60201K [0x00000006c2800000, 0x00000006ccb80000, 0x000000076b800000)
  object space 167424K, 35% used [0x00000006c2800000,0x00000006c62ca760,0x00000006ccb80000)
 Metaspace       used 28456K, capacity 29735K, committed 29824K, reserved 1075200K
  class space    used 3866K, capacity 4154K, committed 4224K, reserved 1048576K
}

Deoptimization events (10 events):
Event: 185.264 Thread 0x000000001ed04800 Uncommon trap: reason=class_check action=maybe_recompile pc=0x00000000034e2118 method=javafx.scene.Parent.scenesChanged(Ljavafx/scene/Scene;Ljavafx/scene/SubScene;Ljavafx/scene/Scene;Ljavafx/scene/SubScene;)V @ 59
Event: 185.264 Thread 0x000000001ed04800 Uncommon trap: reason=class_check action=maybe_recompile pc=0x00000000034e2118 method=javafx.scene.Parent.scenesChanged(Ljavafx/scene/Scene;Ljavafx/scene/SubScene;Ljavafx/scene/Scene;Ljavafx/scene/SubScene;)V @ 59
Event: 185.264 Thread 0x000000001ed04800 Uncommon trap: reason=class_check action=maybe_recompile pc=0x00000000034e2118 method=javafx.scene.Parent.scenesChanged(Ljavafx/scene/Scene;Ljavafx/scene/SubScene;Ljavafx/scene/Scene;Ljavafx/scene/SubScene;)V @ 59
Event: 186.561 Thread 0x000000001ed04800 Uncommon trap: reason=unstable_if action=reinterpret pc=0x0000000003f13560 method=javafx.scene.Parent$1.onChanged(Ljavafx/collections/ListChangeListener$Change;)V @ 338
Event: 3302.492 Thread 0x000000001ed01800 Uncommon trap: reason=bimorphic action=maybe_recompile pc=0x0000000003f4f2f0 method=java.util.regex.Pattern$GroupTail.match(Ljava/util/regex/Matcher;ILjava/lang/CharSequence;)Z @ 70
Event: 3302.492 Thread 0x000000001ed01800 Uncommon trap: reason=bimorphic action=maybe_recompile pc=0x0000000003f4f2f0 method=java.util.regex.Pattern$GroupTail.match(Ljava/util/regex/Matcher;ILjava/lang/CharSequence;)Z @ 70
Event: 3302.492 Thread 0x000000001ed01800 Uncommon trap: reason=bimorphic action=maybe_recompile pc=0x0000000003f4f3f0 method=java.util.regex.Pattern$BranchConn.match(Ljava/util/regex/Matcher;ILjava/lang/CharSequence;)Z @ 7
Event: 3302.492 Thread 0x000000001ed01800 Uncommon trap: reason=bimorphic action=maybe_recompile pc=0x0000000003f4f2f0 method=java.util.regex.Pattern$GroupTail.match(Ljava/util/regex/Matcher;ILjava/lang/CharSequence;)Z @ 70
Event: 3303.132 Thread 0x000000001ed01800 Uncommon trap: reason=bimorphic action=maybe_recompile pc=0x0000000003f4f2f0 method=java.util.regex.Pattern$GroupTail.match(Ljava/util/regex/Matcher;ILjava/lang/CharSequence;)Z @ 70
Event: 3520.397 Thread 0x000000001ed04800 Uncommon trap: reason=unstable_if action=reinterpret pc=0x0000000003a78ff4 method=java.util.Formatter$FormatSpecifier.localizedMagnitude(Ljava/lang/StringBuilder;[CLjava/util/Formatter$Flags;ILjava/util/Locale;)Ljava/lang/StringBuilder; @ 307

Classes redefined (0 events):
No events

Internal exceptions (10 events):
Event: 3527.302 Thread 0x000000001ed04800 Exception <a 'java/lang/ClassCastException': java.lang.String cannot be cast to javafx.scene.paint.Paint> (0x0000000772378ae8) thrown at [C:\re\workspace\8-2-build-windows-amd64-cygwin\jdk8u181\11358\hotspot\src\share\vm\interpreter\interpreterRuntime.cpp
Event: 3527.303 Thread 0x000000001ed04800 Exception <a 'java/lang/ClassCastException'> (0x000000077238ff50) thrown at [C:\re\workspace\8-2-build-windows-amd64-cygwin\jdk8u181\11358\hotspot\src\share\vm\runtime\sharedRuntime.cpp, line 605]
Event: 3527.303 Thread 0x000000001ed04800 Exception <a 'java/lang/ClassCastException'> (0x000000077239fbe0) thrown at [C:\re\workspace\8-2-build-windows-amd64-cygwin\jdk8u181\11358\hotspot\src\share\vm\runtime\sharedRuntime.cpp, line 605]
Event: 3527.303 Thread 0x000000001ed04800 Exception <a 'java/lang/ClassCastException'> (0x00000007723af898) thrown at [C:\re\workspace\8-2-build-windows-amd64-cygwin\jdk8u181\11358\hotspot\src\share\vm\runtime\sharedRuntime.cpp, line 605]
Event: 3527.304 Thread 0x000000001ed04800 Exception <a 'java/lang/ClassCastException'> (0x00000007723bf548) thrown at [C:\re\workspace\8-2-build-windows-amd64-cygwin\jdk8u181\11358\hotspot\src\share\vm\runtime\sharedRuntime.cpp, line 605]
Event: 3527.305 Thread 0x000000001ed04800 Exception <a 'java/lang/ClassCastException'> (0x00000007723cf2c8) thrown at [C:\re\workspace\8-2-build-windows-amd64-cygwin\jdk8u181\11358\hotspot\src\share\vm\runtime\sharedRuntime.cpp, line 605]
Event: 3527.305 Thread 0x000000001ed04800 Exception <a 'java/lang/ClassCastException'> (0x00000007723defa8) thrown at [C:\re\workspace\8-2-build-windows-amd64-cygwin\jdk8u181\11358\hotspot\src\share\vm\runtime\sharedRuntime.cpp, line 605]
Event: 3527.309 Thread 0x000000001ed04800 Exception <a 'java/lang/ClassCastException'> (0x00000007724517c8) thrown at [C:\re\workspace\8-2-build-windows-amd64-cygwin\jdk8u181\11358\hotspot\src\share\vm\runtime\sharedRuntime.cpp, line 605]
Event: 3527.309 Thread 0x000000001ed04800 Exception <a 'java/lang/ClassCastException': java.lang.String cannot be cast to javafx.scene.paint.Paint> (0x000000077245b5f0) thrown at [C:\re\workspace\8-2-build-windows-amd64-cygwin\jdk8u181\11358\hotspot\src\share\vm\interpreter\interpreterRuntime.cpp
Event: 3527.310 Thread 0x000000001ed04800 Exception <a 'java/lang/ClassCastException'> (0x0000000772472ba0) thrown at [C:\re\workspace\8-2-build-windows-amd64-cygwin\jdk8u181\11358\hotspot\src\share\vm\runtime\sharedRuntime.cpp, line 605]

Events (10 events):
Event: 3520.397 Thread 0x000000001ed04800 DEOPT PACKING pc=0x0000000003a78ff4 sp=0x000000002759db20
Event: 3520.398 Thread 0x000000001ed04800 DEOPT UNPACKING pc=0x0000000002f0583b sp=0x000000002759dad8 mode 2
Event: 3520.792 Thread 0x000000001c462800 flushing nmethod 0x00000000037beb10
Event: 3520.792 Thread 0x000000001c462800 flushing nmethod 0x00000000037e23d0
Event: 3520.792 Thread 0x000000001c462800 flushing nmethod 0x00000000037e2a90
Event: 3520.792 Thread 0x000000001c462800 flushing nmethod 0x00000000037ff510
Event: 3520.862 Thread 0x000000001c45f800 flushing nmethod 0x00000000039c6d90
Event: 3521.308 Thread 0x000000001c462800 flushing nmethod 0x0000000003fcb810
Event: 3525.420 loading class com/sun/javafx/event/CompositeEventHandler$1
Event: 3525.420 loading class com/sun/javafx/event/CompositeEventHandler$1 done


Dynamic libraries:
0x00007ff6455f0000 - 0x00007ff645627000 	C:\Program Files\Java\jre1.8.0_181\bin\javaw.exe
0x00007ffe92af0000 - 0x00007ffe92cd1000 	C:\Windows\SYSTEM32\ntdll.dll
0x00007ffe91d20000 - 0x00007ffe91dd2000 	C:\Windows\System32\KERNEL32.DLL
0x00007ffe8f980000 - 0x00007ffe8fbf3000 	C:\Windows\System32\KERNELBASE.dll
0x00007ffe92a10000 - 0x00007ffe92ab1000 	C:\Windows\System32\ADVAPI32.dll
0x00007ffe91df0000 - 0x00007ffe91e8e000 	C:\Windows\System32\msvcrt.dll
0x00007ffe925c0000 - 0x00007ffe9261b000 	C:\Windows\System32\sechost.dll
0x00007ffe927d0000 - 0x00007ffe928f4000 	C:\Windows\System32\RPCRT4.dll
0x00007ffe92250000 - 0x00007ffe923e0000 	C:\Windows\System32\USER32.dll
0x00007ffe8f5d0000 - 0x00007ffe8f5f0000 	C:\Windows\System32\win32u.dll
0x00007ffe91e90000 - 0x00007ffe91eb8000 	C:\Windows\System32\GDI32.dll
0x00007ffe8f7e0000 - 0x00007ffe8f972000 	C:\Windows\System32\gdi32full.dll
0x00007ffe8fee0000 - 0x00007ffe8ff7f000 	C:\Windows\System32\msvcp_win.dll
0x00007ffe8fc00000 - 0x00007ffe8fcfa000 	C:\Windows\System32\ucrtbase.dll
0x00007ffe81660000 - 0x00007ffe818c9000 	C:\Windows\WinSxS\amd64_microsoft.windows.common-controls_6595b64144ccf1df_6.0.17134.285_none_fb4297e330656775\COMCTL32.dll
0x00007ffe91f20000 - 0x00007ffe92243000 	C:\Windows\System32\combase.dll
0x00007ffe8fd00000 - 0x00007ffe8fd7a000 	C:\Windows\System32\bcryptPrimitives.dll
0x00007ffe900f0000 - 0x00007ffe9011d000 	C:\Windows\System32\IMM32.DLL
0x000000006dc40000 - 0x000000006dd12000 	C:\Program Files\Java\jre1.8.0_181\bin\msvcr100.dll
0x000000006ddf0000 - 0x000000006e692000 	C:\Program Files\Java\jre1.8.0_181\bin\server\jvm.dll
0x00007ffe90120000 - 0x00007ffe90128000 	C:\Windows\System32\PSAPI.DLL
0x00007ffe8da00000 - 0x00007ffe8da09000 	C:\Windows\SYSTEM32\WSOCK32.dll
0x00007ffe92620000 - 0x00007ffe9268c000 	C:\Windows\System32\WS2_32.dll
0x00007ffe8a650000 - 0x00007ffe8a673000 	C:\Windows\SYSTEM32\WINMM.dll
0x00007ffe85830000 - 0x00007ffe8583a000 	C:\Windows\SYSTEM32\VERSION.dll
0x00007ffe8a620000 - 0x00007ffe8a64a000 	C:\Windows\SYSTEM32\WINMMBASE.dll
0x00007ffe8fe90000 - 0x00007ffe8fed9000 	C:\Windows\System32\cfgmgr32.dll
0x000000006dde0000 - 0x000000006ddef000 	C:\Program Files\Java\jre1.8.0_181\bin\verify.dll
0x000000006ddb0000 - 0x000000006ddd9000 	C:\Program Files\Java\jre1.8.0_181\bin\java.dll
0x000000006dd90000 - 0x000000006dda6000 	C:\Program Files\Java\jre1.8.0_181\bin\zip.dll
0x00007ffe90810000 - 0x00007ffe91c50000 	C:\Windows\System32\SHELL32.dll
0x00007ffe92960000 - 0x00007ffe92a09000 	C:\Windows\System32\shcore.dll
0x00007ffe8eec0000 - 0x00007ffe8f5cd000 	C:\Windows\System32\windows.storage.dll
0x00007ffe92900000 - 0x00007ffe92951000 	C:\Windows\System32\shlwapi.dll
0x00007ffe8ee50000 - 0x00007ffe8ee61000 	C:\Windows\System32\kernel.appcore.dll
0x00007ffe8eea0000 - 0x00007ffe8eebf000 	C:\Windows\System32\profapi.dll
0x00007ffe8ee00000 - 0x00007ffe8ee4c000 	C:\Windows\System32\powrprof.dll
0x00007ffe8ee70000 - 0x00007ffe8ee7a000 	C:\Windows\System32\FLTLIB.DLL
0x0000000002c80000 - 0x0000000002c83000 	C:\Program Files\Java\jre1.8.0_181\bin\api-ms-win-core-console-l1-1-0.dll
0x0000000002c90000 - 0x0000000002c93000 	C:\Program Files\Java\jre1.8.0_181\bin\api-ms-win-core-datetime-l1-1-0.dll
0x0000000002ca0000 - 0x0000000002ca3000 	C:\Program Files\Java\jre1.8.0_181\bin\api-ms-win-core-debug-l1-1-0.dll
0x000000001e3b0000 - 0x000000001e3b3000 	C:\Program Files\Java\jre1.8.0_181\bin\api-ms-win-core-errorhandling-l1-1-0.dll
0x000000001e3c0000 - 0x000000001e3c4000 	C:\Program Files\Java\jre1.8.0_181\bin\api-ms-win-core-file-l1-1-0.dll
0x000000001e3d0000 - 0x000000001e3d3000 	C:\Program Files\Java\jre1.8.0_181\bin\api-ms-win-core-file-l1-2-0.dll
0x000000001e3e0000 - 0x000000001e3e3000 	C:\Program Files\Java\jre1.8.0_181\bin\api-ms-win-core-file-l2-1-0.dll
0x000000001e3f0000 - 0x000000001e3f3000 	C:\Program Files\Java\jre1.8.0_181\bin\api-ms-win-core-handle-l1-1-0.dll
0x000000001e400000 - 0x000000001e403000 	C:\Program Files\Java\jre1.8.0_181\bin\api-ms-win-core-heap-l1-1-0.dll
0x000000001e410000 - 0x000000001e413000 	C:\Program Files\Java\jre1.8.0_181\bin\api-ms-win-core-interlocked-l1-1-0.dll
0x000000001e420000 - 0x000000001e423000 	C:\Program Files\Java\jre1.8.0_181\bin\api-ms-win-core-libraryloader-l1-1-0.dll
0x000000001e430000 - 0x000000001e433000 	C:\Program Files\Java\jre1.8.0_181\bin\api-ms-win-core-localization-l1-2-0.dll
0x000000001e440000 - 0x000000001e443000 	C:\Program Files\Java\jre1.8.0_181\bin\api-ms-win-core-memory-l1-1-0.dll
0x000000001e450000 - 0x000000001e453000 	C:\Program Files\Java\jre1.8.0_181\bin\api-ms-win-core-namedpipe-l1-1-0.dll
0x000000001e460000 - 0x000000001e463000 	C:\Program Files\Java\jre1.8.0_181\bin\api-ms-win-core-processenvironment-l1-1-0.dll
0x000000001e470000 - 0x000000001e473000 	C:\Program Files\Java\jre1.8.0_181\bin\api-ms-win-core-processthreads-l1-1-0.dll
0x000000001e480000 - 0x000000001e483000 	C:\Program Files\Java\jre1.8.0_181\bin\api-ms-win-core-processthreads-l1-1-1.dll
0x000000001e490000 - 0x000000001e493000 	C:\Program Files\Java\jre1.8.0_181\bin\api-ms-win-core-profile-l1-1-0.dll
0x000000001e4a0000 - 0x000000001e4a3000 	C:\Program Files\Java\jre1.8.0_181\bin\api-ms-win-core-rtlsupport-l1-1-0.dll
0x000000001e4b0000 - 0x000000001e4b3000 	C:\Program Files\Java\jre1.8.0_181\bin\api-ms-win-core-string-l1-1-0.dll
0x000000001e4c0000 - 0x000000001e4c3000 	C:\Program Files\Java\jre1.8.0_181\bin\api-ms-win-core-synch-l1-1-0.dll
0x000000001e4d0000 - 0x000000001e4d3000 	C:\Program Files\Java\jre1.8.0_181\bin\api-ms-win-core-synch-l1-2-0.dll
0x000000001e4e0000 - 0x000000001e4e3000 	C:\Program Files\Java\jre1.8.0_181\bin\api-ms-win-core-sysinfo-l1-1-0.dll
0x000000001e4f0000 - 0x000000001e4f3000 	C:\Program Files\Java\jre1.8.0_181\bin\api-ms-win-core-timezone-l1-1-0.dll
0x000000001e500000 - 0x000000001e503000 	C:\Program Files\Java\jre1.8.0_181\bin\api-ms-win-core-util-l1-1-0.dll
0x000000001e510000 - 0x000000001e513000 	C:\Program Files\Java\jre1.8.0_181\bin\api-ms-win-crt-conio-l1-1-0.dll
0x000000001e520000 - 0x000000001e524000 	C:\Program Files\Java\jre1.8.0_181\bin\api-ms-win-crt-convert-l1-1-0.dll
0x000000001e530000 - 0x000000001e533000 	C:\Program Files\Java\jre1.8.0_181\bin\api-ms-win-crt-environment-l1-1-0.dll
0x000000001e540000 - 0x000000001e543000 	C:\Program Files\Java\jre1.8.0_181\bin\api-ms-win-crt-filesystem-l1-1-0.dll
0x000000001e550000 - 0x000000001e553000 	C:\Program Files\Java\jre1.8.0_181\bin\api-ms-win-crt-heap-l1-1-0.dll
0x000000001e560000 - 0x000000001e563000 	C:\Program Files\Java\jre1.8.0_181\bin\api-ms-win-crt-locale-l1-1-0.dll
0x000000001e570000 - 0x000000001e575000 	C:\Program Files\Java\jre1.8.0_181\bin\api-ms-win-crt-math-l1-1-0.dll
0x000000001e580000 - 0x000000001e585000 	C:\Program Files\Java\jre1.8.0_181\bin\api-ms-win-crt-multibyte-l1-1-0.dll
0x000000001e590000 - 0x000000001e5a0000 	C:\Program Files\Java\jre1.8.0_181\bin\api-ms-win-crt-private-l1-1-0.dll
0x000000001e5a0000 - 0x000000001e5a3000 	C:\Program Files\Java\jre1.8.0_181\bin\api-ms-win-crt-process-l1-1-0.dll
0x000000001e5b0000 - 0x000000001e5b4000 	C:\Program Files\Java\jre1.8.0_181\bin\api-ms-win-crt-runtime-l1-1-0.dll
0x000000001e5c0000 - 0x000000001e5c4000 	C:\Program Files\Java\jre1.8.0_181\bin\api-ms-win-crt-stdio-l1-1-0.dll
0x000000001e5d0000 - 0x000000001e5d4000 	C:\Program Files\Java\jre1.8.0_181\bin\api-ms-win-crt-string-l1-1-0.dll
0x000000001e5e0000 - 0x000000001e5e3000 	C:\Program Files\Java\jre1.8.0_181\bin\api-ms-win-crt-time-l1-1-0.dll
0x000000001e5f0000 - 0x000000001e5f3000 	C:\Program Files\Java\jre1.8.0_181\bin\api-ms-win-crt-utility-l1-1-0.dll
0x00007ffe6d100000 - 0x00007ffe6d1f6000 	C:\Program Files\Java\jre1.8.0_181\bin\ucrtbase.dll
0x00007ffe8a600000 - 0x00007ffe8a616000 	C:\Program Files\Java\jre1.8.0_181\bin\vcruntime140.dll
0x00007ffe6d060000 - 0x00007ffe6d0fc000 	C:\Program Files\Java\jre1.8.0_181\bin\msvcp140.dll
0x00007ffe713c0000 - 0x00007ffe71411000 	C:\Program Files\Java\jre1.8.0_181\bin\concrt140.dll
0x000000006dc10000 - 0x000000006dc33000 	C:\Program Files\Java\jre1.8.0_181\bin\prism_d3d.dll
0x00007ffe48d60000 - 0x00007ffe48ef7000 	C:\Windows\system32\d3d9.dll
0x00007ffe8c7f0000 - 0x00007ffe8c819000 	C:\Windows\SYSTEM32\dwmapi.dll
0x00007ffe8c430000 - 0x00007ffe8c4c8000 	C:\Windows\system32\uxtheme.dll
0x00007ffe91c50000 - 0x00007ffe91d12000 	C:\Windows\System32\OLEAUT32.dll
0x00007ffe8ff90000 - 0x00007ffe900e1000 	C:\Windows\System32\ole32.dll
0x000000006dbc0000 - 0x000000006dc09000 	C:\Program Files\Java\jre1.8.0_181\bin\glass.dll
0x00007ffe90130000 - 0x00007ffe9021d000 	C:\Windows\System32\COMDLG32.dll
0x00007ffe92440000 - 0x00007ffe925b5000 	C:\Windows\System32\MSCTF.dll
0x000000006dba0000 - 0x000000006dbb4000 	C:\Program Files\Java\jre1.8.0_181\bin\javafx_font.dll
0x00007ffe7edb0000 - 0x00007ffe7f0cc000 	C:\Windows\SYSTEM32\dwrite.dll
0x00007ffe8e840000 - 0x00007ffe8e857000 	C:\Windows\SYSTEM32\CRYPTSP.dll
0x00007ffe8e260000 - 0x00007ffe8e293000 	C:\Windows\system32\rsaenh.dll
0x00007ffe8e960000 - 0x00007ffe8e985000 	C:\Windows\SYSTEM32\bcrypt.dll
0x00007ffe8ed00000 - 0x00007ffe8ed28000 	C:\Windows\SYSTEM32\USERENV.dll
0x00007ffe8e830000 - 0x00007ffe8e83b000 	C:\Windows\SYSTEM32\CRYPTBASE.dll
0x000000006dd70000 - 0x000000006dd8a000 	C:\Program Files\Java\jre1.8.0_181\bin\net.dll
0x00007ffe8e680000 - 0x00007ffe8e6e6000 	C:\Windows\system32\mswsock.dll
0x00007ffe8e400000 - 0x00007ffe8e438000 	C:\Windows\SYSTEM32\IPHLPAPI.DLL
0x00007ffe8ff80000 - 0x00007ffe8ff88000 	C:\Windows\System32\NSI.dll
0x00007ffe873b0000 - 0x00007ffe873c6000 	C:\Windows\SYSTEM32\dhcpcsvc6.DLL
0x00007ffe86f40000 - 0x00007ffe86f5a000 	C:\Windows\SYSTEM32\dhcpcsvc.DLL
0x000000006dd50000 - 0x000000006dd61000 	C:\Program Files\Java\jre1.8.0_181\bin\nio.dll
0x000000006dd20000 - 0x000000006dd44000 	C:\Program Files\Java\jre1.8.0_181\bin\sunec.dll
0x000000006db90000 - 0x000000006db9b000 	C:\Program Files\Java\jre1.8.0_181\bin\sunmscapi.dll
0x00007ffe8f5f0000 - 0x00007ffe8f7d2000 	C:\Windows\System32\CRYPT32.dll
0x00007ffe8ee80000 - 0x00007ffe8ee92000 	C:\Windows\System32\MSASN1.dll
0x00007ffe8e450000 - 0x00007ffe8e50e000 	C:\Windows\SYSTEM32\DNSAPI.dll
0x00007ffe831b0000 - 0x00007ffe831ba000 	C:\Windows\System32\rasadhlp.dll
0x00007ffe82bc0000 - 0x00007ffe82c32000 	C:\Windows\System32\fwpuclnt.dll
0x00007ffe92690000 - 0x00007ffe92730000 	C:\Windows\System32\clbcatq.dll
0x00007ffe87a20000 - 0x00007ffe87bce000 	C:\Windows\SYSTEM32\WindowsCodecs.dll
0x00007ffe8a9e0000 - 0x00007ffe8aceb000 	C:\Windows\system32\d3d11.dll
0x00007ffe8dbc0000 - 0x00007ffe8dc7b000 	C:\Windows\system32\dxgi.dll
0x00007ffe80890000 - 0x00007ffe80927000 	C:\Windows\System32\TextInputFramework.dll
0x00007ffe87540000 - 0x00007ffe8785e000 	C:\Windows\System32\CoreUIComponents.dll
0x00007ffe89670000 - 0x00007ffe8974a000 	C:\Windows\System32\CoreMessaging.dll
0x00007ffe8def0000 - 0x00007ffe8df21000 	C:\Windows\SYSTEM32\ntmarta.dll
0x00007ffe8ba90000 - 0x00007ffe8bbdd000 	C:\Windows\SYSTEM32\wintypes.dll
0x000000006d090000 - 0x000000006d0a2000 	C:\Program Files\Java\jre1.8.0_181\bin\prism_common.dll
0x00007ffe898f0000 - 0x00007ffe89eb7000 	C:\Windows\SYSTEM32\d2d1.dll
0x00007ffe429c0000 - 0x00007ffe4313e000 	C:\Windows\SYSTEM32\D3D10Warp.dll

VM Arguments:
jvm_args: -Dfile.encoding=Cp1252 
java_command: application.Main
java_class_path (initial): C:\Users\YNS(Nera)\workspace\CodeFest\bin;C:\Users\YNS(Nera)\.p2\pool\plugins\org.eclipse.fx.ide.css.jfx8_1.2.0.201501301049.jar;C:\Users\YNS(Nera)\Desktop\codefest\controlsfx-8.0.5.jar;C:\Users\YNS(Nera)\Desktop\codefest\jfoenix-1.7.0.jar;C:\Users\YNS(Nera)\Desktop\lib\firebase with java\commons-codec-1.3.jar;C:\Users\YNS(Nera)\Desktop\lib\firebase with java\commons-logging-1.1.1.jar;C:\Users\YNS(Nera)\Desktop\lib\firebase with java\firebase-admin-5.2.0.jar;C:\Users\YNS(Nera)\Desktop\lib\firebase with java\google-api-client-1.22.0.jar;C:\Users\YNS(Nera)\Desktop\lib\firebase with java\google-api-client-gson-1.22.0.jar;C:\Users\YNS(Nera)\Desktop\lib\firebase with java\google-http-client-1.22.0.jar;C:\Users\YNS(Nera)\Desktop\lib\firebase with java\google-http-client-gson-1.22.0.jar;C:\Users\YNS(Nera)\Desktop\lib\firebase with java\google-http-client-jackson2-1.22.0.jar;C:\Users\YNS(Nera)\Desktop\lib\firebase with java\google-oauth-client-1.22.0.jar;C:\Users\YNS(Nera)\Desktop\lib\firebase with java\gson-2.1.jar;C:\Users\YNS(Nera)\Desktop\lib\firebase with java\guava-20.0.jar;C:\Users\YNS(Nera)\Desktop\lib\firebase with java\httpclient-4.0.1.jar;C:\Users\YNS(Nera)\Desktop\lib\firebase with java\httpcore-4.0.1.jar;C:\Users\YNS(Nera)\Desktop\lib\firebase with java\jackson-core-2.1.3.jar;C:\Users\YNS(Nera)\Desktop\lib\firebase with java\json-20160810.jar;C:\Users\YNS(Nera)\Desktop\lib\firebase with java\jsr305-1.3.9.jar
Launcher Type: SUN_STANDARD

Environment Variables:
JAVA_HOME=C:\Program Files\Java\jdk1.8.0_181
JRE_HOME=C:\Program Files\Java\jre1.8.0_181
CLASSPATH=C:\Program Files\Java\jdk1.8.0_181\bin;C:\Program Files\Java\jre1.8.0_181;
PATH=C:/Program Files/Java/jre1.8.0_181/bin/server;C:/Program Files/Java/jre1.8.0_181/bin;C:/Program Files/Java/jre1.8.0_181/lib/amd64;C:\Program Files (x86)\Common Files\Oracle\Java\javapath;C:\Program Files\Anaconda3;C:\Program Files\Anaconda3\Library\mingw-w64\bin;C:\Program Files\Anaconda3\Library\usr\bin;C:\Program Files\Anaconda3\Library\bin;C:\Program Files\Anaconda3\Scripts;C:\Program Files\Microsoft MPI\Bin\;C:\oraclexe\app\oracle\product\11.2.0\server\bin;C:\Windows\system32;C:\Windows;C:\Windows\System32\Wbem;C:\Windows\System32\WindowsPowerShell\v1.0\;C:\Windows\System32\OpenSSH\;C:\Program Files\Java\jdk1.8.0_181\bin;C:\Program Files\Java\jre1.8.0_181\bin;C:\Program Files\nodejs\;C:\Program Files (x86)\Microsoft SQL Server\130\Tools\Binn\;C:\Program Files\Microsoft SQL Server\130\Tools\Binn\;C:\Program Files (x86)\Microsoft SQL Server\130\DTS\Binn\;C:\Program Files\Microsoft SQL Server\130\DTS\Binn\;C:\Program Files\Microsoft SQL Server\Client SDK\ODBC\130\Tools\Binn\;C:\Program Files (x86)\Microsoft SQL Server\Client SDK\ODBC\130\Tools\Binn\;C:\Program Files (x86)\Microsoft SQL Server\140\Tools\Binn\;C:\Program Files (x86)\Microsoft SQL Server\140\DTS\Binn\;C:\Program Files (x86)\Microsoft SQL Server\140\Tools\Binn\ManagementStudio\;C:\Program Files (x86)\Microsoft SQL Server\110\DTS\Binn\;C:\Program Files (x86)\Microsof;C:\Program Files\PuTTY\;C:\Program Files\Git\cmd;C:\Users\YNS(Nera)\Miniconda3;C:\Users\YNS(Nera)\Miniconda3\Library\mingw-w64\bin;C:\Users\YNS(Nera)\Miniconda3\Library\usr\bin;C:\Users\YNS(Nera)\Miniconda3\Library\bin;C:\Users\YNS(Nera)\Miniconda3\Scripts;C:\Users\YNS(Nera)\AppData\Local\Programs\Python\Python36-32\Scripts\;C:\Users\YNS(Nera)\AppData\Local\Programs\Python\Python36-32\;C:\Users\YNS(Nera)\AppData\Local\Microsoft\WindowsApps;C:\Program Files (x86)\Microsoft VS Code\bin;C:\Users\YNS(Nera)\AppData\Roaming\npm;C:\Users\YNS(Nera)\AppData\Local\GitHubDesktop\bin;;C:\Users\YNS(Nera)\Desktop;
USERNAME=YNS(Nera)
OS=Windows_NT
PROCESSOR_IDENTIFIER=Intel64 Family 6 Model 78 Stepping 3, GenuineIntel



---------------  S Y S T E M  ---------------

OS: Windows 10.0 , 64 bit Build 17134 (10.0.17134.1)

CPU:total 4 (initial active 4) (2 cores per cpu, 2 threads per core) family 6 model 78 stepping 3, cmov, cx8, fxsr, mmx, sse, sse2, sse3, ssse3, sse4.1, sse4.2, popcnt, avx, avx2, aes, clmul, erms, 3dnowpref, lzcnt, ht, tsc, tscinvbit, bmi1, bmi2, adx

Memory: 4k page, physical 16612200k(4993548k free), swap 27015544k(680k free)

vm_info: Java HotSpot(TM) 64-Bit Server VM (25.181-b13) for windows-amd64 JRE (1.8.0_181-b13), built on Jul  7 2018 04:01:33 by "java_re" with MS VC++ 10.0 (VS2010)

time: Wed Sep 19 18:51:08 2018
elapsed time: 3527 seconds (0d 0h 58m 47s)

