#
# There is insufficient memory for the Java Runtime Environment to continue.
# Native memory allocation (malloc) failed to allocate 32744 bytes for ChunkPool::allocate
# Possible reasons:
#   The system is out of physical RAM or swap space
#   In 32 bit mode, the process size limit was hit
# Possible solutions:
#   Reduce memory load on the system
#   Increase physical memory or swap space
#   Check if swap backing store is full
#   Use 64 bit Java on a 64 bit OS
#   Decrease Java heap size (-Xmx/-Xms)
#   Decrease number of Java threads
#   Decrease Java thread stack sizes (-Xss)
#   Set larger code cache with -XX:ReservedCodeCacheSize=
# This output file may be truncated or incomplete.
#
#  Out of Memory Error (allocation.cpp:273), pid=5980, tid=0x0000000000001dbc
#
# JRE version: Java(TM) SE Runtime Environment (8.0_181-b13) (build 1.8.0_181-b13)
# Java VM: Java HotSpot(TM) 64-Bit Server VM (25.181-b13 mixed mode windows-amd64 compressed oops)
# Failed to write core dump. Minidumps are not enabled by default on client versions of Windows
#

---------------  T H R E A D  ---------------

Current thread (0x000000001c6c1800):  JavaThread "C2 CompilerThread0" daemon [_thread_in_native, id=7612, stack(0x000000001dd10000,0x000000001de10000)]

Stack: [0x000000001dd10000,0x000000001de10000]
[error occurred during error reporting (printing stack bounds), id 0xc0000005]

Native frames: (J=compiled Java code, j=interpreted, Vv=VM code, C=native code)


Current CompileTask:
C2:2727031 2941       4       javafx.scene.layout.Region::<init> (161 bytes)


---------------  P R O C E S S  ---------------

Java Threads: ( => current thread )
  0x000000001ee91800 JavaThread "Prism Font Disposer" daemon [_thread_blocked, id=13108, stack(0x0000000027430000,0x0000000027530000)]
  0x000000001ee91000 JavaThread "FirebaseDatabaseEventTarget" daemon [_thread_in_Java, id=10872, stack(0x0000000027330000,0x0000000027430000)]
  0x000000001ee95800 JavaThread "TubeSockWriter-1" [_thread_blocked, id=10696, stack(0x0000000027230000,0x0000000027330000)]
  0x000000001ece7800 JavaThread "TubeSockReader-1" [_thread_in_native, id=13372, stack(0x0000000026160000,0x0000000026260000)]
  0x000000001ed2e000 JavaThread "pool-6-thread-1" [_thread_blocked, id=14924, stack(0x0000000026060000,0x0000000026160000)]
  0x000000001ec7c800 JavaThread "FirebaseDatabaseWorker" daemon [_thread_blocked, id=13972, stack(0x0000000025760000,0x0000000025860000)]
  0x000000001e725800 JavaThread "Thread-3" daemon [_thread_in_native, id=1944, stack(0x0000000023dd0000,0x0000000023ed0000)]
  0x000000001e6cd000 JavaThread "JavaFX-Launcher" [_thread_blocked, id=11364, stack(0x0000000023ed0000,0x0000000023fd0000)]
  0x000000001e3fb800 JavaThread "JavaFX Application Thread" [_thread_in_native, id=13636, stack(0x000000001f200000,0x000000001f300000)]
  0x000000001e3ef000 JavaThread "Thread-1" daemon [_thread_blocked, id=12104, stack(0x000000001f100000,0x000000001f200000)]
  0x000000001e3ae800 JavaThread "QuantumRenderer-0" daemon [_thread_blocked, id=12816, stack(0x000000001eea0000,0x000000001efa0000)]
  0x000000001e035800 JavaThread "Service Thread" daemon [_thread_blocked, id=7960, stack(0x000000001e410000,0x000000001e510000)]
  0x000000001c6fd000 JavaThread "C1 CompilerThread2" daemon [_thread_blocked, id=14624, stack(0x000000001df10000,0x000000001e010000)]
  0x000000001c6d0000 JavaThread "C2 CompilerThread1" daemon [_thread_in_native, id=10368, stack(0x000000001de10000,0x000000001df10000)]
=>0x000000001c6c1800 JavaThread "C2 CompilerThread0" daemon [_thread_in_native, id=7612, stack(0x000000001dd10000,0x000000001de10000)]
  0x000000001c6be800 JavaThread "Attach Listener" daemon [_thread_blocked, id=11348, stack(0x000000001dc10000,0x000000001dd10000)]
  0x000000001c6bd800 JavaThread "Signal Dispatcher" daemon [_thread_blocked, id=11092, stack(0x000000001db10000,0x000000001dc10000)]
  0x000000001c6aa800 JavaThread "Finalizer" daemon [_thread_blocked, id=3652, stack(0x000000001d920000,0x000000001da20000)]
  0x000000001c689000 JavaThread "Reference Handler" daemon [_thread_blocked, id=14844, stack(0x000000001d820000,0x000000001d920000)]
  0x0000000002fa3800 JavaThread "main" [_thread_blocked, id=1200, stack(0x0000000002e40000,0x0000000002f40000)]

Other Threads:
  0x000000001c688000 VMThread [stack: 0x000000001d720000,0x000000001d820000] [id=15272]
  0x000000001e03e800 WatcherThread [stack: 0x000000001e510000,0x000000001e610000] [id=15160]

VM state:not at safepoint (normal execution)

VM Mutex/Monitor currently owned by a thread: None

Heap:
 PSYoungGen      total 123392K, used 45104K [0x000000076b800000, 0x0000000773b00000, 0x00000007c0000000)
  eden space 112640K, 37% used [0x000000076b800000,0x000000076e15c210,0x0000000772600000)
  from space 10752K, 25% used [0x0000000772600000,0x00000007728b0000,0x0000000773080000)
  to   space 3584K, 0% used [0x0000000773780000,0x0000000773780000,0x0000000773b00000)
 ParOldGen       total 164352K, used 45452K [0x00000006c2800000, 0x00000006cc880000, 0x000000076b800000)
  object space 164352K, 27% used [0x00000006c2800000,0x00000006c54631e0,0x00000006cc880000)
 Metaspace       used 22613K, capacity 23336K, committed 23680K, reserved 1069056K
  class space    used 3137K, capacity 3342K, committed 3456K, reserved 1048576K

Card table byte_map: [0x0000000012530000,0x0000000012d20000] byte_map_base: 0x000000000ef1c000

Marking Bits: (ParMarkBitMap*) 0x000000006e612d00
 Begin Bits: [0x0000000013670000, 0x00000000175d0000)
 End Bits:   [0x00000000175d0000, 0x000000001b530000)

Polling page: 0x0000000001120000

CodeCache: size=245760Kb used=9734Kb max_used=9745Kb free=236026Kb
 bounds [0x0000000003170000, 0x0000000003b00000, 0x0000000012170000]
 total_blobs=3491 nmethods=2877 adapters=525
 compilation: enabled

Compilation events (10 events):
Event: 2726.110 Thread 0x000000001c6c1800 2936       4       com.sun.javafx.collections.ListListenerHelper$Generic::<init> (7 bytes)
Event: 2726.112 Thread 0x000000001c6c1800 nmethod 2936 0x0000000003af65d0 code [0x0000000003af6720, 0x0000000003af68f8]
Event: 2726.141 Thread 0x000000001c6d0000 2937       4       javafx.scene.Node::focusTraversableProperty (25 bytes)
Event: 2726.142 Thread 0x000000001c6c1800 2938       4       javafx.collections.FXCollections$UnmodifiableObservableListImpl::<init> (40 bytes)
Event: 2726.142 Thread 0x000000001c6d0000 nmethod 2937 0x0000000003afaad0 code [0x0000000003afac20, 0x0000000003afad38]
Event: 2726.150 Thread 0x000000001c6d0000 2939       4       javafx.scene.Parent::<init> (208 bytes)
Event: 2726.150 Thread 0x000000001c6c1800 nmethod 2938 0x0000000003af6fd0 code [0x0000000003af7180, 0x0000000003af7798]
Event: 2726.150 Thread 0x000000001c6c1800 2940       4       com.sun.javafx.collections.VetoableListDecorator::addListener (13 bytes)
Event: 2726.155 Thread 0x000000001c6c1800 nmethod 2940 0x0000000003afc390 code [0x0000000003afc500, 0x0000000003afc878]
Event: 2726.155 Thread 0x000000001c6c1800 2941       4       javafx.scene.layout.Region::<init> (161 bytes)

GC Heap History (10 events):
Event: 5.642 GC heap before
{Heap before GC invocations=2 (full 0):
 PSYoungGen      total 75776K, used 60747K [0x000000076b800000, 0x0000000774c00000, 0x00000007c0000000)
  eden space 65024K, 79% used [0x000000076b800000,0x000000076eaa14a0,0x000000076f780000)
  from space 10752K, 82% used [0x000000076f780000,0x0000000770031a30,0x0000000770200000)
  to   space 10752K, 0% used [0x0000000774180000,0x0000000774180000,0x0000000774c00000)
 ParOldGen       total 173568K, used 20080K [0x00000006c2800000, 0x00000006cd180000, 0x000000076b800000)
  object space 173568K, 11% used [0x00000006c2800000,0x00000006c3b9c030,0x00000006cd180000)
 Metaspace       used 20484K, capacity 21066K, committed 21248K, reserved 1067008K
  class space    used 2751K, capacity 2947K, committed 3072K, reserved 1048576K
Event: 5.658 GC heap after
Heap after GC invocations=2 (full 0):
 PSYoungGen      total 75776K, used 10737K [0x000000076b800000, 0x0000000774c00000, 0x00000007c0000000)
  eden space 65024K, 0% used [0x000000076b800000,0x000000076b800000,0x000000076f780000)
  from space 10752K, 99% used [0x0000000774180000,0x0000000774bfc6f8,0x0000000774c00000)
  to   space 10752K, 0% used [0x000000076f780000,0x000000076f780000,0x0000000770200000)
 ParOldGen       total 173568K, used 34979K [0x00000006c2800000, 0x00000006cd180000, 0x000000076b800000)
  object space 173568K, 20% used [0x00000006c2800000,0x00000006c4a28f58,0x00000006cd180000)
 Metaspace       used 20484K, capacity 21066K, committed 21248K, reserved 1067008K
  class space    used 2751K, capacity 2947K, committed 3072K, reserved 1048576K
}
Event: 5.658 GC heap before
{Heap before GC invocations=3 (full 1):
 PSYoungGen      total 75776K, used 10737K [0x000000076b800000, 0x0000000774c00000, 0x00000007c0000000)
  eden space 65024K, 0% used [0x000000076b800000,0x000000076b800000,0x000000076f780000)
  from space 10752K, 99% used [0x0000000774180000,0x0000000774bfc6f8,0x0000000774c00000)
  to   space 10752K, 0% used [0x000000076f780000,0x000000076f780000,0x0000000770200000)
 ParOldGen       total 173568K, used 34979K [0x00000006c2800000, 0x00000006cd180000, 0x000000076b800000)
  object space 173568K, 20% used [0x00000006c2800000,0x00000006c4a28f58,0x00000006cd180000)
 Metaspace       used 20484K, capacity 21066K, committed 21248K, reserved 1067008K
  class space    used 2751K, capacity 2947K, committed 3072K, reserved 1048576K
Event: 5.700 GC heap after
Heap after GC invocations=3 (full 1):
 PSYoungGen      total 75776K, used 0K [0x000000076b800000, 0x0000000774c00000, 0x00000007c0000000)
  eden space 65024K, 0% used [0x000000076b800000,0x000000076b800000,0x000000076f780000)
  from space 10752K, 0% used [0x0000000774180000,0x0000000774180000,0x0000000774c00000)
  to   space 10752K, 0% used [0x000000076f780000,0x000000076f780000,0x0000000770200000)
 ParOldGen       total 164352K, used 45428K [0x00000006c2800000, 0x00000006cc880000, 0x000000076b800000)
  object space 164352K, 27% used [0x00000006c2800000,0x00000006c545d1e0,0x00000006cc880000)
 Metaspace       used 20484K, capacity 21066K, committed 21248K, reserved 1067008K
  class space    used 2751K, capacity 2947K, committed 3072K, reserved 1048576K
}
Event: 2713.640 GC heap before
{Heap before GC invocations=4 (full 1):
 PSYoungGen      total 75776K, used 65024K [0x000000076b800000, 0x0000000774c00000, 0x00000007c0000000)
  eden space 65024K, 100% used [0x000000076b800000,0x000000076f780000,0x000000076f780000)
  from space 10752K, 0% used [0x0000000774180000,0x0000000774180000,0x0000000774c00000)
  to   space 10752K, 0% used [0x000000076f780000,0x000000076f780000,0x0000000770200000)
 ParOldGen       total 164352K, used 45428K [0x00000006c2800000, 0x00000006cc880000, 0x000000076b800000)
  object space 164352K, 27% used [0x00000006c2800000,0x00000006c545d1e0,0x00000006cc880000)
 Metaspace       used 22522K, capacity 23272K, committed 23424K, reserved 1069056K
  class space    used 3135K, capacity 3342K, committed 3456K, reserved 1048576K
Event: 2714.781 GC heap after
Heap after GC invocations=4 (full 1):
 PSYoungGen      total 75776K, used 2272K [0x000000076b800000, 0x0000000774200000, 0x00000007c0000000)
  eden space 65024K, 0% used [0x000000076b800000,0x000000076b800000,0x000000076f780000)
  from space 10752K, 21% used [0x000000076f780000,0x000000076f9b8000,0x0000000770200000)
  to   space 10752K, 0% used [0x0000000773780000,0x0000000773780000,0x0000000774200000)
 ParOldGen       total 164352K, used 45436K [0x00000006c2800000, 0x00000006cc880000, 0x000000076b800000)
  object space 164352K, 27% used [0x00000006c2800000,0x00000006c545f1e0,0x00000006cc880000)
 Metaspace       used 22522K, capacity 23272K, committed 23424K, reserved 1069056K
  class space    used 3135K, capacity 3342K, committed 3456K, reserved 1048576K
}
Event: 2719.514 GC heap before
{Heap before GC invocations=5 (full 1):
 PSYoungGen      total 75776K, used 67296K [0x000000076b800000, 0x0000000774200000, 0x00000007c0000000)
  eden space 65024K, 100% used [0x000000076b800000,0x000000076f780000,0x000000076f780000)
  from space 10752K, 21% used [0x000000076f780000,0x000000076f9b8000,0x0000000770200000)
  to   space 10752K, 0% used [0x0000000773780000,0x0000000773780000,0x0000000774200000)
 ParOldGen       total 164352K, used 45436K [0x00000006c2800000, 0x00000006cc880000, 0x000000076b800000)
  object space 164352K, 27% used [0x00000006c2800000,0x00000006c545f1e0,0x00000006cc880000)
 Metaspace       used 22573K, capacity 23336K, committed 23680K, reserved 1069056K
  class space    used 3137K, capacity 3342K, committed 3456K, reserved 1048576K
Event: 2719.832 GC heap after
Heap after GC invocations=5 (full 1):
 PSYoungGen      total 116224K, used 2528K [0x000000076b800000, 0x0000000773b00000, 0x00000007c0000000)
  eden space 112640K, 0% used [0x000000076b800000,0x000000076b800000,0x0000000772600000)
  from space 3584K, 70% used [0x0000000773780000,0x00000007739f8000,0x0000000773b00000)
  to   space 10752K, 0% used [0x0000000772600000,0x0000000772600000,0x0000000773080000)
 ParOldGen       total 164352K, used 45444K [0x00000006c2800000, 0x00000006cc880000, 0x000000076b800000)
  object space 164352K, 27% used [0x00000006c2800000,0x00000006c54611e0,0x00000006cc880000)
 Metaspace       used 22573K, capacity 23336K, committed 23680K, reserved 1069056K
  class space    used 3137K, capacity 3342K, committed 3456K, reserved 1048576K
}
Event: 2724.923 GC heap before
{Heap before GC invocations=6 (full 1):
 PSYoungGen      total 116224K, used 115168K [0x000000076b800000, 0x0000000773b00000, 0x00000007c0000000)
  eden space 112640K, 100% used [0x000000076b800000,0x0000000772600000,0x0000000772600000)
  from space 3584K, 70% used [0x0000000773780000,0x00000007739f8000,0x0000000773b00000)
  to   space 10752K, 0% used [0x0000000772600000,0x0000000772600000,0x0000000773080000)
 ParOldGen       total 164352K, used 45444K [0x00000006c2800000, 0x00000006cc880000, 0x000000076b800000)
  object space 164352K, 27% used [0x00000006c2800000,0x00000006c54611e0,0x00000006cc880000)
 Metaspace       used 22607K, capacity 23336K, committed 23680K, reserved 1069056K
  class space    used 3137K, capacity 3342K, committed 3456K, reserved 1048576K
Event: 2725.216 GC heap after
Heap after GC invocations=6 (full 1):
 PSYoungGen      total 123392K, used 2752K [0x000000076b800000, 0x0000000773b00000, 0x00000007c0000000)
  eden space 112640K, 0% used [0x000000076b800000,0x000000076b800000,0x0000000772600000)
  from space 10752K, 25% used [0x0000000772600000,0x00000007728b0000,0x0000000773080000)
  to   space 3584K, 0% used [0x0000000773780000,0x0000000773780000,0x0000000773b00000)
 ParOldGen       total 164352K, used 45452K [0x00000006c2800000, 0x00000006cc880000, 0x000000076b800000)
  object space 164352K, 27% used [0x00000006c2800000,0x00000006c54631e0,0x00000006cc880000)
 Metaspace       used 22607K, capacity 23336K, committed 23680K, reserved 1069056K
  class space    used 3137K, capacity 3342K, committed 3456K, reserved 1048576K
}

Deoptimization events (10 events):
Event: 2705.766 Thread 0x000000001ee91000 Uncommon trap: reason=array_check action=maybe_recompile pc=0x000000000397fa98 method=com.sun.javafx.css.SimpleSelector.applies(Ljavafx/css/Styleable;[Ljava/util/Set;I)Z @ 37
Event: 2705.767 Thread 0x000000001ee91000 Uncommon trap: reason=array_check action=maybe_recompile pc=0x000000000398b860 method=com.sun.javafx.css.CompoundSelector.applies(Ljavafx/css/Styleable;[Ljava/util/Set;I)Z @ 128
Event: 2705.767 Thread 0x000000001ee91000 Uncommon trap: reason=array_check action=maybe_recompile pc=0x000000000398b860 method=com.sun.javafx.css.CompoundSelector.applies(Ljavafx/css/Styleable;[Ljava/util/Set;I)Z @ 128
Event: 2705.769 Thread 0x000000001ee91000 Uncommon trap: reason=array_check action=maybe_recompile pc=0x000000000397fa98 method=com.sun.javafx.css.SimpleSelector.applies(Ljavafx/css/Styleable;[Ljava/util/Set;I)Z @ 37
Event: 2705.769 Thread 0x000000001ee91000 Uncommon trap: reason=array_check action=maybe_recompile pc=0x000000000398b860 method=com.sun.javafx.css.CompoundSelector.applies(Ljavafx/css/Styleable;[Ljava/util/Set;I)Z @ 128
Event: 2705.769 Thread 0x000000001ee91000 Uncommon trap: reason=array_check action=maybe_recompile pc=0x000000000398b860 method=com.sun.javafx.css.CompoundSelector.applies(Ljavafx/css/Styleable;[Ljava/util/Set;I)Z @ 128
Event: 2705.776 Thread 0x000000001ee91000 Uncommon trap: reason=array_check action=maybe_recompile pc=0x00000000039b016c method=com.sun.javafx.css.SimpleSelector.applies(Ljavafx/css/Styleable;[Ljava/util/Set;I)Z @ 37
Event: 2705.776 Thread 0x000000001ee91000 Uncommon trap: reason=array_check action=maybe_recompile pc=0x00000000039b016c method=com.sun.javafx.css.SimpleSelector.applies(Ljavafx/css/Styleable;[Ljava/util/Set;I)Z @ 37
Event: 2705.777 Thread 0x000000001ee91000 Uncommon trap: reason=array_check action=maybe_recompile pc=0x000000000397fa98 method=com.sun.javafx.css.SimpleSelector.applies(Ljavafx/css/Styleable;[Ljava/util/Set;I)Z @ 37
Event: 2723.874 Thread 0x000000001e725800 Uncommon trap: reason=unstable_if action=reinterpret pc=0x000000000398085c method=com.sun.javafx.tk.quantum.QuantumToolkit.postPulse()V @ 27

Classes redefined (0 events):
No events

Internal exceptions (10 events):
Event: 2.646 Thread 0x000000001eba5000 Implicit null exception at 0x0000000003456ef5 to 0x000000000345711d
Event: 2.646 Thread 0x000000001eba5000 Implicit null exception at 0x0000000003507458 to 0x00000000035074e6
Event: 2.647 Thread 0x000000001eba5000 Implicit null exception at 0x0000000003453f2f to 0x0000000003453f99
Event: 5.609 Thread 0x000000001ee91000 Implicit null exception at 0x0000000003421ad6 to 0x0000000003421e81
Event: 5.610 Thread 0x000000001ee91000 Implicit null exception at 0x0000000003375496 to 0x0000000003375841
Event: 5.846 Thread 0x000000001e3fb800 Exception <a 'java/io/FileNotFoundException'> (0x000000076be8b500) thrown at [C:\re\workspace\8-2-build-windows-amd64-cygwin\jdk8u181\11358\hotspot\src\share\vm\prims\jni.cpp, line 709]
Event: 5.910 Thread 0x000000001e3fb800 Exception <a 'java/io/FileNotFoundException'> (0x000000076c14b140) thrown at [C:\re\workspace\8-2-build-windows-amd64-cygwin\jdk8u181\11358\hotspot\src\share\vm\prims\jni.cpp, line 709]
Event: 6.133 Thread 0x000000001e3fb800 Exception <a 'java/io/FileNotFoundException'> (0x000000076d313040) thrown at [C:\re\workspace\8-2-build-windows-amd64-cygwin\jdk8u181\11358\hotspot\src\share\vm\prims\jni.cpp, line 709]
Event: 6.196 Thread 0x000000001e3fb800 Implicit null exception at 0x00000000038e8444 to 0x00000000038e908d
Event: 6.196 Thread 0x000000001e3fb800 Exception <a 'java/lang/NullPointerException'> (0x000000076d930810) thrown at [C:\re\workspace\8-2-build-windows-amd64-cygwin\jdk8u181\11358\hotspot\src\share\vm\runtime\sharedRuntime.cpp, line 605]

Events (10 events):
Event: 2716.357 Thread 0x000000001c6fd000 flushing nmethod 0x0000000003354890
Event: 2719.488 Thread 0x000000001ee91000 DEOPT PACKING pc=0x00000000038ea301 sp=0x000000002742e810
Event: 2719.488 Thread 0x000000001ee91000 DEOPT UNPACKING pc=0x00000000031b7890 sp=0x000000002742e560 mode 0
Event: 2719.514 Executing VM operation: ParallelGCFailedAllocation
Event: 2719.833 Executing VM operation: ParallelGCFailedAllocation done
Event: 2723.874 Thread 0x000000001e725800 Uncommon trap: trap_request=0xffffff65 fr.pc=0x000000000398085c
Event: 2723.874 Thread 0x000000001e725800 DEOPT PACKING pc=0x000000000398085c sp=0x0000000023ecf780
Event: 2723.874 Thread 0x000000001e725800 DEOPT UNPACKING pc=0x00000000031b583b sp=0x0000000023ecf670 mode 2
Event: 2724.922 Executing VM operation: ParallelGCFailedAllocation
Event: 2725.216 Executing VM operation: ParallelGCFailedAllocation done


Dynamic libraries:
0x00007ff6455f0000 - 0x00007ff645627000 	C:\Program Files\Java\jre1.8.0_181\bin\javaw.exe
0x00007ffe92af0000 - 0x00007ffe92cd1000 	C:\Windows\SYSTEM32\ntdll.dll
0x00007ffe91d20000 - 0x00007ffe91dd2000 	C:\Windows\System32\KERNEL32.DLL
0x00007ffe8f980000 - 0x00007ffe8fbf3000 	C:\Windows\System32\KERNELBASE.dll
0x00007ffe92a10000 - 0x00007ffe92ab1000 	C:\Windows\System32\ADVAPI32.dll
0x00007ffe91df0000 - 0x00007ffe91e8e000 	C:\Windows\System32\msvcrt.dll
0x00007ffe925c0000 - 0x00007ffe9261b000 	C:\Windows\System32\sechost.dll
0x00007ffe927d0000 - 0x00007ffe928f4000 	C:\Windows\System32\RPCRT4.dll
0x00007ffe92250000 - 0x00007ffe923e0000 	C:\Windows\System32\USER32.dll
0x00007ffe8f5d0000 - 0x00007ffe8f5f0000 	C:\Windows\System32\win32u.dll
0x00007ffe91e90000 - 0x00007ffe91eb8000 	C:\Windows\System32\GDI32.dll
0x00007ffe8f7e0000 - 0x00007ffe8f972000 	C:\Windows\System32\gdi32full.dll
0x00007ffe8fee0000 - 0x00007ffe8ff7f000 	C:\Windows\System32\msvcp_win.dll
0x00007ffe8fc00000 - 0x00007ffe8fcfa000 	C:\Windows\System32\ucrtbase.dll
0x00007ffe81660000 - 0x00007ffe818c9000 	C:\Windows\WinSxS\amd64_microsoft.windows.common-controls_6595b64144ccf1df_6.0.17134.285_none_fb4297e330656775\COMCTL32.dll
0x00007ffe91f20000 - 0x00007ffe92243000 	C:\Windows\System32\combase.dll
0x00007ffe8fd00000 - 0x00007ffe8fd7a000 	C:\Windows\System32\bcryptPrimitives.dll
0x00007ffe900f0000 - 0x00007ffe9011d000 	C:\Windows\System32\IMM32.DLL
0x000000006dc40000 - 0x000000006dd12000 	C:\Program Files\Java\jre1.8.0_181\bin\msvcr100.dll
0x000000006ddf0000 - 0x000000006e692000 	C:\Program Files\Java\jre1.8.0_181\bin\server\jvm.dll
0x00007ffe90120000 - 0x00007ffe90128000 	C:\Windows\System32\PSAPI.DLL
0x00007ffe85830000 - 0x00007ffe8583a000 	C:\Windows\SYSTEM32\VERSION.dll
0x00007ffe8a650000 - 0x00007ffe8a673000 	C:\Windows\SYSTEM32\WINMM.dll
0x00007ffe8da00000 - 0x00007ffe8da09000 	C:\Windows\SYSTEM32\WSOCK32.dll
0x00007ffe92620000 - 0x00007ffe9268c000 	C:\Windows\System32\WS2_32.dll
0x00007ffe8a620000 - 0x00007ffe8a64a000 	C:\Windows\SYSTEM32\WINMMBASE.dll
0x00007ffe8fe90000 - 0x00007ffe8fed9000 	C:\Windows\System32\cfgmgr32.dll
0x000000006dde0000 - 0x000000006ddef000 	C:\Program Files\Java\jre1.8.0_181\bin\verify.dll
0x000000006ddb0000 - 0x000000006ddd9000 	C:\Program Files\Java\jre1.8.0_181\bin\java.dll
0x000000006dd90000 - 0x000000006dda6000 	C:\Program Files\Java\jre1.8.0_181\bin\zip.dll
0x00007ffe90810000 - 0x00007ffe91c50000 	C:\Windows\System32\SHELL32.dll
0x00007ffe92960000 - 0x00007ffe92a09000 	C:\Windows\System32\shcore.dll
0x00007ffe8eec0000 - 0x00007ffe8f5cd000 	C:\Windows\System32\windows.storage.dll
0x00007ffe92900000 - 0x00007ffe92951000 	C:\Windows\System32\shlwapi.dll
0x00007ffe8ee50000 - 0x00007ffe8ee61000 	C:\Windows\System32\kernel.appcore.dll
0x00007ffe8eea0000 - 0x00007ffe8eebf000 	C:\Windows\System32\profapi.dll
0x00007ffe8ee00000 - 0x00007ffe8ee4c000 	C:\Windows\System32\powrprof.dll
0x00007ffe8ee70000 - 0x00007ffe8ee7a000 	C:\Windows\System32\FLTLIB.DLL
0x00000000015b0000 - 0x00000000015b3000 	C:\Program Files\Java\jre1.8.0_181\bin\api-ms-win-core-console-l1-1-0.dll
0x00000000015c0000 - 0x00000000015c3000 	C:\Program Files\Java\jre1.8.0_181\bin\api-ms-win-core-datetime-l1-1-0.dll
0x00000000015d0000 - 0x00000000015d3000 	C:\Program Files\Java\jre1.8.0_181\bin\api-ms-win-core-debug-l1-1-0.dll
0x00000000015e0000 - 0x00000000015e3000 	C:\Program Files\Java\jre1.8.0_181\bin\api-ms-win-core-errorhandling-l1-1-0.dll
0x00000000015f0000 - 0x00000000015f4000 	C:\Program Files\Java\jre1.8.0_181\bin\api-ms-win-core-file-l1-1-0.dll
0x0000000001600000 - 0x0000000001603000 	C:\Program Files\Java\jre1.8.0_181\bin\api-ms-win-core-file-l1-2-0.dll
0x0000000001610000 - 0x0000000001613000 	C:\Program Files\Java\jre1.8.0_181\bin\api-ms-win-core-file-l2-1-0.dll
0x0000000001620000 - 0x0000000001623000 	C:\Program Files\Java\jre1.8.0_181\bin\api-ms-win-core-handle-l1-1-0.dll
0x0000000001630000 - 0x0000000001633000 	C:\Program Files\Java\jre1.8.0_181\bin\api-ms-win-core-heap-l1-1-0.dll
0x0000000001640000 - 0x0000000001643000 	C:\Program Files\Java\jre1.8.0_181\bin\api-ms-win-core-interlocked-l1-1-0.dll
0x0000000001650000 - 0x0000000001653000 	C:\Program Files\Java\jre1.8.0_181\bin\api-ms-win-core-libraryloader-l1-1-0.dll
0x0000000001660000 - 0x0000000001663000 	C:\Program Files\Java\jre1.8.0_181\bin\api-ms-win-core-localization-l1-2-0.dll
0x0000000001670000 - 0x0000000001673000 	C:\Program Files\Java\jre1.8.0_181\bin\api-ms-win-core-memory-l1-1-0.dll
0x0000000001680000 - 0x0000000001683000 	C:\Program Files\Java\jre1.8.0_181\bin\api-ms-win-core-namedpipe-l1-1-0.dll
0x0000000002f40000 - 0x0000000002f43000 	C:\Program Files\Java\jre1.8.0_181\bin\api-ms-win-core-processenvironment-l1-1-0.dll
0x0000000002f50000 - 0x0000000002f53000 	C:\Program Files\Java\jre1.8.0_181\bin\api-ms-win-core-processthreads-l1-1-0.dll
0x0000000002f60000 - 0x0000000002f63000 	C:\Program Files\Java\jre1.8.0_181\bin\api-ms-win-core-processthreads-l1-1-1.dll
0x0000000002f70000 - 0x0000000002f73000 	C:\Program Files\Java\jre1.8.0_181\bin\api-ms-win-core-profile-l1-1-0.dll
0x0000000002f80000 - 0x0000000002f83000 	C:\Program Files\Java\jre1.8.0_181\bin\api-ms-win-core-rtlsupport-l1-1-0.dll
0x00000000030a0000 - 0x00000000030a3000 	C:\Program Files\Java\jre1.8.0_181\bin\api-ms-win-core-string-l1-1-0.dll
0x00000000030b0000 - 0x00000000030b3000 	C:\Program Files\Java\jre1.8.0_181\bin\api-ms-win-core-synch-l1-1-0.dll
0x00000000030c0000 - 0x00000000030c3000 	C:\Program Files\Java\jre1.8.0_181\bin\api-ms-win-core-synch-l1-2-0.dll
0x00000000030d0000 - 0x00000000030d3000 	C:\Program Files\Java\jre1.8.0_181\bin\api-ms-win-core-sysinfo-l1-1-0.dll
0x00000000030e0000 - 0x00000000030e3000 	C:\Program Files\Java\jre1.8.0_181\bin\api-ms-win-core-timezone-l1-1-0.dll
0x00000000030f0000 - 0x00000000030f3000 	C:\Program Files\Java\jre1.8.0_181\bin\api-ms-win-core-util-l1-1-0.dll
0x0000000003100000 - 0x0000000003103000 	C:\Program Files\Java\jre1.8.0_181\bin\api-ms-win-crt-conio-l1-1-0.dll
0x0000000003110000 - 0x0000000003114000 	C:\Program Files\Java\jre1.8.0_181\bin\api-ms-win-crt-convert-l1-1-0.dll
0x0000000003120000 - 0x0000000003123000 	C:\Program Files\Java\jre1.8.0_181\bin\api-ms-win-crt-environment-l1-1-0.dll
0x0000000003130000 - 0x0000000003133000 	C:\Program Files\Java\jre1.8.0_181\bin\api-ms-win-crt-filesystem-l1-1-0.dll
0x0000000003140000 - 0x0000000003143000 	C:\Program Files\Java\jre1.8.0_181\bin\api-ms-win-crt-heap-l1-1-0.dll
0x0000000003150000 - 0x0000000003153000 	C:\Program Files\Java\jre1.8.0_181\bin\api-ms-win-crt-locale-l1-1-0.dll
0x000000001e610000 - 0x000000001e615000 	C:\Program Files\Java\jre1.8.0_181\bin\api-ms-win-crt-math-l1-1-0.dll
0x000000001e620000 - 0x000000001e625000 	C:\Program Files\Java\jre1.8.0_181\bin\api-ms-win-crt-multibyte-l1-1-0.dll
0x000000001e630000 - 0x000000001e640000 	C:\Program Files\Java\jre1.8.0_181\bin\api-ms-win-crt-private-l1-1-0.dll
0x000000001e640000 - 0x000000001e643000 	C:\Program Files\Java\jre1.8.0_181\bin\api-ms-win-crt-process-l1-1-0.dll
0x000000001e650000 - 0x000000001e654000 	C:\Program Files\Java\jre1.8.0_181\bin\api-ms-win-crt-runtime-l1-1-0.dll
0x000000001e660000 - 0x000000001e664000 	C:\Program Files\Java\jre1.8.0_181\bin\api-ms-win-crt-stdio-l1-1-0.dll
0x000000001e670000 - 0x000000001e674000 	C:\Program Files\Java\jre1.8.0_181\bin\api-ms-win-crt-string-l1-1-0.dll
0x000000001e680000 - 0x000000001e683000 	C:\Program Files\Java\jre1.8.0_181\bin\api-ms-win-crt-time-l1-1-0.dll
0x000000001e690000 - 0x000000001e693000 	C:\Program Files\Java\jre1.8.0_181\bin\api-ms-win-crt-utility-l1-1-0.dll
0x00007ffe6d100000 - 0x00007ffe6d1f6000 	C:\Program Files\Java\jre1.8.0_181\bin\ucrtbase.dll
0x00007ffe8a600000 - 0x00007ffe8a616000 	C:\Program Files\Java\jre1.8.0_181\bin\vcruntime140.dll
0x00007ffe6d060000 - 0x00007ffe6d0fc000 	C:\Program Files\Java\jre1.8.0_181\bin\msvcp140.dll
0x00007ffe713c0000 - 0x00007ffe71411000 	C:\Program Files\Java\jre1.8.0_181\bin\concrt140.dll
0x000000006dc10000 - 0x000000006dc33000 	C:\Program Files\Java\jre1.8.0_181\bin\prism_d3d.dll
0x00007ffe48d60000 - 0x00007ffe48ef7000 	C:\Windows\system32\d3d9.dll
0x00007ffe8c7f0000 - 0x00007ffe8c819000 	C:\Windows\SYSTEM32\dwmapi.dll
0x00007ffe8c430000 - 0x00007ffe8c4c8000 	C:\Windows\system32\uxtheme.dll
0x00007ffe43550000 - 0x00007ffe48d5d000 	C:\Windows\System32\DriverStore\FileRepository\ki124769.inf_amd64_e5e7af49c5a8fe4b\igdumdim64.dll
0x00007ffe91c50000 - 0x00007ffe91d12000 	C:\Windows\System32\OLEAUT32.dll
0x00007ffe8ff90000 - 0x00007ffe900e1000 	C:\Windows\System32\ole32.dll
0x00007ffe903c0000 - 0x00007ffe9080b000 	C:\Windows\System32\SETUPAPI.dll
0x000000006dbc0000 - 0x000000006dc09000 	C:\Program Files\Java\jre1.8.0_181\bin\glass.dll
0x00007ffe90130000 - 0x00007ffe9021d000 	C:\Windows\System32\COMDLG32.dll
0x00007ffe92440000 - 0x00007ffe925b5000 	C:\Windows\System32\MSCTF.dll
0x00007ffe85dc0000 - 0x00007ffe86f1d000 	C:\Windows\System32\DriverStore\FileRepository\ki124769.inf_amd64_e5e7af49c5a8fe4b\igc64.dll
0x000000006dba0000 - 0x000000006dbb4000 	C:\Program Files\Java\jre1.8.0_181\bin\javafx_font.dll
0x00007ffe7edb0000 - 0x00007ffe7f0cc000 	C:\Windows\SYSTEM32\dwrite.dll
0x00007ffe8e840000 - 0x00007ffe8e857000 	C:\Windows\SYSTEM32\CRYPTSP.dll
0x00007ffe8e260000 - 0x00007ffe8e293000 	C:\Windows\system32\rsaenh.dll
0x00007ffe8e960000 - 0x00007ffe8e985000 	C:\Windows\SYSTEM32\bcrypt.dll
0x00007ffe8ed00000 - 0x00007ffe8ed28000 	C:\Windows\SYSTEM32\USERENV.dll
0x00007ffe8e830000 - 0x00007ffe8e83b000 	C:\Windows\SYSTEM32\CRYPTBASE.dll
0x000000006dd70000 - 0x000000006dd8a000 	C:\Program Files\Java\jre1.8.0_181\bin\net.dll
0x00007ffe8e680000 - 0x00007ffe8e6e6000 	C:\Windows\system32\mswsock.dll
0x00007ffe8e400000 - 0x00007ffe8e438000 	C:\Windows\SYSTEM32\IPHLPAPI.DLL
0x00007ffe8ff80000 - 0x00007ffe8ff88000 	C:\Windows\System32\NSI.dll
0x00007ffe873b0000 - 0x00007ffe873c6000 	C:\Windows\SYSTEM32\dhcpcsvc6.DLL
0x00007ffe86f40000 - 0x00007ffe86f5a000 	C:\Windows\SYSTEM32\dhcpcsvc.DLL
0x000000006dd50000 - 0x000000006dd61000 	C:\Program Files\Java\jre1.8.0_181\bin\nio.dll
0x000000006dd20000 - 0x000000006dd44000 	C:\Program Files\Java\jre1.8.0_181\bin\sunec.dll
0x000000006db90000 - 0x000000006db9b000 	C:\Program Files\Java\jre1.8.0_181\bin\sunmscapi.dll
0x00007ffe8f5f0000 - 0x00007ffe8f7d2000 	C:\Windows\System32\CRYPT32.dll
0x00007ffe8ee80000 - 0x00007ffe8ee92000 	C:\Windows\System32\MSASN1.dll
0x00007ffe8e450000 - 0x00007ffe8e50e000 	C:\Windows\SYSTEM32\DNSAPI.dll
0x00007ffe831b0000 - 0x00007ffe831ba000 	C:\Windows\System32\rasadhlp.dll
0x00007ffe82bc0000 - 0x00007ffe82c32000 	C:\Windows\System32\fwpuclnt.dll

VM Arguments:
jvm_args: -Dfile.encoding=Cp1252 
java_command: application.Main
java_class_path (initial): C:\Users\YNS(Nera)\workspace\CodeFest\bin;C:\Users\YNS(Nera)\.p2\pool\plugins\org.eclipse.fx.ide.css.jfx8_1.2.0.201501301049.jar;C:\Users\YNS(Nera)\Desktop\codefest\controlsfx-8.0.5.jar;C:\Users\YNS(Nera)\Desktop\codefest\jfoenix-1.7.0.jar;C:\Users\YNS(Nera)\Desktop\lib\firebase with java\commons-codec-1.3.jar;C:\Users\YNS(Nera)\Desktop\lib\firebase with java\commons-logging-1.1.1.jar;C:\Users\YNS(Nera)\Desktop\lib\firebase with java\firebase-admin-5.2.0.jar;C:\Users\YNS(Nera)\Desktop\lib\firebase with java\google-api-client-1.22.0.jar;C:\Users\YNS(Nera)\Desktop\lib\firebase with java\google-api-client-gson-1.22.0.jar;C:\Users\YNS(Nera)\Desktop\lib\firebase with java\google-http-client-1.22.0.jar;C:\Users\YNS(Nera)\Desktop\lib\firebase with java\google-http-client-gson-1.22.0.jar;C:\Users\YNS(Nera)\Desktop\lib\firebase with java\google-http-client-jackson2-1.22.0.jar;C:\Users\YNS(Nera)\Desktop\lib\firebase with java\google-oauth-client-1.22.0.jar;C:\Users\YNS(Nera)\Desktop\lib\firebase with java\gson-2.1.jar;C:\Users\YNS(Nera)\Desktop\lib\firebase with java\guava-20.0.jar;C:\Users\YNS(Nera)\Desktop\lib\firebase with java\httpclient-4.0.1.jar;C:\Users\YNS(Nera)\Desktop\lib\firebase with java\httpcore-4.0.1.jar;C:\Users\YNS(Nera)\Desktop\lib\firebase with java\jackson-core-2.1.3.jar;C:\Users\YNS(Nera)\Desktop\lib\firebase with java\json-20160810.jar;C:\Users\YNS(Nera)\Desktop\lib\firebase with java\jsr305-1.3.9.jar
Launcher Type: SUN_STANDARD

Environment Variables:
JAVA_HOME=C:\Program Files\Java\jdk1.8.0_181
JRE_HOME=C:\Program Files\Java\jre1.8.0_181
CLASSPATH=C:\Program Files\Java\jdk1.8.0_181\bin;C:\Program Files\Java\jre1.8.0_181;
PATH=C:/Program Files/Java/jre1.8.0_181/bin/server;C:/Program Files/Java/jre1.8.0_181/bin;C:/Program Files/Java/jre1.8.0_181/lib/amd64;C:\Program Files (x86)\Common Files\Oracle\Java\javapath;C:\Program Files\Anaconda3;C:\Program Files\Anaconda3\Library\mingw-w64\bin;C:\Program Files\Anaconda3\Library\usr\bin;C:\Program Files\Anaconda3\Library\bin;C:\Program Files\Anaconda3\Scripts;C:\Program Files\Microsoft MPI\Bin\;C:\oraclexe\app\oracle\product\11.2.0\server\bin;C:\Windows\system32;C:\Windows;C:\Windows\System32\Wbem;C:\Windows\System32\WindowsPowerShell\v1.0\;C:\Windows\System32\OpenSSH\;C:\Program Files\Java\jdk1.8.0_181\bin;C:\Program Files\Java\jre1.8.0_181\bin;C:\Program Files\nodejs\;C:\Program Files (x86)\Microsoft SQL Server\130\Tools\Binn\;C:\Program Files\Microsoft SQL Server\130\Tools\Binn\;C:\Program Files (x86)\Microsoft SQL Server\130\DTS\Binn\;C:\Program Files\Microsoft SQL Server\130\DTS\Binn\;C:\Program Files\Microsoft SQL Server\Client SDK\ODBC\130\Tools\Binn\;C:\Program Files (x86)\Microsoft SQL Server\Client SDK\ODBC\130\Tools\Binn\;C:\Program Files (x86)\Microsoft SQL Server\140\Tools\Binn\;C:\Program Files (x86)\Microsoft SQL Server\140\DTS\Binn\;C:\Program Files (x86)\Microsoft SQL Server\140\Tools\Binn\ManagementStudio\;C:\Program Files (x86)\Microsoft SQL Server\110\DTS\Binn\;C:\Program Files (x86)\Microsof;C:\Program Files\PuTTY\;C:\Program Files\Git\cmd;C:\Users\YNS(Nera)\Miniconda3;C:\Users\YNS(Nera)\Miniconda3\Library\mingw-w64\bin;C:\Users\YNS(Nera)\Miniconda3\Library\usr\bin;C:\Users\YNS(Nera)\Miniconda3\Library\bin;C:\Users\YNS(Nera)\Miniconda3\Scripts;C:\Users\YNS(Nera)\AppData\Local\Programs\Python\Python36-32\Scripts\;C:\Users\YNS(Nera)\AppData\Local\Programs\Python\Python36-32\;C:\Users\YNS(Nera)\AppData\Local\Microsoft\WindowsApps;C:\Program Files (x86)\Microsoft VS Code\bin;C:\Users\YNS(Nera)\AppData\Roaming\npm;C:\Users\YNS(Nera)\AppData\Local\GitHubDesktop\bin;;C:\Users\YNS(Nera)\Desktop;
USERNAME=YNS(Nera)
OS=Windows_NT
PROCESSOR_IDENTIFIER=Intel64 Family 6 Model 78 Stepping 3, GenuineIntel



---------------  S Y S T E M  ---------------

OS: Windows 10.0 , 64 bit Build 17134 (10.0.17134.1)

CPU:total 4 (initial active 4) (2 cores per cpu, 2 threads per core) family 6 model 78 stepping 3, cmov, cx8, fxsr, mmx, sse, sse2, sse3, ssse3, sse4.1, sse4.2, popcnt, avx, avx2, aes, clmul, erms, 3dnowpref, lzcnt, ht, tsc, tscinvbit, bmi1, bmi2, adx

Memory: 4k page, physical 16612200k(4899624k free), swap 27015544k(0k free)

vm_info: Java HotSpot(TM) 64-Bit Server VM (25.181-b13) for windows-amd64 JRE (1.8.0_181-b13), built on Jul  7 2018 04:01:33 by "java_re" with MS VC++ 10.0 (VS2010)

time: Wed Sep 19 18:51:09 2018
elapsed time: 2726 seconds (0d 0h 45m 26s)

