#
# There is insufficient memory for the Java Runtime Environment to continue.
# Native memory allocation (malloc) failed to allocate 32744 bytes for ChunkPool::allocate
# Possible reasons:
#   The system is out of physical RAM or swap space
#   In 32 bit mode, the process size limit was hit
# Possible solutions:
#   Reduce memory load on the system
#   Increase physical memory or swap space
#   Check if swap backing store is full
#   Use 64 bit Java on a 64 bit OS
#   Decrease Java heap size (-Xmx/-Xms)
#   Decrease number of Java threads
#   Decrease Java thread stack sizes (-Xss)
#   Set larger code cache with -XX:ReservedCodeCacheSize=
# This output file may be truncated or incomplete.
#
#  Out of Memory Error (allocation.cpp:273), pid=2856, tid=0x00000000000009f4
#
# JRE version: Java(TM) SE Runtime Environment (8.0_181-b13) (build 1.8.0_181-b13)
# Java VM: Java HotSpot(TM) 64-Bit Server VM (25.181-b13 mixed mode windows-amd64 compressed oops)
# Failed to write core dump. Minidumps are not enabled by default on client versions of Windows
#

---------------  T H R E A D  ---------------

Current thread (0x000000001c078800):  JavaThread "C2 CompilerThread1" daemon [_thread_in_vm, id=2548, stack(0x000000001d7d0000,0x000000001d8d0000)]

Stack: [0x000000001d7d0000,0x000000001d8d0000]
[error occurred during error reporting (printing stack bounds), id 0xc0000005]

Native frames: (J=compiled Java code, j=interpreted, Vv=VM code, C=native code)


Current CompileTask:
C2:3505995 2992       4       javafx.scene.Parent::<init> (208 bytes)


---------------  P R O C E S S  ---------------

Java Threads: ( => current thread )
  0x000000001c07a800 JavaThread "FirebaseDatabaseEventTarget" daemon [_thread_in_Java, id=14664, stack(0x0000000026f30000,0x0000000027030000)]
  0x000000001c07b800 JavaThread "TubeSockWriter-1" [_thread_blocked, id=5896, stack(0x0000000026e30000,0x0000000026f30000)]
  0x000000001c077000 JavaThread "TubeSockReader-1" [_thread_in_native, id=12452, stack(0x0000000026d30000,0x0000000026e30000)]
  0x000000001c07a000 JavaThread "pool-6-thread-1" [_thread_blocked, id=14620, stack(0x0000000026c30000,0x0000000026d30000)]
  0x000000001e768800 JavaThread "FirebaseDatabaseWorker" daemon [_thread_blocked, id=13172, stack(0x0000000025360000,0x0000000025460000)]
  0x000000001e6d9800 JavaThread "Prism Font Disposer" daemon [_thread_blocked, id=5392, stack(0x0000000025060000,0x0000000025160000)]
  0x000000001e1ce000 JavaThread "Thread-3" daemon [_thread_in_native, id=12448, stack(0x00000000238e0000,0x00000000239e0000)]
  0x000000001e1d3800 JavaThread "JavaFX-Launcher" [_thread_blocked, id=11816, stack(0x00000000239e0000,0x0000000023ae0000)]
  0x000000001ddb0000 JavaThread "JavaFX Application Thread" [_thread_in_native, id=14152, stack(0x000000001ed10000,0x000000001ee10000)]
  0x000000001e166800 JavaThread "Thread-1" daemon [_thread_blocked, id=13904, stack(0x000000001ec10000,0x000000001ed10000)]
  0x000000001dd93800 JavaThread "QuantumRenderer-0" daemon [_thread_blocked, id=5444, stack(0x000000001e950000,0x000000001ea50000)]
  0x000000001c0cd800 JavaThread "Service Thread" daemon [_thread_blocked, id=11708, stack(0x000000001ddd0000,0x000000001ded0000)]
  0x000000001c079000 JavaThread "C1 CompilerThread2" daemon [_thread_blocked, id=8788, stack(0x000000001d8d0000,0x000000001d9d0000)]
=>0x000000001c078800 JavaThread "C2 CompilerThread1" daemon [_thread_in_vm, id=2548, stack(0x000000001d7d0000,0x000000001d8d0000)]
  0x000000001c071800 JavaThread "C2 CompilerThread0" daemon [_thread_in_native, id=2160, stack(0x000000001d6d0000,0x000000001d7d0000)]
  0x000000001c06e800 JavaThread "Attach Listener" daemon [_thread_blocked, id=8012, stack(0x000000001d5d0000,0x000000001d6d0000)]
  0x000000001c06d800 JavaThread "Signal Dispatcher" daemon [_thread_blocked, id=2836, stack(0x000000001d4d0000,0x000000001d5d0000)]
  0x000000001c05a800 JavaThread "Finalizer" daemon [_thread_blocked, id=13600, stack(0x000000001d2e0000,0x000000001d3e0000)]
  0x0000000002a11800 JavaThread "Reference Handler" daemon [_thread_blocked, id=4448, stack(0x000000001d1e0000,0x000000001d2e0000)]
  0x0000000002923800 JavaThread "main" [_thread_blocked, id=13116, stack(0x00000000027d0000,0x00000000028d0000)]

Other Threads:
  0x000000001c038000 VMThread [stack: 0x000000001d0e0000,0x000000001d1e0000] [id=9092]
  0x000000001da24800 WatcherThread [stack: 0x000000001ded0000,0x000000001dfd0000] [id=10372]

VM state:not at safepoint (normal execution)

VM Mutex/Monitor currently owned by a thread: None

Heap:
 PSYoungGen      total 117248K, used 60769K [0x000000076b800000, 0x0000000776200000, 0x00000007c0000000)
  eden space 94720K, 60% used [0x000000076b800000,0x000000076efb4310,0x0000000771480000)
  from space 22528K, 16% used [0x0000000771480000,0x0000000771824230,0x0000000772a80000)
  to   space 21504K, 0% used [0x0000000774d00000,0x0000000774d00000,0x0000000776200000)
 ParOldGen       total 167424K, used 45421K [0x00000006c2800000, 0x00000006ccb80000, 0x000000076b800000)
  object space 167424K, 27% used [0x00000006c2800000,0x00000006c545b7e0,0x00000006ccb80000)
 Metaspace       used 22677K, capacity 23384K, committed 23680K, reserved 1069056K
  class space    used 3140K, capacity 3340K, committed 3456K, reserved 1048576K

Card table byte_map: [0x0000000011ee0000,0x00000000126d0000] byte_map_base: 0x000000000e8cc000

Marking Bits: (ParMarkBitMap*) 0x000000006e612d00
 Begin Bits: [0x0000000013020000, 0x0000000016f80000)
 End Bits:   [0x0000000016f80000, 0x000000001aee0000)

Polling page: 0x0000000000b00000

CodeCache: size=245760Kb used=7923Kb max_used=9112Kb free=237836Kb
 bounds [0x0000000002b20000, 0x0000000003410000, 0x0000000011b20000]
 total_blobs=3156 nmethods=2542 adapters=525
 compilation: enabled

Compilation events (10 events):
Event: 3504.458 Thread 0x000000001c079000 2988       1       javafx.animation.KeyValue::getInterpolator (5 bytes)
Event: 3504.458 Thread 0x000000001c079000 nmethod 2988 0x0000000003134190 code [0x00000000031342e0, 0x00000000031343f0]
Event: 3504.458 Thread 0x000000001c079000 2985       1       javafx.scene.chart.XYChart::getYAxis (5 bytes)
Event: 3504.458 Thread 0x000000001c079000 nmethod 2985 0x0000000003153210 code [0x0000000003153360, 0x0000000003153470]
Event: 3504.458 Thread 0x000000001c079000 2983       1       javafx.scene.chart.XYChart$Series::access$2500 (5 bytes)
Event: 3504.458 Thread 0x000000001c079000 nmethod 2983 0x0000000003194510 code [0x0000000003194660, 0x0000000003194750]
Event: 3504.458 Thread 0x000000001c079000 2989       1       javafx.scene.chart.XYChart$Series::access$900 (5 bytes)
Event: 3504.458 Thread 0x000000001c079000 nmethod 2989 0x000000000326ebd0 code [0x000000000326ed20, 0x000000000326ee10]
Event: 3504.861 Thread 0x000000001c071800 2991       4       javafx.scene.layout.Region::<init> (161 bytes)
Event: 3504.862 Thread 0x000000001c078800 2992       4       javafx.scene.Parent::<init> (208 bytes)

GC Heap History (10 events):
Event: 167.570 GC heap before
{Heap before GC invocations=6 (full 1):
 PSYoungGen      total 67584K, used 67168K [0x000000076b800000, 0x0000000773a00000, 0x00000007c0000000)
  eden space 65024K, 100% used [0x000000076b800000,0x000000076f780000,0x000000076f780000)
  from space 2560K, 83% used [0x0000000773780000,0x0000000773998000,0x0000000773a00000)
  to   space 10752K, 0% used [0x0000000772500000,0x0000000772500000,0x0000000772f80000)
 ParOldGen       total 167424K, used 45397K [0x00000006c2800000, 0x00000006ccb80000, 0x000000076b800000)
  object space 167424K, 27% used [0x00000006c2800000,0x00000006c54557e0,0x00000006ccb80000)
 Metaspace       used 22548K, capacity 23314K, committed 23680K, reserved 1069056K
  class space    used 3138K, capacity 3339K, committed 3456K, reserved 1048576K
Event: 167.630 GC heap after
Heap after GC invocations=6 (full 1):
 PSYoungGen      total 108032K, used 2400K [0x000000076b800000, 0x0000000774d00000, 0x00000007c0000000)
  eden space 97280K, 0% used [0x000000076b800000,0x000000076b800000,0x0000000771700000)
  from space 10752K, 22% used [0x0000000772500000,0x0000000772758000,0x0000000772f80000)
  to   space 27648K, 0% used [0x0000000773200000,0x0000000773200000,0x0000000774d00000)
 ParOldGen       total 167424K, used 45397K [0x00000006c2800000, 0x00000006ccb80000, 0x000000076b800000)
  object space 167424K, 27% used [0x00000006c2800000,0x00000006c54557e0,0x00000006ccb80000)
 Metaspace       used 22548K, capacity 23314K, committed 23680K, reserved 1069056K
  class space    used 3138K, capacity 3339K, committed 3456K, reserved 1048576K
}
Event: 172.131 GC heap before
{Heap before GC invocations=7 (full 1):
 PSYoungGen      total 108032K, used 99680K [0x000000076b800000, 0x0000000774d00000, 0x00000007c0000000)
  eden space 97280K, 100% used [0x000000076b800000,0x0000000771700000,0x0000000771700000)
  from space 10752K, 22% used [0x0000000772500000,0x0000000772758000,0x0000000772f80000)
  to   space 27648K, 0% used [0x0000000773200000,0x0000000773200000,0x0000000774d00000)
 ParOldGen       total 167424K, used 45397K [0x00000006c2800000, 0x00000006ccb80000, 0x000000076b800000)
  object space 167424K, 27% used [0x00000006c2800000,0x00000006c54557e0,0x00000006ccb80000)
 Metaspace       used 22587K, capacity 23314K, committed 23680K, reserved 1069056K
  class space    used 3138K, capacity 3339K, committed 3456K, reserved 1048576K
Event: 172.136 GC heap after
Heap after GC invocations=7 (full 1):
 PSYoungGen      total 116736K, used 2976K [0x000000076b800000, 0x0000000774700000, 0x00000007c0000000)
  eden space 95232K, 0% used [0x000000076b800000,0x000000076b800000,0x0000000771500000)
  from space 21504K, 13% used [0x0000000773200000,0x00000007734e8000,0x0000000774700000)
  to   space 25600K, 0% used [0x0000000771500000,0x0000000771500000,0x0000000772e00000)
 ParOldGen       total 167424K, used 45405K [0x00000006c2800000, 0x00000006ccb80000, 0x000000076b800000)
  object space 167424K, 27% used [0x00000006c2800000,0x00000006c54577e0,0x00000006ccb80000)
 Metaspace       used 22587K, capacity 23314K, committed 23680K, reserved 1069056K
  class space    used 3138K, capacity 3339K, committed 3456K, reserved 1048576K
}
Event: 176.325 GC heap before
{Heap before GC invocations=8 (full 1):
 PSYoungGen      total 116736K, used 98208K [0x000000076b800000, 0x0000000774700000, 0x00000007c0000000)
  eden space 95232K, 100% used [0x000000076b800000,0x0000000771500000,0x0000000771500000)
  from space 21504K, 13% used [0x0000000773200000,0x00000007734e8000,0x0000000774700000)
  to   space 25600K, 0% used [0x0000000771500000,0x0000000771500000,0x0000000772e00000)
 ParOldGen       total 167424K, used 45405K [0x00000006c2800000, 0x00000006ccb80000, 0x000000076b800000)
  object space 167424K, 27% used [0x00000006c2800000,0x00000006c54577e0,0x00000006ccb80000)
 Metaspace       used 22610K, capacity 23314K, committed 23680K, reserved 1069056K
  class space    used 3138K, capacity 3339K, committed 3456K, reserved 1048576K
Event: 176.374 GC heap after
Heap after GC invocations=8 (full 1):
 PSYoungGen      total 96768K, used 3232K [0x000000076b800000, 0x0000000774200000, 0x00000007c0000000)
  eden space 93184K, 0% used [0x000000076b800000,0x000000076b800000,0x0000000771300000)
  from space 3584K, 90% used [0x0000000771500000,0x0000000771828000,0x0000000771880000)
  to   space 24064K, 0% used [0x0000000772a80000,0x0000000772a80000,0x0000000774200000)
 ParOldGen       total 167424K, used 45405K [0x00000006c2800000, 0x00000006ccb80000, 0x000000076b800000)
  object space 167424K, 27% used [0x00000006c2800000,0x00000006c54577e0,0x00000006ccb80000)
 Metaspace       used 22610K, capacity 23314K, committed 23680K, reserved 1069056K
  class space    used 3138K, capacity 3339K, committed 3456K, reserved 1048576K
}
Event: 179.462 GC heap before
{Heap before GC invocations=9 (full 1):
 PSYoungGen      total 96768K, used 96416K [0x000000076b800000, 0x0000000774200000, 0x00000007c0000000)
  eden space 93184K, 100% used [0x000000076b800000,0x0000000771300000,0x0000000771300000)
  from space 3584K, 90% used [0x0000000771500000,0x0000000771828000,0x0000000771880000)
  to   space 24064K, 0% used [0x0000000772a80000,0x0000000772a80000,0x0000000774200000)
 ParOldGen       total 167424K, used 45405K [0x00000006c2800000, 0x00000006ccb80000, 0x000000076b800000)
  object space 167424K, 27% used [0x00000006c2800000,0x00000006c54577e0,0x00000006ccb80000)
 Metaspace       used 22613K, capacity 23314K, committed 23680K, reserved 1069056K
  class space    used 3138K, capacity 3339K, committed 3456K, reserved 1048576K
Event: 179.641 GC heap after
Heap after GC invocations=9 (full 1):
 PSYoungGen      total 118784K, used 3648K [0x000000076b800000, 0x0000000777f00000, 0x00000007c0000000)
  eden space 94720K, 0% used [0x000000076b800000,0x000000076b800000,0x0000000771480000)
  from space 24064K, 15% used [0x0000000772a80000,0x0000000772e10000,0x0000000774200000)
  to   space 22528K, 0% used [0x0000000771480000,0x0000000771480000,0x0000000772a80000)
 ParOldGen       total 167424K, used 45413K [0x00000006c2800000, 0x00000006ccb80000, 0x000000076b800000)
  object space 167424K, 27% used [0x00000006c2800000,0x00000006c54597e0,0x00000006ccb80000)
 Metaspace       used 22613K, capacity 23314K, committed 23680K, reserved 1069056K
  class space    used 3138K, capacity 3339K, committed 3456K, reserved 1048576K
}
Event: 3502.154 GC heap before
{Heap before GC invocations=10 (full 1):
 PSYoungGen      total 118784K, used 98368K [0x000000076b800000, 0x0000000777f00000, 0x00000007c0000000)
  eden space 94720K, 100% used [0x000000076b800000,0x0000000771480000,0x0000000771480000)
  from space 24064K, 15% used [0x0000000772a80000,0x0000000772e10000,0x0000000774200000)
  to   space 22528K, 0% used [0x0000000771480000,0x0000000771480000,0x0000000772a80000)
 ParOldGen       total 167424K, used 45413K [0x00000006c2800000, 0x00000006ccb80000, 0x000000076b800000)
  object space 167424K, 27% used [0x00000006c2800000,0x00000006c54597e0,0x00000006ccb80000)
 Metaspace       used 22662K, capacity 23384K, committed 23680K, reserved 1069056K
  class space    used 3140K, capacity 3340K, committed 3456K, reserved 1048576K
Event: 3502.778 GC heap after
Heap after GC invocations=10 (full 1):
 PSYoungGen      total 117248K, used 3728K [0x000000076b800000, 0x0000000776200000, 0x00000007c0000000)
  eden space 94720K, 0% used [0x000000076b800000,0x000000076b800000,0x0000000771480000)
  from space 22528K, 16% used [0x0000000771480000,0x0000000771824230,0x0000000772a80000)
  to   space 21504K, 0% used [0x0000000774d00000,0x0000000774d00000,0x0000000776200000)
 ParOldGen       total 167424K, used 45421K [0x00000006c2800000, 0x00000006ccb80000, 0x000000076b800000)
  object space 167424K, 27% used [0x00000006c2800000,0x00000006c545b7e0,0x00000006ccb80000)
 Metaspace       used 22662K, capacity 23384K, committed 23680K, reserved 1069056K
  class space    used 3140K, capacity 3340K, committed 3456K, reserved 1048576K
}

Deoptimization events (10 events):
Event: 5.923 Thread 0x000000001c07a800 Uncommon trap: reason=array_check action=maybe_recompile pc=0x000000000332b0b0 method=com.sun.javafx.css.CompoundSelector.applies(Ljavafx/css/Styleable;[Ljava/util/Set;I)Z @ 128
Event: 5.924 Thread 0x000000001c07a800 Uncommon trap: reason=array_check action=maybe_recompile pc=0x000000000332b0b0 method=com.sun.javafx.css.CompoundSelector.applies(Ljavafx/css/Styleable;[Ljava/util/Set;I)Z @ 128
Event: 5.924 Thread 0x000000001c07a800 Uncommon trap: reason=array_check action=maybe_recompile pc=0x000000000332b0b0 method=com.sun.javafx.css.CompoundSelector.applies(Ljavafx/css/Styleable;[Ljava/util/Set;I)Z @ 128
Event: 5.975 Thread 0x000000001c07a800 Uncommon trap: reason=array_check action=maybe_recompile pc=0x00000000033510a4 method=com.sun.javafx.css.SimpleSelector.applies(Ljavafx/css/Styleable;[Ljava/util/Set;I)Z @ 37
Event: 163.654 Thread 0x000000001e1ce000 Uncommon trap: reason=unstable_if action=reinterpret pc=0x0000000003397118 method=com.sun.javafx.tk.quantum.QuantumToolkit.postPulse()V @ 44
Event: 3302.465 Thread 0x000000001c076000 Uncommon trap: reason=speculate_class_check action=maybe_recompile pc=0x00000000033a2998 method=java.util.HashMap.removeNode(ILjava/lang/Object;Ljava/lang/Object;ZZ)Ljava/util/HashMap$Node; @ 283
Event: 3302.466 Thread 0x000000001c076000 Uncommon trap: reason=speculate_class_check action=maybe_recompile pc=0x00000000033a2998 method=java.util.HashMap.removeNode(ILjava/lang/Object;Ljava/lang/Object;ZZ)Ljava/util/HashMap$Node; @ 283
Event: 3302.466 Thread 0x000000001c076000 Uncommon trap: reason=speculate_class_check action=maybe_recompile pc=0x00000000033a2998 method=java.util.HashMap.removeNode(ILjava/lang/Object;Ljava/lang/Object;ZZ)Ljava/util/HashMap$Node; @ 283
Event: 3302.589 Thread 0x000000001c076000 Uncommon trap: reason=speculate_class_check action=maybe_recompile pc=0x00000000033a2998 method=java.util.HashMap.removeNode(ILjava/lang/Object;Ljava/lang/Object;ZZ)Ljava/util/HashMap$Node; @ 283
Event: 3302.590 Thread 0x000000001c076000 Uncommon trap: reason=class_check action=maybe_recompile pc=0x0000000003395ebc method=java.util.HashMap.removeNode(ILjava/lang/Object;Ljava/lang/Object;ZZ)Ljava/util/HashMap$Node; @ 283

Classes redefined (0 events):
No events

Internal exceptions (10 events):
Event: 1.061 Thread 0x000000001ddb0000 Exception <a 'java/lang/ArrayIndexOutOfBoundsException'> (0x000000076c7d8548) thrown at [C:\re\workspace\8-2-build-windows-amd64-cygwin\jdk8u181\11358\hotspot\src\share\vm\runtime\sharedRuntime.cpp, line 605]
Event: 1.062 Thread 0x000000001ddb0000 Exception <a 'java/lang/ArrayIndexOutOfBoundsException'> (0x000000076c7da260) thrown at [C:\re\workspace\8-2-build-windows-amd64-cygwin\jdk8u181\11358\hotspot\src\share\vm\runtime\sharedRuntime.cpp, line 605]
Event: 1.075 Thread 0x000000001ddb0000 Implicit null exception at 0x0000000002dd0396 to 0x0000000002dd0741
Event: 1.075 Thread 0x000000001ddb0000 Implicit null exception at 0x0000000002d26e16 to 0x0000000002d271c1
Event: 2.420 Thread 0x000000001e691000 Implicit null exception at 0x0000000002dfbc35 to 0x0000000002dfbe65
Event: 2.420 Thread 0x000000001e691000 Implicit null exception at 0x0000000002eb5b58 to 0x0000000002eb5be6
Event: 2.420 Thread 0x000000001e691000 Implicit null exception at 0x0000000002d9fdef to 0x0000000002d9fe59
Event: 5.257 Thread 0x000000001ddb0000 Exception <a 'java/io/FileNotFoundException'> (0x000000076bac1958) thrown at [C:\re\workspace\8-2-build-windows-amd64-cygwin\jdk8u181\11358\hotspot\src\share\vm\prims\jni.cpp, line 709]
Event: 5.340 Thread 0x000000001ddb0000 Exception <a 'java/io/FileNotFoundException'> (0x000000076bdcf828) thrown at [C:\re\workspace\8-2-build-windows-amd64-cygwin\jdk8u181\11358\hotspot\src\share\vm\prims\jni.cpp, line 709]
Event: 5.493 Thread 0x000000001ddb0000 Exception <a 'java/io/FileNotFoundException'> (0x000000076c872b70) thrown at [C:\re\workspace\8-2-build-windows-amd64-cygwin\jdk8u181\11358\hotspot\src\share\vm\prims\jni.cpp, line 709]

Events (10 events):
Event: 3504.457 Thread 0x000000001c079000 flushing nmethod 0x00000000032f8290
Event: 3504.457 Thread 0x000000001c079000 flushing nmethod 0x000000000331cf50
Event: 3504.457 Thread 0x000000001c079000 flushing nmethod 0x0000000003323110
Event: 3504.457 Thread 0x000000001c079000 flushing nmethod 0x00000000033249d0
Event: 3504.457 Thread 0x000000001c079000 flushing nmethod 0x0000000003325790
Event: 3504.457 Thread 0x000000001c079000 flushing nmethod 0x0000000003325d90
Event: 3504.457 Thread 0x000000001c079000 flushing nmethod 0x000000000332ad50
Event: 3504.457 Thread 0x000000001c079000 flushing nmethod 0x0000000003341b50
Event: 3504.457 Thread 0x000000001c079000 flushing nmethod 0x0000000003342150
Event: 3504.457 Thread 0x000000001c079000 flushing nmethod 0x000000000334d6d0


Dynamic libraries:
0x00007ff6455f0000 - 0x00007ff645627000 	C:\Program Files\Java\jre1.8.0_181\bin\javaw.exe
0x00007ffe92af0000 - 0x00007ffe92cd1000 	C:\Windows\SYSTEM32\ntdll.dll
0x00007ffe91d20000 - 0x00007ffe91dd2000 	C:\Windows\System32\KERNEL32.DLL
0x00007ffe8f980000 - 0x00007ffe8fbf3000 	C:\Windows\System32\KERNELBASE.dll
0x00007ffe92a10000 - 0x00007ffe92ab1000 	C:\Windows\System32\ADVAPI32.dll
0x00007ffe91df0000 - 0x00007ffe91e8e000 	C:\Windows\System32\msvcrt.dll
0x00007ffe925c0000 - 0x00007ffe9261b000 	C:\Windows\System32\sechost.dll
0x00007ffe927d0000 - 0x00007ffe928f4000 	C:\Windows\System32\RPCRT4.dll
0x00007ffe92250000 - 0x00007ffe923e0000 	C:\Windows\System32\USER32.dll
0x00007ffe8f5d0000 - 0x00007ffe8f5f0000 	C:\Windows\System32\win32u.dll
0x00007ffe91e90000 - 0x00007ffe91eb8000 	C:\Windows\System32\GDI32.dll
0x00007ffe8f7e0000 - 0x00007ffe8f972000 	C:\Windows\System32\gdi32full.dll
0x00007ffe8fee0000 - 0x00007ffe8ff7f000 	C:\Windows\System32\msvcp_win.dll
0x00007ffe8fc00000 - 0x00007ffe8fcfa000 	C:\Windows\System32\ucrtbase.dll
0x00007ffe81660000 - 0x00007ffe818c9000 	C:\Windows\WinSxS\amd64_microsoft.windows.common-controls_6595b64144ccf1df_6.0.17134.285_none_fb4297e330656775\COMCTL32.dll
0x00007ffe91f20000 - 0x00007ffe92243000 	C:\Windows\System32\combase.dll
0x00007ffe8fd00000 - 0x00007ffe8fd7a000 	C:\Windows\System32\bcryptPrimitives.dll
0x00007ffe900f0000 - 0x00007ffe9011d000 	C:\Windows\System32\IMM32.DLL
0x000000006dc40000 - 0x000000006dd12000 	C:\Program Files\Java\jre1.8.0_181\bin\msvcr100.dll
0x000000006ddf0000 - 0x000000006e692000 	C:\Program Files\Java\jre1.8.0_181\bin\server\jvm.dll
0x00007ffe90120000 - 0x00007ffe90128000 	C:\Windows\System32\PSAPI.DLL
0x00007ffe8da00000 - 0x00007ffe8da09000 	C:\Windows\SYSTEM32\WSOCK32.dll
0x00007ffe92620000 - 0x00007ffe9268c000 	C:\Windows\System32\WS2_32.dll
0x00007ffe8a650000 - 0x00007ffe8a673000 	C:\Windows\SYSTEM32\WINMM.dll
0x00007ffe85830000 - 0x00007ffe8583a000 	C:\Windows\SYSTEM32\VERSION.dll
0x00007ffe8a620000 - 0x00007ffe8a64a000 	C:\Windows\SYSTEM32\WINMMBASE.dll
0x00007ffe8fe90000 - 0x00007ffe8fed9000 	C:\Windows\System32\cfgmgr32.dll
0x000000006dde0000 - 0x000000006ddef000 	C:\Program Files\Java\jre1.8.0_181\bin\verify.dll
0x000000006ddb0000 - 0x000000006ddd9000 	C:\Program Files\Java\jre1.8.0_181\bin\java.dll
0x000000006dd90000 - 0x000000006dda6000 	C:\Program Files\Java\jre1.8.0_181\bin\zip.dll
0x00007ffe90810000 - 0x00007ffe91c50000 	C:\Windows\System32\SHELL32.dll
0x00007ffe92960000 - 0x00007ffe92a09000 	C:\Windows\System32\shcore.dll
0x00007ffe8eec0000 - 0x00007ffe8f5cd000 	C:\Windows\System32\windows.storage.dll
0x00007ffe92900000 - 0x00007ffe92951000 	C:\Windows\System32\shlwapi.dll
0x00007ffe8ee50000 - 0x00007ffe8ee61000 	C:\Windows\System32\kernel.appcore.dll
0x00007ffe8eea0000 - 0x00007ffe8eebf000 	C:\Windows\System32\profapi.dll
0x00007ffe8ee00000 - 0x00007ffe8ee4c000 	C:\Windows\System32\powrprof.dll
0x00007ffe8ee70000 - 0x00007ffe8ee7a000 	C:\Windows\System32\FLTLIB.DLL
0x0000000000b40000 - 0x0000000000b43000 	C:\Program Files\Java\jre1.8.0_181\bin\api-ms-win-core-console-l1-1-0.dll
0x0000000000b50000 - 0x0000000000b53000 	C:\Program Files\Java\jre1.8.0_181\bin\api-ms-win-core-datetime-l1-1-0.dll
0x00000000028d0000 - 0x00000000028d3000 	C:\Program Files\Java\jre1.8.0_181\bin\api-ms-win-core-debug-l1-1-0.dll
0x00000000028e0000 - 0x00000000028e3000 	C:\Program Files\Java\jre1.8.0_181\bin\api-ms-win-core-errorhandling-l1-1-0.dll
0x00000000028f0000 - 0x00000000028f4000 	C:\Program Files\Java\jre1.8.0_181\bin\api-ms-win-core-file-l1-1-0.dll
0x0000000002900000 - 0x0000000002903000 	C:\Program Files\Java\jre1.8.0_181\bin\api-ms-win-core-file-l1-2-0.dll
0x0000000002a70000 - 0x0000000002a73000 	C:\Program Files\Java\jre1.8.0_181\bin\api-ms-win-core-file-l2-1-0.dll
0x0000000002a80000 - 0x0000000002a83000 	C:\Program Files\Java\jre1.8.0_181\bin\api-ms-win-core-handle-l1-1-0.dll
0x0000000002a90000 - 0x0000000002a93000 	C:\Program Files\Java\jre1.8.0_181\bin\api-ms-win-core-heap-l1-1-0.dll
0x0000000002aa0000 - 0x0000000002aa3000 	C:\Program Files\Java\jre1.8.0_181\bin\api-ms-win-core-interlocked-l1-1-0.dll
0x0000000002ab0000 - 0x0000000002ab3000 	C:\Program Files\Java\jre1.8.0_181\bin\api-ms-win-core-libraryloader-l1-1-0.dll
0x0000000002ac0000 - 0x0000000002ac3000 	C:\Program Files\Java\jre1.8.0_181\bin\api-ms-win-core-localization-l1-2-0.dll
0x0000000002ad0000 - 0x0000000002ad3000 	C:\Program Files\Java\jre1.8.0_181\bin\api-ms-win-core-memory-l1-1-0.dll
0x0000000002ae0000 - 0x0000000002ae3000 	C:\Program Files\Java\jre1.8.0_181\bin\api-ms-win-core-namedpipe-l1-1-0.dll
0x0000000002af0000 - 0x0000000002af3000 	C:\Program Files\Java\jre1.8.0_181\bin\api-ms-win-core-processenvironment-l1-1-0.dll
0x0000000002b00000 - 0x0000000002b03000 	C:\Program Files\Java\jre1.8.0_181\bin\api-ms-win-core-processthreads-l1-1-0.dll
0x000000001dfd0000 - 0x000000001dfd3000 	C:\Program Files\Java\jre1.8.0_181\bin\api-ms-win-core-processthreads-l1-1-1.dll
0x000000001dfe0000 - 0x000000001dfe3000 	C:\Program Files\Java\jre1.8.0_181\bin\api-ms-win-core-profile-l1-1-0.dll
0x000000001dff0000 - 0x000000001dff3000 	C:\Program Files\Java\jre1.8.0_181\bin\api-ms-win-core-rtlsupport-l1-1-0.dll
0x000000001e000000 - 0x000000001e003000 	C:\Program Files\Java\jre1.8.0_181\bin\api-ms-win-core-string-l1-1-0.dll
0x000000001e010000 - 0x000000001e013000 	C:\Program Files\Java\jre1.8.0_181\bin\api-ms-win-core-synch-l1-1-0.dll
0x000000001e020000 - 0x000000001e023000 	C:\Program Files\Java\jre1.8.0_181\bin\api-ms-win-core-synch-l1-2-0.dll
0x000000001e030000 - 0x000000001e033000 	C:\Program Files\Java\jre1.8.0_181\bin\api-ms-win-core-sysinfo-l1-1-0.dll
0x000000001e040000 - 0x000000001e043000 	C:\Program Files\Java\jre1.8.0_181\bin\api-ms-win-core-timezone-l1-1-0.dll
0x000000001e050000 - 0x000000001e053000 	C:\Program Files\Java\jre1.8.0_181\bin\api-ms-win-core-util-l1-1-0.dll
0x000000001e060000 - 0x000000001e063000 	C:\Program Files\Java\jre1.8.0_181\bin\api-ms-win-crt-conio-l1-1-0.dll
0x000000001e070000 - 0x000000001e074000 	C:\Program Files\Java\jre1.8.0_181\bin\api-ms-win-crt-convert-l1-1-0.dll
0x000000001e080000 - 0x000000001e083000 	C:\Program Files\Java\jre1.8.0_181\bin\api-ms-win-crt-environment-l1-1-0.dll
0x000000001e090000 - 0x000000001e093000 	C:\Program Files\Java\jre1.8.0_181\bin\api-ms-win-crt-filesystem-l1-1-0.dll
0x000000001e0a0000 - 0x000000001e0a3000 	C:\Program Files\Java\jre1.8.0_181\bin\api-ms-win-crt-heap-l1-1-0.dll
0x000000001e0b0000 - 0x000000001e0b3000 	C:\Program Files\Java\jre1.8.0_181\bin\api-ms-win-crt-locale-l1-1-0.dll
0x000000001e0c0000 - 0x000000001e0c5000 	C:\Program Files\Java\jre1.8.0_181\bin\api-ms-win-crt-math-l1-1-0.dll
0x000000001e0d0000 - 0x000000001e0d5000 	C:\Program Files\Java\jre1.8.0_181\bin\api-ms-win-crt-multibyte-l1-1-0.dll
0x000000001e0e0000 - 0x000000001e0f0000 	C:\Program Files\Java\jre1.8.0_181\bin\api-ms-win-crt-private-l1-1-0.dll
0x000000001e0f0000 - 0x000000001e0f3000 	C:\Program Files\Java\jre1.8.0_181\bin\api-ms-win-crt-process-l1-1-0.dll
0x000000001e100000 - 0x000000001e104000 	C:\Program Files\Java\jre1.8.0_181\bin\api-ms-win-crt-runtime-l1-1-0.dll
0x000000001e110000 - 0x000000001e114000 	C:\Program Files\Java\jre1.8.0_181\bin\api-ms-win-crt-stdio-l1-1-0.dll
0x000000001e120000 - 0x000000001e124000 	C:\Program Files\Java\jre1.8.0_181\bin\api-ms-win-crt-string-l1-1-0.dll
0x000000001e130000 - 0x000000001e133000 	C:\Program Files\Java\jre1.8.0_181\bin\api-ms-win-crt-time-l1-1-0.dll
0x000000001e140000 - 0x000000001e143000 	C:\Program Files\Java\jre1.8.0_181\bin\api-ms-win-crt-utility-l1-1-0.dll
0x00007ffe6d100000 - 0x00007ffe6d1f6000 	C:\Program Files\Java\jre1.8.0_181\bin\ucrtbase.dll
0x00007ffe8a600000 - 0x00007ffe8a616000 	C:\Program Files\Java\jre1.8.0_181\bin\vcruntime140.dll
0x00007ffe6d060000 - 0x00007ffe6d0fc000 	C:\Program Files\Java\jre1.8.0_181\bin\msvcp140.dll
0x00007ffe713c0000 - 0x00007ffe71411000 	C:\Program Files\Java\jre1.8.0_181\bin\concrt140.dll
0x000000006dc10000 - 0x000000006dc33000 	C:\Program Files\Java\jre1.8.0_181\bin\prism_d3d.dll
0x00007ffe48d60000 - 0x00007ffe48ef7000 	C:\Windows\system32\d3d9.dll
0x00007ffe8c7f0000 - 0x00007ffe8c819000 	C:\Windows\SYSTEM32\dwmapi.dll
0x00007ffe8c430000 - 0x00007ffe8c4c8000 	C:\Windows\system32\uxtheme.dll
0x00007ffe43550000 - 0x00007ffe48d5d000 	C:\Windows\System32\DriverStore\FileRepository\ki124769.inf_amd64_e5e7af49c5a8fe4b\igdumdim64.dll
0x00007ffe91c50000 - 0x00007ffe91d12000 	C:\Windows\System32\OLEAUT32.dll
0x00007ffe8ff90000 - 0x00007ffe900e1000 	C:\Windows\System32\ole32.dll
0x00007ffe903c0000 - 0x00007ffe9080b000 	C:\Windows\System32\SETUPAPI.dll
0x000000006dbc0000 - 0x000000006dc09000 	C:\Program Files\Java\jre1.8.0_181\bin\glass.dll
0x00007ffe90130000 - 0x00007ffe9021d000 	C:\Windows\System32\COMDLG32.dll
0x00007ffe92440000 - 0x00007ffe925b5000 	C:\Windows\System32\MSCTF.dll
0x00007ffe85dc0000 - 0x00007ffe86f1d000 	C:\Windows\System32\DriverStore\FileRepository\ki124769.inf_amd64_e5e7af49c5a8fe4b\igc64.dll
0x000000006dba0000 - 0x000000006dbb4000 	C:\Program Files\Java\jre1.8.0_181\bin\javafx_font.dll
0x00007ffe7edb0000 - 0x00007ffe7f0cc000 	C:\Windows\SYSTEM32\dwrite.dll
0x00007ffe8e840000 - 0x00007ffe8e857000 	C:\Windows\SYSTEM32\CRYPTSP.dll
0x00007ffe8e260000 - 0x00007ffe8e293000 	C:\Windows\system32\rsaenh.dll
0x00007ffe8e960000 - 0x00007ffe8e985000 	C:\Windows\SYSTEM32\bcrypt.dll
0x00007ffe8ed00000 - 0x00007ffe8ed28000 	C:\Windows\SYSTEM32\USERENV.dll
0x00007ffe8e830000 - 0x00007ffe8e83b000 	C:\Windows\SYSTEM32\CRYPTBASE.dll
0x000000006dd70000 - 0x000000006dd8a000 	C:\Program Files\Java\jre1.8.0_181\bin\net.dll
0x00007ffe8e680000 - 0x00007ffe8e6e6000 	C:\Windows\system32\mswsock.dll
0x00007ffe8e400000 - 0x00007ffe8e438000 	C:\Windows\SYSTEM32\IPHLPAPI.DLL
0x00007ffe8ff80000 - 0x00007ffe8ff88000 	C:\Windows\System32\NSI.dll
0x00007ffe873b0000 - 0x00007ffe873c6000 	C:\Windows\SYSTEM32\dhcpcsvc6.DLL
0x00007ffe86f40000 - 0x00007ffe86f5a000 	C:\Windows\SYSTEM32\dhcpcsvc.DLL
0x000000006dd50000 - 0x000000006dd61000 	C:\Program Files\Java\jre1.8.0_181\bin\nio.dll
0x000000006dd20000 - 0x000000006dd44000 	C:\Program Files\Java\jre1.8.0_181\bin\sunec.dll
0x000000006db90000 - 0x000000006db9b000 	C:\Program Files\Java\jre1.8.0_181\bin\sunmscapi.dll
0x00007ffe8f5f0000 - 0x00007ffe8f7d2000 	C:\Windows\System32\CRYPT32.dll
0x00007ffe8ee80000 - 0x00007ffe8ee92000 	C:\Windows\System32\MSASN1.dll
0x00007ffe8e450000 - 0x00007ffe8e50e000 	C:\Windows\SYSTEM32\DNSAPI.dll
0x00007ffe831b0000 - 0x00007ffe831ba000 	C:\Windows\System32\rasadhlp.dll
0x00007ffe82bc0000 - 0x00007ffe82c32000 	C:\Windows\System32\fwpuclnt.dll

VM Arguments:
jvm_args: -Dfile.encoding=Cp1252 
java_command: application.Main
java_class_path (initial): C:\Users\YNS(Nera)\workspace\CodeFest\bin;C:\Users\YNS(Nera)\.p2\pool\plugins\org.eclipse.fx.ide.css.jfx8_1.2.0.201501301049.jar;C:\Users\YNS(Nera)\Desktop\codefest\controlsfx-8.0.5.jar;C:\Users\YNS(Nera)\Desktop\codefest\jfoenix-1.7.0.jar;C:\Users\YNS(Nera)\Desktop\lib\firebase with java\commons-codec-1.3.jar;C:\Users\YNS(Nera)\Desktop\lib\firebase with java\commons-logging-1.1.1.jar;C:\Users\YNS(Nera)\Desktop\lib\firebase with java\firebase-admin-5.2.0.jar;C:\Users\YNS(Nera)\Desktop\lib\firebase with java\google-api-client-1.22.0.jar;C:\Users\YNS(Nera)\Desktop\lib\firebase with java\google-api-client-gson-1.22.0.jar;C:\Users\YNS(Nera)\Desktop\lib\firebase with java\google-http-client-1.22.0.jar;C:\Users\YNS(Nera)\Desktop\lib\firebase with java\google-http-client-gson-1.22.0.jar;C:\Users\YNS(Nera)\Desktop\lib\firebase with java\google-http-client-jackson2-1.22.0.jar;C:\Users\YNS(Nera)\Desktop\lib\firebase with java\google-oauth-client-1.22.0.jar;C:\Users\YNS(Nera)\Desktop\lib\firebase with java\gson-2.1.jar;C:\Users\YNS(Nera)\Desktop\lib\firebase with java\guava-20.0.jar;C:\Users\YNS(Nera)\Desktop\lib\firebase with java\httpclient-4.0.1.jar;C:\Users\YNS(Nera)\Desktop\lib\firebase with java\httpcore-4.0.1.jar;C:\Users\YNS(Nera)\Desktop\lib\firebase with java\jackson-core-2.1.3.jar;C:\Users\YNS(Nera)\Desktop\lib\firebase with java\json-20160810.jar;C:\Users\YNS(Nera)\Desktop\lib\firebase with java\jsr305-1.3.9.jar
Launcher Type: SUN_STANDARD

Environment Variables:
JAVA_HOME=C:\Program Files\Java\jdk1.8.0_181
JRE_HOME=C:\Program Files\Java\jre1.8.0_181
CLASSPATH=C:\Program Files\Java\jdk1.8.0_181\bin;C:\Program Files\Java\jre1.8.0_181;
PATH=C:/Program Files/Java/jre1.8.0_181/bin/server;C:/Program Files/Java/jre1.8.0_181/bin;C:/Program Files/Java/jre1.8.0_181/lib/amd64;C:\Program Files (x86)\Common Files\Oracle\Java\javapath;C:\Program Files\Anaconda3;C:\Program Files\Anaconda3\Library\mingw-w64\bin;C:\Program Files\Anaconda3\Library\usr\bin;C:\Program Files\Anaconda3\Library\bin;C:\Program Files\Anaconda3\Scripts;C:\Program Files\Microsoft MPI\Bin\;C:\oraclexe\app\oracle\product\11.2.0\server\bin;C:\Windows\system32;C:\Windows;C:\Windows\System32\Wbem;C:\Windows\System32\WindowsPowerShell\v1.0\;C:\Windows\System32\OpenSSH\;C:\Program Files\Java\jdk1.8.0_181\bin;C:\Program Files\Java\jre1.8.0_181\bin;C:\Program Files\nodejs\;C:\Program Files (x86)\Microsoft SQL Server\130\Tools\Binn\;C:\Program Files\Microsoft SQL Server\130\Tools\Binn\;C:\Program Files (x86)\Microsoft SQL Server\130\DTS\Binn\;C:\Program Files\Microsoft SQL Server\130\DTS\Binn\;C:\Program Files\Microsoft SQL Server\Client SDK\ODBC\130\Tools\Binn\;C:\Program Files (x86)\Microsoft SQL Server\Client SDK\ODBC\130\Tools\Binn\;C:\Program Files (x86)\Microsoft SQL Server\140\Tools\Binn\;C:\Program Files (x86)\Microsoft SQL Server\140\DTS\Binn\;C:\Program Files (x86)\Microsoft SQL Server\140\Tools\Binn\ManagementStudio\;C:\Program Files (x86)\Microsoft SQL Server\110\DTS\Binn\;C:\Program Files (x86)\Microsof;C:\Program Files\PuTTY\;C:\Program Files\Git\cmd;C:\Users\YNS(Nera)\Miniconda3;C:\Users\YNS(Nera)\Miniconda3\Library\mingw-w64\bin;C:\Users\YNS(Nera)\Miniconda3\Library\usr\bin;C:\Users\YNS(Nera)\Miniconda3\Library\bin;C:\Users\YNS(Nera)\Miniconda3\Scripts;C:\Users\YNS(Nera)\AppData\Local\Programs\Python\Python36-32\Scripts\;C:\Users\YNS(Nera)\AppData\Local\Programs\Python\Python36-32\;C:\Users\YNS(Nera)\AppData\Local\Microsoft\WindowsApps;C:\Program Files (x86)\Microsoft VS Code\bin;C:\Users\YNS(Nera)\AppData\Roaming\npm;C:\Users\YNS(Nera)\AppData\Local\GitHubDesktop\bin;;C:\Users\YNS(Nera)\Desktop;
USERNAME=YNS(Nera)
OS=Windows_NT
PROCESSOR_IDENTIFIER=Intel64 Family 6 Model 78 Stepping 3, GenuineIntel



---------------  S Y S T E M  ---------------

OS: Windows 10.0 , 64 bit Build 17134 (10.0.17134.1)

CPU:total 4 (initial active 4) (2 cores per cpu, 2 threads per core) family 6 model 78 stepping 3, cmov, cx8, fxsr, mmx, sse, sse2, sse3, ssse3, sse4.1, sse4.2, popcnt, avx, avx2, aes, clmul, erms, 3dnowpref, lzcnt, ht, tsc, tscinvbit, bmi1, bmi2, adx

Memory: 4k page, physical 16612200k(5383928k free), swap 27015544k(2156k free)

vm_info: Java HotSpot(TM) 64-Bit Server VM (25.181-b13) for windows-amd64 JRE (1.8.0_181-b13), built on Jul  7 2018 04:01:33 by "java_re" with MS VC++ 10.0 (VS2010)

time: Wed Sep 19 18:51:07 2018
elapsed time: 3504 seconds (0d 0h 58m 24s)

