#
# There is insufficient memory for the Java Runtime Environment to continue.
# Native memory allocation (malloc) failed to allocate 32784 bytes for Chunk::new
# Possible reasons:
#   The system is out of physical RAM or swap space
#   In 32 bit mode, the process size limit was hit
# Possible solutions:
#   Reduce memory load on the system
#   Increase physical memory or swap space
#   Check if swap backing store is full
#   Use 64 bit Java on a 64 bit OS
#   Decrease Java heap size (-Xmx/-Xms)
#   Decrease number of Java threads
#   Decrease Java thread stack sizes (-Xss)
#   Set larger code cache with -XX:ReservedCodeCacheSize=
# This output file may be truncated or incomplete.
#
#  Out of Memory Error (allocation.cpp:390), pid=11492, tid=0x00000000000011c0
#
# JRE version: Java(TM) SE Runtime Environment (8.0_181-b13) (build 1.8.0_181-b13)
# Java VM: Java HotSpot(TM) 64-Bit Server VM (25.181-b13 mixed mode windows-amd64 compressed oops)
# Failed to write core dump. Minidumps are not enabled by default on client versions of Windows
#

---------------  T H R E A D  ---------------

Current thread (0x000000001bc08000):  JavaThread "C2 CompilerThread1" daemon [_thread_in_native, id=4544, stack(0x000000001d340000,0x000000001d440000)]

Stack: [0x000000001d340000,0x000000001d440000]
[error occurred during error reporting (printing stack bounds), id 0xc0000005]

Native frames: (J=compiled Java code, j=interpreted, Vv=VM code, C=native code)


Current CompileTask:
C2:3036285 2863       4       javafx.scene.layout.Region::<init> (161 bytes)


---------------  P R O C E S S  ---------------

Java Threads: ( => current thread )
  0x00000000233ee800 JavaThread "Prism Font Disposer" daemon [_thread_blocked, id=11936, stack(0x0000000026ac0000,0x0000000026bc0000)]
  0x00000000233f0000 JavaThread "FirebaseDatabaseEventTarget" daemon [_thread_in_Java, id=1848, stack(0x00000000269c0000,0x0000000026ac0000)]
  0x00000000233ef800 JavaThread "TubeSockWriter-1" [_thread_blocked, id=13980, stack(0x00000000268c0000,0x00000000269c0000)]
  0x00000000233eb800 JavaThread "TubeSockReader-1" [_thread_in_native, id=2432, stack(0x00000000267c0000,0x00000000268c0000)]
  0x000000002341a800 JavaThread "pool-6-thread-1" [_thread_blocked, id=7928, stack(0x00000000266c0000,0x00000000267c0000)]
  0x000000002313b800 JavaThread "FirebaseDatabaseWorker" daemon [_thread_blocked, id=13360, stack(0x0000000024df0000,0x0000000024ef0000)]
  0x000000001d938800 JavaThread "Thread-3" daemon [_thread_in_native, id=4108, stack(0x00000000234f0000,0x00000000235f0000)]
  0x000000001d8cd000 JavaThread "JavaFX-Launcher" [_thread_blocked, id=11516, stack(0x00000000235f0000,0x00000000236f0000)]
  0x000000001d8ab000 JavaThread "JavaFX Application Thread" [_thread_in_native, id=11724, stack(0x000000001e120000,0x000000001e220000)]
  0x000000001d8a3000 JavaThread "Thread-1" daemon [_thread_blocked, id=13908, stack(0x000000001e020000,0x000000001e120000)]
  0x000000001d863800 JavaThread "QuantumRenderer-0" daemon [_thread_blocked, id=8576, stack(0x000000001dd30000,0x000000001de30000)]
  0x000000001d56d000 JavaThread "Service Thread" daemon [_thread_blocked, id=10592, stack(0x000000001d940000,0x000000001da40000)]
  0x000000001bc0e800 JavaThread "C1 CompilerThread2" daemon [_thread_blocked, id=13112, stack(0x000000001d440000,0x000000001d540000)]
=>0x000000001bc08000 JavaThread "C2 CompilerThread1" daemon [_thread_in_native, id=4544, stack(0x000000001d340000,0x000000001d440000)]
  0x000000001bc01800 JavaThread "C2 CompilerThread0" daemon [_thread_in_native, id=2932, stack(0x000000001d240000,0x000000001d340000)]
  0x000000001bbfe800 JavaThread "Attach Listener" daemon [_thread_blocked, id=13020, stack(0x000000001d140000,0x000000001d240000)]
  0x000000001bbfd800 JavaThread "Signal Dispatcher" daemon [_thread_blocked, id=13344, stack(0x000000001d040000,0x000000001d140000)]
  0x000000001bbea800 JavaThread "Finalizer" daemon [_thread_blocked, id=13564, stack(0x000000001ce50000,0x000000001cf50000)]
  0x0000000002611800 JavaThread "Reference Handler" daemon [_thread_blocked, id=9048, stack(0x000000001cd50000,0x000000001ce50000)]
  0x0000000002523800 JavaThread "main" [_thread_blocked, id=14892, stack(0x0000000002410000,0x0000000002510000)]

Other Threads:
  0x000000001bbc8000 VMThread [stack: 0x000000001cc50000,0x000000001cd50000] [id=15152]
  0x000000001d592800 WatcherThread [stack: 0x000000001da40000,0x000000001db40000] [id=12276]

VM state:not at safepoint (normal execution)

VM Mutex/Monitor currently owned by a thread: None

Heap:
 PSYoungGen      total 113664K, used 106741K [0x000000076b800000, 0x0000000773a00000, 0x00000007c0000000)
  eden space 111104K, 93% used [0x000000076b800000,0x0000000771de5760,0x0000000772480000)
  from space 2560K, 93% used [0x0000000773780000,0x00000007739d8000,0x0000000773a00000)
  to   space 10752K, 0% used [0x0000000772500000,0x0000000772500000,0x0000000772f80000)
 ParOldGen       total 168960K, used 45391K [0x00000006c2800000, 0x00000006ccd00000, 0x000000076b800000)
  object space 168960K, 26% used [0x00000006c2800000,0x00000006c5453d58,0x00000006ccd00000)
 Metaspace       used 22569K, capacity 23257K, committed 23424K, reserved 1069056K
  class space    used 3132K, capacity 3343K, committed 3456K, reserved 1048576K

Card table byte_map: [0x0000000011a70000,0x0000000012260000] byte_map_base: 0x000000000e45c000

Marking Bits: (ParMarkBitMap*) 0x000000006e612d00
 Begin Bits: [0x0000000012bb0000, 0x0000000016b10000)
 End Bits:   [0x0000000016b10000, 0x000000001aa70000)

Polling page: 0x00000000003f0000

CodeCache: size=245760Kb used=9162Kb max_used=9424Kb free=236597Kb
 bounds [0x00000000026b0000, 0x0000000002ff0000, 0x00000000116b0000]
 total_blobs=3373 nmethods=2760 adapters=525
 compilation: enabled

Compilation events (10 events):
Event: 3034.484 Thread 0x000000001bc01800 2857       4       java.lang.String::compareTo (78 bytes)
Event: 3034.487 Thread 0x000000001bc01800 nmethod 2857 0x00000000027cd0d0 code [0x00000000027cd220, 0x00000000027cd3b8]
Event: 3035.270 Thread 0x000000001bc08000 2859       4       com.sun.javafx.collections.ListListenerHelper$Generic::<init> (7 bytes)
Event: 3035.272 Thread 0x000000001bc08000 nmethod 2859 0x000000000282bdd0 code [0x000000000282bf20, 0x000000000282c0f8]
Event: 3035.293 Thread 0x000000001bc01800 2860       4       javafx.scene.Node::focusTraversableProperty (25 bytes)
Event: 3035.294 Thread 0x000000001bc01800 nmethod 2860 0x00000000027c1110 code [0x00000000027c1260, 0x00000000027c1378]
Event: 3035.298 Thread 0x000000001bc08000 2861       4       javafx.collections.FXCollections$UnmodifiableObservableListImpl::<init> (40 bytes)
Event: 3035.302 Thread 0x000000001bc01800 2862       4       javafx.scene.Parent::<init> (208 bytes)
Event: 3035.306 Thread 0x000000001bc08000 nmethod 2861 0x00000000027be810 code [0x00000000027be9c0, 0x00000000027befd8]
Event: 3035.307 Thread 0x000000001bc08000 2863       4       javafx.scene.layout.Region::<init> (161 bytes)

GC Heap History (10 events):
Event: 0.902 GC heap before
{Heap before GC invocations=1 (full 0):
 PSYoungGen      total 75776K, used 56909K [0x000000076b800000, 0x0000000770c80000, 0x00000007c0000000)
  eden space 65024K, 87% used [0x000000076b800000,0x000000076ef934b0,0x000000076f780000)
  from space 10752K, 0% used [0x0000000770200000,0x0000000770200000,0x0000000770c80000)
  to   space 10752K, 0% used [0x000000076f780000,0x000000076f780000,0x0000000770200000)
 ParOldGen       total 173568K, used 0K [0x00000006c2800000, 0x00000006cd180000, 0x000000076b800000)
  object space 173568K, 0% used [0x00000006c2800000,0x00000006c2800000,0x00000006cd180000)
 Metaspace       used 11636K, capacity 12042K, committed 12288K, reserved 1060864K
  class space    used 1554K, capacity 1673K, committed 1792K, reserved 1048576K
Event: 0.912 GC heap after
Heap after GC invocations=1 (full 0):
 PSYoungGen      total 75776K, used 8886K [0x000000076b800000, 0x0000000774c00000, 0x00000007c0000000)
  eden space 65024K, 0% used [0x000000076b800000,0x000000076b800000,0x000000076f780000)
  from space 10752K, 82% used [0x000000076f780000,0x000000077002da20,0x0000000770200000)
  to   space 10752K, 0% used [0x0000000774180000,0x0000000774180000,0x0000000774c00000)
 ParOldGen       total 173568K, used 20080K [0x00000006c2800000, 0x00000006cd180000, 0x000000076b800000)
  object space 173568K, 11% used [0x00000006c2800000,0x00000006c3b9c030,0x00000006cd180000)
 Metaspace       used 11636K, capacity 12042K, committed 12288K, reserved 1060864K
  class space    used 1554K, capacity 1673K, committed 1792K, reserved 1048576K
}
Event: 4.460 GC heap before
{Heap before GC invocations=2 (full 0):
 PSYoungGen      total 75776K, used 60310K [0x000000076b800000, 0x0000000774c00000, 0x00000007c0000000)
  eden space 65024K, 79% used [0x000000076b800000,0x000000076ea38040,0x000000076f780000)
  from space 10752K, 82% used [0x000000076f780000,0x000000077002da20,0x0000000770200000)
  to   space 10752K, 0% used [0x0000000774180000,0x0000000774180000,0x0000000774c00000)
 ParOldGen       total 173568K, used 20080K [0x00000006c2800000, 0x00000006cd180000, 0x000000076b800000)
  object space 173568K, 11% used [0x00000006c2800000,0x00000006c3b9c030,0x00000006cd180000)
 Metaspace       used 20494K, capacity 21121K, committed 21296K, reserved 1067008K
  class space    used 2749K, capacity 2944K, committed 2944K, reserved 1048576K
Event: 4.477 GC heap after
Heap after GC invocations=2 (full 0):
 PSYoungGen      total 75776K, used 10735K [0x000000076b800000, 0x0000000774c00000, 0x00000007c0000000)
  eden space 65024K, 0% used [0x000000076b800000,0x000000076b800000,0x000000076f780000)
  from space 10752K, 99% used [0x0000000774180000,0x0000000774bfbc70,0x0000000774c00000)
  to   space 10752K, 0% used [0x000000076f780000,0x000000076f780000,0x0000000770200000)
 ParOldGen       total 173568K, used 34936K [0x00000006c2800000, 0x00000006cd180000, 0x000000076b800000)
  object space 173568K, 20% used [0x00000006c2800000,0x00000006c4a1e330,0x00000006cd180000)
 Metaspace       used 20494K, capacity 21121K, committed 21296K, reserved 1067008K
  class space    used 2749K, capacity 2944K, committed 2944K, reserved 1048576K
}
Event: 4.477 GC heap before
{Heap before GC invocations=3 (full 1):
 PSYoungGen      total 75776K, used 10735K [0x000000076b800000, 0x0000000774c00000, 0x00000007c0000000)
  eden space 65024K, 0% used [0x000000076b800000,0x000000076b800000,0x000000076f780000)
  from space 10752K, 99% used [0x0000000774180000,0x0000000774bfbc70,0x0000000774c00000)
  to   space 10752K, 0% used [0x000000076f780000,0x000000076f780000,0x0000000770200000)
 ParOldGen       total 173568K, used 34936K [0x00000006c2800000, 0x00000006cd180000, 0x000000076b800000)
  object space 173568K, 20% used [0x00000006c2800000,0x00000006c4a1e330,0x00000006cd180000)
 Metaspace       used 20494K, capacity 21121K, committed 21296K, reserved 1067008K
  class space    used 2749K, capacity 2944K, committed 2944K, reserved 1048576K
Event: 4.522 GC heap after
Heap after GC invocations=3 (full 1):
 PSYoungGen      total 75776K, used 0K [0x000000076b800000, 0x0000000774c00000, 0x00000007c0000000)
  eden space 65024K, 0% used [0x000000076b800000,0x000000076b800000,0x000000076f780000)
  from space 10752K, 0% used [0x0000000774180000,0x0000000774180000,0x0000000774c00000)
  to   space 10752K, 0% used [0x000000076f780000,0x000000076f780000,0x0000000770200000)
 ParOldGen       total 168960K, used 45375K [0x00000006c2800000, 0x00000006ccd00000, 0x000000076b800000)
  object space 168960K, 26% used [0x00000006c2800000,0x00000006c544fd58,0x00000006ccd00000)
 Metaspace       used 20494K, capacity 21121K, committed 21296K, reserved 1067008K
  class space    used 2749K, capacity 2944K, committed 2944K, reserved 1048576K
}
Event: 3024.244 GC heap before
{Heap before GC invocations=4 (full 1):
 PSYoungGen      total 75776K, used 65024K [0x000000076b800000, 0x0000000774c00000, 0x00000007c0000000)
  eden space 65024K, 100% used [0x000000076b800000,0x000000076f780000,0x000000076f780000)
  from space 10752K, 0% used [0x0000000774180000,0x0000000774180000,0x0000000774c00000)
  to   space 10752K, 0% used [0x000000076f780000,0x000000076f780000,0x0000000770200000)
 ParOldGen       total 168960K, used 45375K [0x00000006c2800000, 0x00000006ccd00000, 0x000000076b800000)
  object space 168960K, 26% used [0x00000006c2800000,0x00000006c544fd58,0x00000006ccd00000)
 Metaspace       used 22496K, capacity 23257K, committed 23424K, reserved 1069056K
  class space    used 3131K, capacity 3343K, committed 3456K, reserved 1048576K
Event: 3025.354 GC heap after
Heap after GC invocations=4 (full 1):
 PSYoungGen      total 75776K, used 2176K [0x000000076b800000, 0x0000000774200000, 0x00000007c0000000)
  eden space 65024K, 0% used [0x000000076b800000,0x000000076b800000,0x000000076f780000)
  from space 10752K, 20% used [0x000000076f780000,0x000000076f9a0000,0x0000000770200000)
  to   space 10752K, 0% used [0x0000000773780000,0x0000000773780000,0x0000000774200000)
 ParOldGen       total 168960K, used 45383K [0x00000006c2800000, 0x00000006ccd00000, 0x000000076b800000)
  object space 168960K, 26% used [0x00000006c2800000,0x00000006c5451d58,0x00000006ccd00000)
 Metaspace       used 22496K, capacity 23257K, committed 23424K, reserved 1069056K
  class space    used 3131K, capacity 3343K, committed 3456K, reserved 1048576K
}
Event: 3030.849 GC heap before
{Heap before GC invocations=5 (full 1):
 PSYoungGen      total 75776K, used 67200K [0x000000076b800000, 0x0000000774200000, 0x00000007c0000000)
  eden space 65024K, 100% used [0x000000076b800000,0x000000076f780000,0x000000076f780000)
  from space 10752K, 20% used [0x000000076f780000,0x000000076f9a0000,0x0000000770200000)
  to   space 10752K, 0% used [0x0000000773780000,0x0000000773780000,0x0000000774200000)
 ParOldGen       total 168960K, used 45383K [0x00000006c2800000, 0x00000006ccd00000, 0x000000076b800000)
  object space 168960K, 26% used [0x00000006c2800000,0x00000006c5451d58,0x00000006ccd00000)
 Metaspace       used 22538K, capacity 23257K, committed 23424K, reserved 1069056K
  class space    used 3132K, capacity 3343K, committed 3456K, reserved 1048576K
Event: 3031.321 GC heap after
Heap after GC invocations=5 (full 1):
 PSYoungGen      total 113664K, used 2400K [0x000000076b800000, 0x0000000773a00000, 0x00000007c0000000)
  eden space 111104K, 0% used [0x000000076b800000,0x000000076b800000,0x0000000772480000)
  from space 2560K, 93% used [0x0000000773780000,0x00000007739d8000,0x0000000773a00000)
  to   space 10752K, 0% used [0x0000000772500000,0x0000000772500000,0x0000000772f80000)
 ParOldGen       total 168960K, used 45391K [0x00000006c2800000, 0x00000006ccd00000, 0x000000076b800000)
  object space 168960K, 26% used [0x00000006c2800000,0x00000006c5453d58,0x00000006ccd00000)
 Metaspace       used 22538K, capacity 23257K, committed 23424K, reserved 1069056K
  class space    used 3132K, capacity 3343K, committed 3456K, reserved 1048576K
}

Deoptimization events (10 events):
Event: 4.426 Thread 0x00000000233f0000 Uncommon trap: reason=unstable_if action=reinterpret pc=0x0000000002963618 method=java.lang.AbstractStringBuilder.append(Ljava/lang/String;)Ljava/lang/AbstractStringBuilder; @ 1
Event: 4.427 Thread 0x00000000233f0000 Uncommon trap: reason=unstable_if action=reinterpret pc=0x00000000028b4618 method=java.lang.AbstractStringBuilder.append(Ljava/lang/String;)Ljava/lang/AbstractStringBuilder; @ 1
Event: 4.552 Thread 0x000000001d8ab000 Uncommon trap: reason=unstable_if action=reinterpret pc=0x0000000002c79264 method=javafx.beans.property.ObjectPropertyBase.get()Ljava/lang/Object; @ 9
Event: 4.757 Thread 0x00000000233f0000 Uncommon trap: reason=unstable_if action=reinterpret pc=0x0000000002c76b60 method=java.util.HashMap$HashIterator.<init>(Ljava/util/HashMap;)V @ 45
Event: 4.773 Thread 0x00000000233f0000 Uncommon trap: reason=unstable_if action=reinterpret pc=0x0000000002ddfee4 method=javafx.scene.Node.notifyAccessibleAttributeChanged(Ljavafx/scene/AccessibleAttribute;)V @ 13
Event: 4.839 Thread 0x00000000233f0000 Uncommon trap: reason=unstable_if action=reinterpret pc=0x0000000002e3c86c method=javafx.scene.Node.calcEffectiveNodeOrientation()B @ 48
Event: 5.461 Thread 0x000000001d8ab000 Uncommon trap: reason=array_check action=maybe_recompile pc=0x0000000002eca918 method=com.sun.javafx.css.SimpleSelector.applies(Ljavafx/css/Styleable;[Ljava/util/Set;I)Z @ 37
Event: 5.462 Thread 0x000000001d8ab000 Uncommon trap: reason=array_check action=maybe_recompile pc=0x0000000002eca918 method=com.sun.javafx.css.SimpleSelector.applies(Ljavafx/css/Styleable;[Ljava/util/Set;I)Z @ 37
Event: 5.462 Thread 0x000000001d8ab000 Uncommon trap: reason=array_check action=maybe_recompile pc=0x0000000002eca918 method=com.sun.javafx.css.SimpleSelector.applies(Ljavafx/css/Styleable;[Ljava/util/Set;I)Z @ 37
Event: 5.462 Thread 0x000000001d8ab000 Uncommon trap: reason=array_check action=maybe_recompile pc=0x0000000002eca918 method=com.sun.javafx.css.SimpleSelector.applies(Ljavafx/css/Styleable;[Ljava/util/Set;I)Z @ 37

Classes redefined (0 events):
No events

Internal exceptions (10 events):
Event: 1.106 Thread 0x000000001d8ab000 Exception <a 'java/lang/ArrayIndexOutOfBoundsException'> (0x000000076c7db420) thrown at [C:\re\workspace\8-2-build-windows-amd64-cygwin\jdk8u181\11358\hotspot\src\share\vm\runtime\sharedRuntime.cpp, line 605]
Event: 2.312 Thread 0x00000000233a8800 Implicit null exception at 0x0000000002990fb5 to 0x00000000029911e5
Event: 2.312 Thread 0x00000000233a8800 Implicit null exception at 0x0000000002af7d5b to 0x0000000002af84d1
Event: 2.312 Thread 0x00000000233a8800 Implicit null exception at 0x0000000002990caf to 0x0000000002990d19
Event: 4.426 Thread 0x00000000233f0000 Implicit null exception at 0x0000000002963256 to 0x0000000002963601
Event: 4.427 Thread 0x00000000233f0000 Implicit null exception at 0x00000000028b4256 to 0x00000000028b4601
Event: 4.647 Thread 0x000000001d8ab000 Exception <a 'java/io/FileNotFoundException'> (0x000000076c06e258) thrown at [C:\re\workspace\8-2-build-windows-amd64-cygwin\jdk8u181\11358\hotspot\src\share\vm\prims\jni.cpp, line 709]
Event: 4.724 Thread 0x000000001d8ab000 Exception <a 'java/io/FileNotFoundException'> (0x000000076c279cc8) thrown at [C:\re\workspace\8-2-build-windows-amd64-cygwin\jdk8u181\11358\hotspot\src\share\vm\prims\jni.cpp, line 709]
Event: 4.851 Thread 0x000000001d8ab000 Implicit null exception at 0x0000000002e4461c to 0x0000000002e44a0d
Event: 4.851 Thread 0x000000001d8ab000 Exception <a 'java/lang/NullPointerException'> (0x000000076ca87178) thrown at [C:\re\workspace\8-2-build-windows-amd64-cygwin\jdk8u181\11358\hotspot\src\share\vm\runtime\sharedRuntime.cpp, line 605]

Events (10 events):
Event: 3035.306 Thread 0x000000001bc08000 flushing nmethod 0x00000000028a4110
Event: 3035.307 Thread 0x000000001bc08000 flushing nmethod 0x00000000028afdd0
Event: 3035.307 Thread 0x000000001bc08000 flushing nmethod 0x00000000028b3010
Event: 3035.307 Thread 0x000000001bc08000 flushing nmethod 0x00000000028b40d0
Event: 3035.307 Thread 0x000000001bc08000 flushing nmethod 0x00000000028c1250
Event: 3035.307 Thread 0x000000001bc08000 flushing nmethod 0x00000000028cbb50
Event: 3035.307 Thread 0x000000001bc08000 flushing nmethod 0x00000000028dd850
Event: 3035.307 Thread 0x000000001bc08000 flushing nmethod 0x00000000028e0fd0
Event: 3035.307 Thread 0x000000001bc08000 flushing nmethod 0x00000000028e7dd0
Event: 3035.307 Thread 0x000000001bc08000 flushing nmethod 0x00000000028f8d50


Dynamic libraries:
0x00007ff6455f0000 - 0x00007ff645627000 	C:\Program Files\Java\jre1.8.0_181\bin\javaw.exe
0x00007ffe92af0000 - 0x00007ffe92cd1000 	C:\Windows\SYSTEM32\ntdll.dll
0x00007ffe91d20000 - 0x00007ffe91dd2000 	C:\Windows\System32\KERNEL32.DLL
0x00007ffe8f980000 - 0x00007ffe8fbf3000 	C:\Windows\System32\KERNELBASE.dll
0x00007ffe92a10000 - 0x00007ffe92ab1000 	C:\Windows\System32\ADVAPI32.dll
0x00007ffe91df0000 - 0x00007ffe91e8e000 	C:\Windows\System32\msvcrt.dll
0x00007ffe925c0000 - 0x00007ffe9261b000 	C:\Windows\System32\sechost.dll
0x00007ffe927d0000 - 0x00007ffe928f4000 	C:\Windows\System32\RPCRT4.dll
0x00007ffe92250000 - 0x00007ffe923e0000 	C:\Windows\System32\USER32.dll
0x00007ffe8f5d0000 - 0x00007ffe8f5f0000 	C:\Windows\System32\win32u.dll
0x00007ffe91e90000 - 0x00007ffe91eb8000 	C:\Windows\System32\GDI32.dll
0x00007ffe8f7e0000 - 0x00007ffe8f972000 	C:\Windows\System32\gdi32full.dll
0x00007ffe8fee0000 - 0x00007ffe8ff7f000 	C:\Windows\System32\msvcp_win.dll
0x00007ffe8fc00000 - 0x00007ffe8fcfa000 	C:\Windows\System32\ucrtbase.dll
0x00007ffe81660000 - 0x00007ffe818c9000 	C:\Windows\WinSxS\amd64_microsoft.windows.common-controls_6595b64144ccf1df_6.0.17134.285_none_fb4297e330656775\COMCTL32.dll
0x00007ffe91f20000 - 0x00007ffe92243000 	C:\Windows\System32\combase.dll
0x00007ffe8fd00000 - 0x00007ffe8fd7a000 	C:\Windows\System32\bcryptPrimitives.dll
0x00007ffe900f0000 - 0x00007ffe9011d000 	C:\Windows\System32\IMM32.DLL
0x000000006dc40000 - 0x000000006dd12000 	C:\Program Files\Java\jre1.8.0_181\bin\msvcr100.dll
0x000000006ddf0000 - 0x000000006e692000 	C:\Program Files\Java\jre1.8.0_181\bin\server\jvm.dll
0x00007ffe90120000 - 0x00007ffe90128000 	C:\Windows\System32\PSAPI.DLL
0x00007ffe8da00000 - 0x00007ffe8da09000 	C:\Windows\SYSTEM32\WSOCK32.dll
0x00007ffe8a650000 - 0x00007ffe8a673000 	C:\Windows\SYSTEM32\WINMM.dll
0x00007ffe85830000 - 0x00007ffe8583a000 	C:\Windows\SYSTEM32\VERSION.dll
0x00007ffe92620000 - 0x00007ffe9268c000 	C:\Windows\System32\WS2_32.dll
0x00007ffe8a620000 - 0x00007ffe8a64a000 	C:\Windows\SYSTEM32\winmmbase.dll
0x00007ffe8fe90000 - 0x00007ffe8fed9000 	C:\Windows\System32\cfgmgr32.dll
0x000000006dde0000 - 0x000000006ddef000 	C:\Program Files\Java\jre1.8.0_181\bin\verify.dll
0x000000006ddb0000 - 0x000000006ddd9000 	C:\Program Files\Java\jre1.8.0_181\bin\java.dll
0x000000006dd90000 - 0x000000006dda6000 	C:\Program Files\Java\jre1.8.0_181\bin\zip.dll
0x00007ffe90810000 - 0x00007ffe91c50000 	C:\Windows\System32\SHELL32.dll
0x00007ffe92960000 - 0x00007ffe92a09000 	C:\Windows\System32\shcore.dll
0x00007ffe8eec0000 - 0x00007ffe8f5cd000 	C:\Windows\System32\windows.storage.dll
0x00007ffe92900000 - 0x00007ffe92951000 	C:\Windows\System32\shlwapi.dll
0x00007ffe8ee50000 - 0x00007ffe8ee61000 	C:\Windows\System32\kernel.appcore.dll
0x00007ffe8eea0000 - 0x00007ffe8eebf000 	C:\Windows\System32\profapi.dll
0x00007ffe8ee00000 - 0x00007ffe8ee4c000 	C:\Windows\System32\powrprof.dll
0x00007ffe8ee70000 - 0x00007ffe8ee7a000 	C:\Windows\System32\FLTLIB.DLL
0x0000000000730000 - 0x0000000000733000 	C:\Program Files\Java\jre1.8.0_181\bin\api-ms-win-core-console-l1-1-0.dll
0x0000000002620000 - 0x0000000002623000 	C:\Program Files\Java\jre1.8.0_181\bin\api-ms-win-core-datetime-l1-1-0.dll
0x0000000002630000 - 0x0000000002633000 	C:\Program Files\Java\jre1.8.0_181\bin\api-ms-win-core-debug-l1-1-0.dll
0x0000000002640000 - 0x0000000002643000 	C:\Program Files\Java\jre1.8.0_181\bin\api-ms-win-core-errorhandling-l1-1-0.dll
0x0000000002650000 - 0x0000000002654000 	C:\Program Files\Java\jre1.8.0_181\bin\api-ms-win-core-file-l1-1-0.dll
0x0000000002660000 - 0x0000000002663000 	C:\Program Files\Java\jre1.8.0_181\bin\api-ms-win-core-file-l1-2-0.dll
0x0000000002670000 - 0x0000000002673000 	C:\Program Files\Java\jre1.8.0_181\bin\api-ms-win-core-file-l2-1-0.dll
0x0000000002680000 - 0x0000000002683000 	C:\Program Files\Java\jre1.8.0_181\bin\api-ms-win-core-handle-l1-1-0.dll
0x0000000002690000 - 0x0000000002693000 	C:\Program Files\Java\jre1.8.0_181\bin\api-ms-win-core-heap-l1-1-0.dll
0x000000001db40000 - 0x000000001db43000 	C:\Program Files\Java\jre1.8.0_181\bin\api-ms-win-core-interlocked-l1-1-0.dll
0x000000001db50000 - 0x000000001db53000 	C:\Program Files\Java\jre1.8.0_181\bin\api-ms-win-core-libraryloader-l1-1-0.dll
0x000000001db60000 - 0x000000001db63000 	C:\Program Files\Java\jre1.8.0_181\bin\api-ms-win-core-localization-l1-2-0.dll
0x000000001db70000 - 0x000000001db73000 	C:\Program Files\Java\jre1.8.0_181\bin\api-ms-win-core-memory-l1-1-0.dll
0x000000001db80000 - 0x000000001db83000 	C:\Program Files\Java\jre1.8.0_181\bin\api-ms-win-core-namedpipe-l1-1-0.dll
0x000000001db90000 - 0x000000001db93000 	C:\Program Files\Java\jre1.8.0_181\bin\api-ms-win-core-processenvironment-l1-1-0.dll
0x000000001dba0000 - 0x000000001dba3000 	C:\Program Files\Java\jre1.8.0_181\bin\api-ms-win-core-processthreads-l1-1-0.dll
0x000000001dbb0000 - 0x000000001dbb3000 	C:\Program Files\Java\jre1.8.0_181\bin\api-ms-win-core-processthreads-l1-1-1.dll
0x000000001dbc0000 - 0x000000001dbc3000 	C:\Program Files\Java\jre1.8.0_181\bin\api-ms-win-core-profile-l1-1-0.dll
0x000000001dbd0000 - 0x000000001dbd3000 	C:\Program Files\Java\jre1.8.0_181\bin\api-ms-win-core-rtlsupport-l1-1-0.dll
0x000000001dbe0000 - 0x000000001dbe3000 	C:\Program Files\Java\jre1.8.0_181\bin\api-ms-win-core-string-l1-1-0.dll
0x000000001dbf0000 - 0x000000001dbf3000 	C:\Program Files\Java\jre1.8.0_181\bin\api-ms-win-core-synch-l1-1-0.dll
0x000000001dc00000 - 0x000000001dc03000 	C:\Program Files\Java\jre1.8.0_181\bin\api-ms-win-core-synch-l1-2-0.dll
0x000000001dc10000 - 0x000000001dc13000 	C:\Program Files\Java\jre1.8.0_181\bin\api-ms-win-core-sysinfo-l1-1-0.dll
0x000000001dc20000 - 0x000000001dc23000 	C:\Program Files\Java\jre1.8.0_181\bin\api-ms-win-core-timezone-l1-1-0.dll
0x000000001dc30000 - 0x000000001dc33000 	C:\Program Files\Java\jre1.8.0_181\bin\api-ms-win-core-util-l1-1-0.dll
0x000000001dc40000 - 0x000000001dc43000 	C:\Program Files\Java\jre1.8.0_181\bin\api-ms-win-crt-conio-l1-1-0.dll
0x000000001dc50000 - 0x000000001dc54000 	C:\Program Files\Java\jre1.8.0_181\bin\api-ms-win-crt-convert-l1-1-0.dll
0x000000001dc60000 - 0x000000001dc63000 	C:\Program Files\Java\jre1.8.0_181\bin\api-ms-win-crt-environment-l1-1-0.dll
0x000000001dc70000 - 0x000000001dc73000 	C:\Program Files\Java\jre1.8.0_181\bin\api-ms-win-crt-filesystem-l1-1-0.dll
0x000000001dc80000 - 0x000000001dc83000 	C:\Program Files\Java\jre1.8.0_181\bin\api-ms-win-crt-heap-l1-1-0.dll
0x000000001dc90000 - 0x000000001dc93000 	C:\Program Files\Java\jre1.8.0_181\bin\api-ms-win-crt-locale-l1-1-0.dll
0x000000001dca0000 - 0x000000001dca5000 	C:\Program Files\Java\jre1.8.0_181\bin\api-ms-win-crt-math-l1-1-0.dll
0x000000001dcb0000 - 0x000000001dcb5000 	C:\Program Files\Java\jre1.8.0_181\bin\api-ms-win-crt-multibyte-l1-1-0.dll
0x000000001dcc0000 - 0x000000001dcd0000 	C:\Program Files\Java\jre1.8.0_181\bin\api-ms-win-crt-private-l1-1-0.dll
0x000000001dcd0000 - 0x000000001dcd3000 	C:\Program Files\Java\jre1.8.0_181\bin\api-ms-win-crt-process-l1-1-0.dll
0x000000001dce0000 - 0x000000001dce4000 	C:\Program Files\Java\jre1.8.0_181\bin\api-ms-win-crt-runtime-l1-1-0.dll
0x000000001dcf0000 - 0x000000001dcf4000 	C:\Program Files\Java\jre1.8.0_181\bin\api-ms-win-crt-stdio-l1-1-0.dll
0x000000001dd00000 - 0x000000001dd04000 	C:\Program Files\Java\jre1.8.0_181\bin\api-ms-win-crt-string-l1-1-0.dll
0x000000001dd10000 - 0x000000001dd13000 	C:\Program Files\Java\jre1.8.0_181\bin\api-ms-win-crt-time-l1-1-0.dll
0x000000001dd20000 - 0x000000001dd23000 	C:\Program Files\Java\jre1.8.0_181\bin\api-ms-win-crt-utility-l1-1-0.dll
0x00007ffe6d100000 - 0x00007ffe6d1f6000 	C:\Program Files\Java\jre1.8.0_181\bin\ucrtbase.dll
0x00007ffe8a600000 - 0x00007ffe8a616000 	C:\Program Files\Java\jre1.8.0_181\bin\vcruntime140.dll
0x00007ffe6d060000 - 0x00007ffe6d0fc000 	C:\Program Files\Java\jre1.8.0_181\bin\msvcp140.dll
0x00007ffe713c0000 - 0x00007ffe71411000 	C:\Program Files\Java\jre1.8.0_181\bin\concrt140.dll
0x000000006dc10000 - 0x000000006dc33000 	C:\Program Files\Java\jre1.8.0_181\bin\prism_d3d.dll
0x00007ffe48d60000 - 0x00007ffe48ef7000 	C:\Windows\system32\d3d9.dll
0x00007ffe8c7f0000 - 0x00007ffe8c819000 	C:\Windows\SYSTEM32\dwmapi.dll
0x00007ffe8c430000 - 0x00007ffe8c4c8000 	C:\Windows\system32\uxtheme.dll
0x00007ffe43550000 - 0x00007ffe48d5d000 	C:\Windows\System32\DriverStore\FileRepository\ki124769.inf_amd64_e5e7af49c5a8fe4b\igdumdim64.dll
0x00007ffe91c50000 - 0x00007ffe91d12000 	C:\Windows\System32\OLEAUT32.dll
0x00007ffe8ff90000 - 0x00007ffe900e1000 	C:\Windows\System32\ole32.dll
0x00007ffe903c0000 - 0x00007ffe9080b000 	C:\Windows\System32\SETUPAPI.dll
0x000000006dbc0000 - 0x000000006dc09000 	C:\Program Files\Java\jre1.8.0_181\bin\glass.dll
0x00007ffe90130000 - 0x00007ffe9021d000 	C:\Windows\System32\COMDLG32.dll
0x00007ffe92440000 - 0x00007ffe925b5000 	C:\Windows\System32\MSCTF.dll
0x00007ffe85dc0000 - 0x00007ffe86f1d000 	C:\Windows\System32\DriverStore\FileRepository\ki124769.inf_amd64_e5e7af49c5a8fe4b\igc64.dll
0x000000006dba0000 - 0x000000006dbb4000 	C:\Program Files\Java\jre1.8.0_181\bin\javafx_font.dll
0x00007ffe7edb0000 - 0x00007ffe7f0cc000 	C:\Windows\SYSTEM32\dwrite.dll
0x00007ffe8e840000 - 0x00007ffe8e857000 	C:\Windows\SYSTEM32\CRYPTSP.dll
0x00007ffe8e260000 - 0x00007ffe8e293000 	C:\Windows\system32\rsaenh.dll
0x00007ffe8e960000 - 0x00007ffe8e985000 	C:\Windows\SYSTEM32\bcrypt.dll
0x00007ffe8ed00000 - 0x00007ffe8ed28000 	C:\Windows\SYSTEM32\USERENV.dll
0x00007ffe8e830000 - 0x00007ffe8e83b000 	C:\Windows\SYSTEM32\CRYPTBASE.dll
0x000000006dd70000 - 0x000000006dd8a000 	C:\Program Files\Java\jre1.8.0_181\bin\net.dll
0x00007ffe8e680000 - 0x00007ffe8e6e6000 	C:\Windows\system32\mswsock.dll
0x00007ffe8e400000 - 0x00007ffe8e438000 	C:\Windows\SYSTEM32\IPHLPAPI.DLL
0x00007ffe8ff80000 - 0x00007ffe8ff88000 	C:\Windows\System32\NSI.dll
0x00007ffe873b0000 - 0x00007ffe873c6000 	C:\Windows\SYSTEM32\dhcpcsvc6.DLL
0x00007ffe86f40000 - 0x00007ffe86f5a000 	C:\Windows\SYSTEM32\dhcpcsvc.DLL
0x000000006dd50000 - 0x000000006dd61000 	C:\Program Files\Java\jre1.8.0_181\bin\nio.dll
0x000000006dd20000 - 0x000000006dd44000 	C:\Program Files\Java\jre1.8.0_181\bin\sunec.dll
0x000000006db90000 - 0x000000006db9b000 	C:\Program Files\Java\jre1.8.0_181\bin\sunmscapi.dll
0x00007ffe8f5f0000 - 0x00007ffe8f7d2000 	C:\Windows\System32\CRYPT32.dll
0x00007ffe8ee80000 - 0x00007ffe8ee92000 	C:\Windows\System32\MSASN1.dll
0x00007ffe8e450000 - 0x00007ffe8e50e000 	C:\Windows\SYSTEM32\DNSAPI.dll
0x00007ffe831b0000 - 0x00007ffe831ba000 	C:\Windows\System32\rasadhlp.dll
0x00007ffe82bc0000 - 0x00007ffe82c32000 	C:\Windows\System32\fwpuclnt.dll

VM Arguments:
jvm_args: -Dfile.encoding=Cp1252 
java_command: application.Main
java_class_path (initial): C:\Users\YNS(Nera)\workspace\CodeFest\bin;C:\Users\YNS(Nera)\.p2\pool\plugins\org.eclipse.fx.ide.css.jfx8_1.2.0.201501301049.jar;C:\Users\YNS(Nera)\Desktop\codefest\controlsfx-8.0.5.jar;C:\Users\YNS(Nera)\Desktop\codefest\jfoenix-1.7.0.jar;C:\Users\YNS(Nera)\Desktop\lib\firebase with java\commons-codec-1.3.jar;C:\Users\YNS(Nera)\Desktop\lib\firebase with java\commons-logging-1.1.1.jar;C:\Users\YNS(Nera)\Desktop\lib\firebase with java\firebase-admin-5.2.0.jar;C:\Users\YNS(Nera)\Desktop\lib\firebase with java\google-api-client-1.22.0.jar;C:\Users\YNS(Nera)\Desktop\lib\firebase with java\google-api-client-gson-1.22.0.jar;C:\Users\YNS(Nera)\Desktop\lib\firebase with java\google-http-client-1.22.0.jar;C:\Users\YNS(Nera)\Desktop\lib\firebase with java\google-http-client-gson-1.22.0.jar;C:\Users\YNS(Nera)\Desktop\lib\firebase with java\google-http-client-jackson2-1.22.0.jar;C:\Users\YNS(Nera)\Desktop\lib\firebase with java\google-oauth-client-1.22.0.jar;C:\Users\YNS(Nera)\Desktop\lib\firebase with java\gson-2.1.jar;C:\Users\YNS(Nera)\Desktop\lib\firebase with java\guava-20.0.jar;C:\Users\YNS(Nera)\Desktop\lib\firebase with java\httpclient-4.0.1.jar;C:\Users\YNS(Nera)\Desktop\lib\firebase with java\httpcore-4.0.1.jar;C:\Users\YNS(Nera)\Desktop\lib\firebase with java\jackson-core-2.1.3.jar;C:\Users\YNS(Nera)\Desktop\lib\firebase with java\json-20160810.jar;C:\Users\YNS(Nera)\Desktop\lib\firebase with java\jsr305-1.3.9.jar
Launcher Type: SUN_STANDARD

Environment Variables:
JAVA_HOME=C:\Program Files\Java\jdk1.8.0_181
JRE_HOME=C:\Program Files\Java\jre1.8.0_181
CLASSPATH=C:\Program Files\Java\jdk1.8.0_181\bin;C:\Program Files\Java\jre1.8.0_181;
PATH=C:/Program Files/Java/jre1.8.0_181/bin/server;C:/Program Files/Java/jre1.8.0_181/bin;C:/Program Files/Java/jre1.8.0_181/lib/amd64;C:\Program Files (x86)\Common Files\Oracle\Java\javapath;C:\Program Files\Anaconda3;C:\Program Files\Anaconda3\Library\mingw-w64\bin;C:\Program Files\Anaconda3\Library\usr\bin;C:\Program Files\Anaconda3\Library\bin;C:\Program Files\Anaconda3\Scripts;C:\Program Files\Microsoft MPI\Bin\;C:\oraclexe\app\oracle\product\11.2.0\server\bin;C:\Windows\system32;C:\Windows;C:\Windows\System32\Wbem;C:\Windows\System32\WindowsPowerShell\v1.0\;C:\Windows\System32\OpenSSH\;C:\Program Files\Java\jdk1.8.0_181\bin;C:\Program Files\Java\jre1.8.0_181\bin;C:\Program Files\nodejs\;C:\Program Files (x86)\Microsoft SQL Server\130\Tools\Binn\;C:\Program Files\Microsoft SQL Server\130\Tools\Binn\;C:\Program Files (x86)\Microsoft SQL Server\130\DTS\Binn\;C:\Program Files\Microsoft SQL Server\130\DTS\Binn\;C:\Program Files\Microsoft SQL Server\Client SDK\ODBC\130\Tools\Binn\;C:\Program Files (x86)\Microsoft SQL Server\Client SDK\ODBC\130\Tools\Binn\;C:\Program Files (x86)\Microsoft SQL Server\140\Tools\Binn\;C:\Program Files (x86)\Microsoft SQL Server\140\DTS\Binn\;C:\Program Files (x86)\Microsoft SQL Server\140\Tools\Binn\ManagementStudio\;C:\Program Files (x86)\Microsoft SQL Server\110\DTS\Binn\;C:\Program Files (x86)\Microsof;C:\Program Files\PuTTY\;C:\Program Files\Git\cmd;C:\Users\YNS(Nera)\Miniconda3;C:\Users\YNS(Nera)\Miniconda3\Library\mingw-w64\bin;C:\Users\YNS(Nera)\Miniconda3\Library\usr\bin;C:\Users\YNS(Nera)\Miniconda3\Library\bin;C:\Users\YNS(Nera)\Miniconda3\Scripts;C:\Users\YNS(Nera)\AppData\Local\Programs\Python\Python36-32\Scripts\;C:\Users\YNS(Nera)\AppData\Local\Programs\Python\Python36-32\;C:\Users\YNS(Nera)\AppData\Local\Microsoft\WindowsApps;C:\Program Files (x86)\Microsoft VS Code\bin;C:\Users\YNS(Nera)\AppData\Roaming\npm;C:\Users\YNS(Nera)\AppData\Local\GitHubDesktop\bin;;C:\Users\YNS(Nera)\Desktop;
USERNAME=YNS(Nera)
OS=Windows_NT
PROCESSOR_IDENTIFIER=Intel64 Family 6 Model 78 Stepping 3, GenuineIntel



---------------  S Y S T E M  ---------------

OS: Windows 10.0 , 64 bit Build 17134 (10.0.17134.1)

CPU:total 4 (initial active 4) (2 cores per cpu, 2 threads per core) family 6 model 78 stepping 3, cmov, cx8, fxsr, mmx, sse, sse2, sse3, ssse3, sse4.1, sse4.2, popcnt, avx, avx2, aes, clmul, erms, 3dnowpref, lzcnt, ht, tsc, tscinvbit, bmi1, bmi2, adx

Memory: 4k page, physical 16612200k(5322168k free), swap 27015544k(44k free)

vm_info: Java HotSpot(TM) 64-Bit Server VM (25.181-b13) for windows-amd64 JRE (1.8.0_181-b13), built on Jul  7 2018 04:01:33 by "java_re" with MS VC++ 10.0 (VS2010)

time: Wed Sep 19 18:51:07 2018
elapsed time: 3035 seconds (0d 0h 50m 35s)

