#
# There is insufficient memory for the Java Runtime Environment to continue.
# Native memory allocation (malloc) failed to allocate 32784 bytes for Chunk::new
# Possible reasons:
#   The system is out of physical RAM or swap space
#   In 32 bit mode, the process size limit was hit
# Possible solutions:
#   Reduce memory load on the system
#   Increase physical memory or swap space
#   Check if swap backing store is full
#   Use 64 bit Java on a 64 bit OS
#   Decrease Java heap size (-Xmx/-Xms)
#   Decrease number of Java threads
#   Decrease Java thread stack sizes (-Xss)
#   Set larger code cache with -XX:ReservedCodeCacheSize=
# This output file may be truncated or incomplete.
#
#  Out of Memory Error (allocation.cpp:390), pid=6880, tid=0x000000000000339c
#
# JRE version: Java(TM) SE Runtime Environment (8.0_181-b13) (build 1.8.0_181-b13)
# Java VM: Java HotSpot(TM) 64-Bit Server VM (25.181-b13 mixed mode windows-amd64 compressed oops)
# Failed to write core dump. Minidumps are not enabled by default on client versions of Windows
#

---------------  T H R E A D  ---------------

Current thread (0x000000001ba20800):  JavaThread "C2 CompilerThread0" daemon [_thread_in_native, id=13212, stack(0x000000001d070000,0x000000001d170000)]

Stack: [0x000000001d070000,0x000000001d170000]
[error occurred during error reporting (printing stack bounds), id 0xc0000005]

Native frames: (J=compiled Java code, j=interpreted, Vv=VM code, C=native code)


Current CompileTask:
C2:2887715 5034       4       javafx.scene.Parent::<init> (208 bytes)


---------------  P R O C E S S  ---------------

Java Threads: ( => current thread )
  0x0000000026e00800 JavaThread "DestroyJavaVM" [_thread_blocked, id=12876, stack(0x00000000022c0000,0x00000000023c0000)]
  0x000000001e36c000 JavaThread "Prism Font Disposer" daemon [_thread_blocked, id=3980, stack(0x00000000269b0000,0x0000000026ab0000)]
  0x000000001e36e000 JavaThread "FirebaseDatabaseEventTarget" daemon [_thread_in_Java, id=13284, stack(0x00000000268b0000,0x00000000269b0000)]
  0x000000001e380000 JavaThread "TubeSockWriter-1" [_thread_blocked, id=5948, stack(0x00000000267b0000,0x00000000268b0000)]
  0x000000001e382000 JavaThread "TubeSockReader-1" [_thread_in_native, id=7904, stack(0x00000000266b0000,0x00000000267b0000)]
  0x000000001e364000 JavaThread "pool-6-thread-1" [_thread_blocked, id=4784, stack(0x00000000265b0000,0x00000000266b0000)]
  0x000000001e214000 JavaThread "FirebaseDatabaseWorker" daemon [_thread_blocked, id=12068, stack(0x0000000024ce0000,0x0000000024de0000)]
  0x000000001dd58000 JavaThread "Thread-3" daemon [_thread_in_native, id=14676, stack(0x0000000023360000,0x0000000023460000)]
  0x000000001d73b800 JavaThread "Thread-1" daemon [_thread_blocked, id=3564, stack(0x000000001e690000,0x000000001e790000)]
  0x000000001ba7e800 JavaThread "Service Thread" daemon [_thread_blocked, id=13692, stack(0x000000001d770000,0x000000001d870000)]
  0x000000001ba2a800 JavaThread "C1 CompilerThread2" daemon [_thread_blocked, id=13508, stack(0x000000001d270000,0x000000001d370000)]
  0x000000001ba23800 JavaThread "C2 CompilerThread1" daemon [_thread_in_native, id=4440, stack(0x000000001d170000,0x000000001d270000)]
=>0x000000001ba20800 JavaThread "C2 CompilerThread0" daemon [_thread_in_native, id=13212, stack(0x000000001d070000,0x000000001d170000)]
  0x000000001ba1d800 JavaThread "Attach Listener" daemon [_thread_blocked, id=5768, stack(0x000000001cf70000,0x000000001d070000)]
  0x000000001ba1c000 JavaThread "Signal Dispatcher" daemon [_thread_blocked, id=8704, stack(0x000000001ce70000,0x000000001cf70000)]
  0x000000001ba0a800 JavaThread "Finalizer" daemon [_thread_blocked, id=8456, stack(0x000000001cc80000,0x000000001cd80000)]
  0x00000000024c1800 JavaThread "Reference Handler" daemon [_thread_blocked, id=6956, stack(0x000000001cb80000,0x000000001cc80000)]

Other Threads:
  0x000000001b9e8000 VMThread [stack: 0x000000001ca80000,0x000000001cb80000] [id=15316]
  0x000000001d3c5800 WatcherThread [stack: 0x000000001d870000,0x000000001d970000] [id=10516]

VM state:not at safepoint (normal execution)

VM Mutex/Monitor currently owned by a thread: None

Heap:
 PSYoungGen      total 135680K, used 52710K [0x000000076b800000, 0x0000000775680000, 0x00000007c0000000)
  eden space 117248K, 33% used [0x000000076b800000,0x000000076ded7128,0x0000000772a80000)
  from space 18432K, 70% used [0x0000000774480000,0x0000000775122998,0x0000000775680000)
  to   space 22528K, 0% used [0x0000000772a80000,0x0000000772a80000,0x0000000774080000)
 ParOldGen       total 166912K, used 48239K [0x00000006c2800000, 0x00000006ccb00000, 0x000000076b800000)
  object space 166912K, 28% used [0x00000006c2800000,0x00000006c571bee8,0x00000006ccb00000)
 Metaspace       used 27479K, capacity 28669K, committed 28928K, reserved 1075200K
  class space    used 3798K, capacity 4057K, committed 4096K, reserved 1048576K

Card table byte_map: [0x0000000011890000,0x0000000012080000] byte_map_base: 0x000000000e27c000

Marking Bits: (ParMarkBitMap*) 0x000000006e612d00
 Begin Bits: [0x00000000129d0000, 0x0000000016930000)
 End Bits:   [0x0000000016930000, 0x000000001a890000)

Polling page: 0x0000000000a30000

CodeCache: size=245760Kb used=13738Kb max_used=13843Kb free=232021Kb
 bounds [0x00000000024d0000, 0x0000000003270000, 0x00000000114d0000]
 total_blobs=5185 nmethods=4395 adapters=701
 compilation: enabled

Compilation events (10 events):
Event: 2886.119 Thread 0x000000001ba2a800 5022       1       com.sun.javafx.collections.VetoableListDecorator::access$400 (5 bytes)
Event: 2886.120 Thread 0x000000001ba2a800 nmethod 5022 0x0000000002f1bfd0 code [0x0000000002f1c120, 0x0000000002f1c210]
Event: 2886.120 Thread 0x000000001ba2a800 5027       1       javafx.scene.chart.PieChart$Data::radiusMultiplierProperty (5 bytes)
Event: 2886.120 Thread 0x000000001ba2a800 nmethod 5027 0x0000000002f58790 code [0x0000000002f588e0, 0x0000000002f589f0]
Event: 2886.120 Thread 0x000000001ba20800 nmethod 5030 0x0000000002dd3e90 code [0x0000000002dd3fc0, 0x0000000002dd4038]
Event: 2886.120 Thread 0x000000001ba23800 nmethod 5031 0x0000000002f5bc10 code [0x0000000002f5bd40, 0x0000000002f5bdf8]
Event: 2886.780 Thread 0x000000001ba20800 5032       4       com.sun.javafx.collections.ListListenerHelper$Generic::<init> (7 bytes)
Event: 2886.783 Thread 0x000000001ba20800 nmethod 5032 0x0000000002e34e50 code [0x0000000002e34fa0, 0x0000000002e351d8]
Event: 2886.786 Thread 0x000000001ba23800 5033       4       javafx.collections.FXCollections$UnmodifiableObservableListImpl::<init> (40 bytes)
Event: 2886.787 Thread 0x000000001ba20800 5034       4       javafx.scene.Parent::<init> (208 bytes)

GC Heap History (10 events):
Event: 4.353 GC heap before
{Heap before GC invocations=3 (full 1):
 PSYoungGen      total 75776K, used 10736K [0x000000076b800000, 0x0000000774c00000, 0x00000007c0000000)
  eden space 65024K, 0% used [0x000000076b800000,0x000000076b800000,0x000000076f780000)
  from space 10752K, 99% used [0x0000000774180000,0x0000000774bfc290,0x0000000774c00000)
  to   space 10752K, 0% used [0x000000076f780000,0x000000076f780000,0x0000000770200000)
 ParOldGen       total 173568K, used 34912K [0x00000006c2800000, 0x00000006cd180000, 0x000000076b800000)
  object space 173568K, 20% used [0x00000006c2800000,0x00000006c4a18098,0x00000006cd180000)
 Metaspace       used 20501K, capacity 21121K, committed 21296K, reserved 1067008K
  class space    used 2748K, capacity 2944K, committed 2944K, reserved 1048576K
Event: 4.393 GC heap after
Heap after GC invocations=3 (full 1):
 PSYoungGen      total 75776K, used 0K [0x000000076b800000, 0x0000000774c00000, 0x00000007c0000000)
  eden space 65024K, 0% used [0x000000076b800000,0x000000076b800000,0x000000076f780000)
  from space 10752K, 0% used [0x0000000774180000,0x0000000774180000,0x0000000774c00000)
  to   space 10752K, 0% used [0x000000076f780000,0x000000076f780000,0x0000000770200000)
 ParOldGen       total 166912K, used 45399K [0x00000006c2800000, 0x00000006ccb00000, 0x000000076b800000)
  object space 166912K, 27% used [0x00000006c2800000,0x00000006c5455ee8,0x00000006ccb00000)
 Metaspace       used 20501K, capacity 21121K, committed 21296K, reserved 1067008K
  class space    used 2748K, capacity 2944K, committed 2944K, reserved 1048576K
}
Event: 6.886 GC heap before
{Heap before GC invocations=4 (full 1):
 PSYoungGen      total 75776K, used 65024K [0x000000076b800000, 0x0000000774c00000, 0x00000007c0000000)
  eden space 65024K, 100% used [0x000000076b800000,0x000000076f780000,0x000000076f780000)
  from space 10752K, 0% used [0x0000000774180000,0x0000000774180000,0x0000000774c00000)
  to   space 10752K, 0% used [0x000000076f780000,0x000000076f780000,0x0000000770200000)
 ParOldGen       total 166912K, used 45399K [0x00000006c2800000, 0x00000006ccb00000, 0x000000076b800000)
  object space 166912K, 27% used [0x00000006c2800000,0x00000006c5455ee8,0x00000006ccb00000)
 Metaspace       used 26826K, capacity 27905K, committed 28160K, reserved 1073152K
  class space    used 3762K, capacity 4005K, committed 4096K, reserved 1048576K
Event: 6.904 GC heap after
Heap after GC invocations=4 (full 1):
 PSYoungGen      total 75776K, used 9458K [0x000000076b800000, 0x0000000774200000, 0x00000007c0000000)
  eden space 65024K, 0% used [0x000000076b800000,0x000000076b800000,0x000000076f780000)
  from space 10752K, 87% used [0x000000076f780000,0x00000007700bcab0,0x0000000770200000)
  to   space 10752K, 0% used [0x0000000773780000,0x0000000773780000,0x0000000774200000)
 ParOldGen       total 166912K, used 45407K [0x00000006c2800000, 0x00000006ccb00000, 0x000000076b800000)
  object space 166912K, 27% used [0x00000006c2800000,0x00000006c5457ee8,0x00000006ccb00000)
 Metaspace       used 26826K, capacity 27905K, committed 28160K, reserved 1073152K
  class space    used 3762K, capacity 4005K, committed 4096K, reserved 1048576K
}
Event: 2879.014 GC heap before
{Heap before GC invocations=5 (full 1):
 PSYoungGen      total 75776K, used 74482K [0x000000076b800000, 0x0000000774200000, 0x00000007c0000000)
  eden space 65024K, 100% used [0x000000076b800000,0x000000076f780000,0x000000076f780000)
  from space 10752K, 87% used [0x000000076f780000,0x00000007700bcab0,0x0000000770200000)
  to   space 10752K, 0% used [0x0000000773780000,0x0000000773780000,0x0000000774200000)
 ParOldGen       total 166912K, used 45407K [0x00000006c2800000, 0x00000006ccb00000, 0x000000076b800000)
  object space 166912K, 27% used [0x00000006c2800000,0x00000006c5457ee8,0x00000006ccb00000)
 Metaspace       used 27435K, capacity 28605K, committed 28672K, reserved 1073152K
  class space    used 3798K, capacity 4057K, committed 4096K, reserved 1048576K
Event: 2879.607 GC heap after
Heap after GC invocations=5 (full 1):
 PSYoungGen      total 75776K, used 10738K [0x000000076b800000, 0x0000000774200000, 0x00000007c0000000)
  eden space 65024K, 0% used [0x000000076b800000,0x000000076b800000,0x000000076f780000)
  from space 10752K, 99% used [0x0000000773780000,0x00000007741fca28,0x0000000774200000)
  to   space 10752K, 0% used [0x000000076f780000,0x000000076f780000,0x0000000770200000)
 ParOldGen       total 166912K, used 45711K [0x00000006c2800000, 0x00000006ccb00000, 0x000000076b800000)
  object space 166912K, 27% used [0x00000006c2800000,0x00000006c54a3ee8,0x00000006ccb00000)
 Metaspace       used 27435K, capacity 28605K, committed 28672K, reserved 1073152K
  class space    used 3798K, capacity 4057K, committed 4096K, reserved 1048576K
}
Event: 2882.634 GC heap before
{Heap before GC invocations=6 (full 1):
 PSYoungGen      total 75776K, used 75762K [0x000000076b800000, 0x0000000774200000, 0x00000007c0000000)
  eden space 65024K, 100% used [0x000000076b800000,0x000000076f780000,0x000000076f780000)
  from space 10752K, 99% used [0x0000000773780000,0x00000007741fca28,0x0000000774200000)
  to   space 10752K, 0% used [0x000000076f780000,0x000000076f780000,0x0000000770200000)
 ParOldGen       total 166912K, used 45711K [0x00000006c2800000, 0x00000006ccb00000, 0x000000076b800000)
  object space 166912K, 27% used [0x00000006c2800000,0x00000006c54a3ee8,0x00000006ccb00000)
 Metaspace       used 27457K, capacity 28605K, committed 28672K, reserved 1073152K
  class space    used 3798K, capacity 4057K, committed 4096K, reserved 1048576K
Event: 2883.256 GC heap after
Heap after GC invocations=6 (full 1):
 PSYoungGen      total 75776K, used 10731K [0x000000076b800000, 0x0000000775c00000, 0x00000007c0000000)
  eden space 65024K, 0% used [0x000000076b800000,0x000000076b800000,0x000000076f780000)
  from space 10752K, 99% used [0x000000076f780000,0x00000007701faf18,0x0000000770200000)
  to   space 24064K, 0% used [0x0000000774480000,0x0000000774480000,0x0000000775c00000)
 ParOldGen       total 166912K, used 48231K [0x00000006c2800000, 0x00000006ccb00000, 0x000000076b800000)
  object space 166912K, 28% used [0x00000006c2800000,0x00000006c5719ee8,0x00000006ccb00000)
 Metaspace       used 27457K, capacity 28605K, committed 28672K, reserved 1073152K
  class space    used 3798K, capacity 4057K, committed 4096K, reserved 1048576K
}
Event: 2885.659 GC heap before
{Heap before GC invocations=7 (full 1):
 PSYoungGen      total 75776K, used 75755K [0x000000076b800000, 0x0000000775c00000, 0x00000007c0000000)
  eden space 65024K, 100% used [0x000000076b800000,0x000000076f780000,0x000000076f780000)
  from space 10752K, 99% used [0x000000076f780000,0x00000007701faf18,0x0000000770200000)
  to   space 24064K, 0% used [0x0000000774480000,0x0000000774480000,0x0000000775c00000)
 ParOldGen       total 166912K, used 48231K [0x00000006c2800000, 0x00000006ccb00000, 0x000000076b800000)
  object space 166912K, 28% used [0x00000006c2800000,0x00000006c5719ee8,0x00000006ccb00000)
 Metaspace       used 27462K, capacity 28605K, committed 28672K, reserved 1073152K
  class space    used 3798K, capacity 4057K, committed 4096K, reserved 1048576K
Event: 2885.671 GC heap after
Heap after GC invocations=7 (full 1):
 PSYoungGen      total 135680K, used 12938K [0x000000076b800000, 0x0000000775680000, 0x00000007c0000000)
  eden space 117248K, 0% used [0x000000076b800000,0x000000076b800000,0x0000000772a80000)
  from space 18432K, 70% used [0x0000000774480000,0x0000000775122998,0x0000000775680000)
  to   space 22528K, 0% used [0x0000000772a80000,0x0000000772a80000,0x0000000774080000)
 ParOldGen       total 166912K, used 48239K [0x00000006c2800000, 0x00000006ccb00000, 0x000000076b800000)
  object space 166912K, 28% used [0x00000006c2800000,0x00000006c571bee8,0x00000006ccb00000)
 Metaspace       used 27462K, capacity 28605K, committed 28672K, reserved 1073152K
  class space    used 3798K, capacity 4057K, committed 4096K, reserved 1048576K
}

Deoptimization events (10 events):
Event: 8.128 Thread 0x000000001d753000 Uncommon trap: reason=unstable_if action=reinterpret pc=0x0000000002ee31ec method=javafx.scene.Node.impl_isDirtyEmpty()Z @ 4
Event: 8.321 Thread 0x000000001d753000 Uncommon trap: reason=unstable_if action=reinterpret pc=0x0000000003017018 method=javafx.scene.Parent.childExcluded(Ljavafx/scene/Node;)V @ 5
Event: 14.390 Thread 0x000000001d712800 Uncommon trap: reason=unstable_if action=reinterpret pc=0x0000000003062538 method=com.sun.javafx.sg.prism.NGNode.render(Lcom/sun/prism/Graphics;)V @ 28
Event: 15.025 Thread 0x000000001d753000 Uncommon trap: reason=speculate_class_check action=maybe_recompile pc=0x0000000002955ee8 method=com.sun.javafx.geom.transform.AffineBase.getType()I @ 9
Event: 15.041 Thread 0x000000001d753000 Uncommon trap: reason=speculate_class_check action=maybe_recompile pc=0x0000000002955ee8 method=com.sun.javafx.geom.transform.AffineBase.getType()I @ 9
Event: 15.057 Thread 0x000000001d753000 Uncommon trap: reason=speculate_class_check action=maybe_recompile pc=0x0000000002955ee8 method=com.sun.javafx.geom.transform.AffineBase.getType()I @ 9
Event: 15.073 Thread 0x000000001d753000 Uncommon trap: reason=speculate_class_check action=maybe_recompile pc=0x0000000002955ee8 method=com.sun.javafx.geom.transform.AffineBase.getType()I @ 9
Event: 2866.866 Thread 0x000000001e36e000 Uncommon trap: reason=null_check action=make_not_entrant pc=0x0000000002f49234 method=com.sun.javafx.css.StyleManager.getCacheContainer(Ljavafx/css/Styleable;Ljavafx/scene/SubScene;)Lcom/sun/javafx/css/StyleManager$CacheContainer; @ 107
Event: 2869.725 Thread 0x000000001e36e000 Uncommon trap: reason=null_check action=make_not_entrant pc=0x00000000031a8680 method=com.sun.javafx.css.StyleManager$CacheContainer.getCacheMap(Ljava/util/List;Ljava/lang/String;)Ljava/util/Map; @ 218
Event: 2869.736 Thread 0x000000001e36e000 Uncommon trap: reason=unstable_if action=reinterpret pc=0x0000000002ae7c44 method=java.lang.Double.compare(DD)I @ 3

Classes redefined (0 events):
No events

Internal exceptions (10 events):
Event: 4.310 Thread 0x000000001e36e000 Implicit null exception at 0x00000000026dae56 to 0x00000000026db201
Event: 4.497 Thread 0x000000001d753000 Exception <a 'java/io/FileNotFoundException'> (0x000000076be04600) thrown at [C:\re\workspace\8-2-build-windows-amd64-cygwin\jdk8u181\11358\hotspot\src\share\vm\prims\jni.cpp, line 709]
Event: 4.600 Thread 0x000000001d753000 Exception <a 'java/io/FileNotFoundException'> (0x000000076c402778) thrown at [C:\re\workspace\8-2-build-windows-amd64-cygwin\jdk8u181\11358\hotspot\src\share\vm\prims\jni.cpp, line 709]
Event: 4.768 Thread 0x000000001d753000 Exception <a 'java/io/FileNotFoundException'> (0x000000076d109470) thrown at [C:\re\workspace\8-2-build-windows-amd64-cygwin\jdk8u181\11358\hotspot\src\share\vm\prims\jni.cpp, line 709]
Event: 4.855 Thread 0x000000001e36e000 Exception <a 'java/io/FileNotFoundException'> (0x000000076db99430) thrown at [C:\re\workspace\8-2-build-windows-amd64-cygwin\jdk8u181\11358\hotspot\src\share\vm\prims\jni.cpp, line 709]
Event: 4.966 Thread 0x000000001d753000 Implicit null exception at 0x0000000002cecba4 to 0x0000000002ced591
Event: 2866.866 Thread 0x000000001e36e000 Implicit null exception at 0x0000000002f430d8 to 0x0000000002f49205
Event: 2866.867 Thread 0x000000001e36e000 Exception <a 'java/io/FileNotFoundException'> (0x000000076bf3c2e8) thrown at [C:\re\workspace\8-2-build-windows-amd64-cygwin\jdk8u181\11358\hotspot\src\share\vm\prims\jni.cpp, line 709]
Event: 2869.720 Thread 0x000000001e36e000 Exception <a 'java/io/FileNotFoundException'> (0x000000076c59c6d0) thrown at [C:\re\workspace\8-2-build-windows-amd64-cygwin\jdk8u181\11358\hotspot\src\share\vm\prims\jni.cpp, line 709]
Event: 2869.725 Thread 0x000000001e36e000 Implicit null exception at 0x00000000031a37ef to 0x00000000031a8625

Events (10 events):
Event: 2881.203 Thread 0x000000001ba2a800 flushing nmethod 0x0000000003044390
Event: 2881.203 Thread 0x000000001ba2a800 flushing nmethod 0x0000000003046950
Event: 2881.203 Thread 0x000000001ba2a800 flushing nmethod 0x000000000304e0d0
Event: 2881.203 Thread 0x000000001ba2a800 flushing nmethod 0x00000000030a6f10
Event: 2881.203 Thread 0x000000001ba2a800 flushing nmethod 0x00000000030a8950
Event: 2881.204 Thread 0x000000001ba2a800 flushing nmethod 0x00000000030c85d0
Event: 2882.634 Executing VM operation: ParallelGCFailedAllocation
Event: 2883.256 Executing VM operation: ParallelGCFailedAllocation done
Event: 2885.659 Executing VM operation: ParallelGCFailedAllocation
Event: 2885.671 Executing VM operation: ParallelGCFailedAllocation done


Dynamic libraries:
0x00007ff6455f0000 - 0x00007ff645627000 	C:\Program Files\Java\jre1.8.0_181\bin\javaw.exe
0x00007ffe92af0000 - 0x00007ffe92cd1000 	C:\Windows\SYSTEM32\ntdll.dll
0x00007ffe91d20000 - 0x00007ffe91dd2000 	C:\Windows\System32\KERNEL32.DLL
0x00007ffe8f980000 - 0x00007ffe8fbf3000 	C:\Windows\System32\KERNELBASE.dll
0x00007ffe92a10000 - 0x00007ffe92ab1000 	C:\Windows\System32\ADVAPI32.dll
0x00007ffe91df0000 - 0x00007ffe91e8e000 	C:\Windows\System32\msvcrt.dll
0x00007ffe925c0000 - 0x00007ffe9261b000 	C:\Windows\System32\sechost.dll
0x00007ffe927d0000 - 0x00007ffe928f4000 	C:\Windows\System32\RPCRT4.dll
0x00007ffe92250000 - 0x00007ffe923e0000 	C:\Windows\System32\USER32.dll
0x00007ffe8f5d0000 - 0x00007ffe8f5f0000 	C:\Windows\System32\win32u.dll
0x00007ffe91e90000 - 0x00007ffe91eb8000 	C:\Windows\System32\GDI32.dll
0x00007ffe8f7e0000 - 0x00007ffe8f972000 	C:\Windows\System32\gdi32full.dll
0x00007ffe8fee0000 - 0x00007ffe8ff7f000 	C:\Windows\System32\msvcp_win.dll
0x00007ffe8fc00000 - 0x00007ffe8fcfa000 	C:\Windows\System32\ucrtbase.dll
0x00007ffe81660000 - 0x00007ffe818c9000 	C:\Windows\WinSxS\amd64_microsoft.windows.common-controls_6595b64144ccf1df_6.0.17134.285_none_fb4297e330656775\COMCTL32.dll
0x00007ffe91f20000 - 0x00007ffe92243000 	C:\Windows\System32\combase.dll
0x00007ffe8fd00000 - 0x00007ffe8fd7a000 	C:\Windows\System32\bcryptPrimitives.dll
0x00007ffe900f0000 - 0x00007ffe9011d000 	C:\Windows\System32\IMM32.DLL
0x000000006dc40000 - 0x000000006dd12000 	C:\Program Files\Java\jre1.8.0_181\bin\msvcr100.dll
0x000000006ddf0000 - 0x000000006e692000 	C:\Program Files\Java\jre1.8.0_181\bin\server\jvm.dll
0x00007ffe90120000 - 0x00007ffe90128000 	C:\Windows\System32\PSAPI.DLL
0x00007ffe8da00000 - 0x00007ffe8da09000 	C:\Windows\SYSTEM32\WSOCK32.dll
0x00007ffe92620000 - 0x00007ffe9268c000 	C:\Windows\System32\WS2_32.dll
0x00007ffe8a650000 - 0x00007ffe8a673000 	C:\Windows\SYSTEM32\WINMM.dll
0x00007ffe85830000 - 0x00007ffe8583a000 	C:\Windows\SYSTEM32\VERSION.dll
0x00007ffe8a620000 - 0x00007ffe8a64a000 	C:\Windows\SYSTEM32\WINMMBASE.dll
0x00007ffe8fe90000 - 0x00007ffe8fed9000 	C:\Windows\System32\cfgmgr32.dll
0x000000006dde0000 - 0x000000006ddef000 	C:\Program Files\Java\jre1.8.0_181\bin\verify.dll
0x000000006ddb0000 - 0x000000006ddd9000 	C:\Program Files\Java\jre1.8.0_181\bin\java.dll
0x000000006dd90000 - 0x000000006dda6000 	C:\Program Files\Java\jre1.8.0_181\bin\zip.dll
0x00007ffe90810000 - 0x00007ffe91c50000 	C:\Windows\System32\SHELL32.dll
0x00007ffe92960000 - 0x00007ffe92a09000 	C:\Windows\System32\shcore.dll
0x00007ffe8eec0000 - 0x00007ffe8f5cd000 	C:\Windows\System32\windows.storage.dll
0x00007ffe92900000 - 0x00007ffe92951000 	C:\Windows\System32\shlwapi.dll
0x00007ffe8ee50000 - 0x00007ffe8ee61000 	C:\Windows\System32\kernel.appcore.dll
0x00007ffe8eea0000 - 0x00007ffe8eebf000 	C:\Windows\System32\profapi.dll
0x00007ffe8ee00000 - 0x00007ffe8ee4c000 	C:\Windows\System32\powrprof.dll
0x00007ffe8ee70000 - 0x00007ffe8ee7a000 	C:\Windows\System32\FLTLIB.DLL
0x0000000000ad0000 - 0x0000000000ad3000 	C:\Program Files\Java\jre1.8.0_181\bin\api-ms-win-core-console-l1-1-0.dll
0x0000000000ae0000 - 0x0000000000ae3000 	C:\Program Files\Java\jre1.8.0_181\bin\api-ms-win-core-datetime-l1-1-0.dll
0x0000000000af0000 - 0x0000000000af3000 	C:\Program Files\Java\jre1.8.0_181\bin\api-ms-win-core-debug-l1-1-0.dll
0x0000000000b00000 - 0x0000000000b03000 	C:\Program Files\Java\jre1.8.0_181\bin\api-ms-win-core-errorhandling-l1-1-0.dll
0x000000001d970000 - 0x000000001d974000 	C:\Program Files\Java\jre1.8.0_181\bin\api-ms-win-core-file-l1-1-0.dll
0x000000001d980000 - 0x000000001d983000 	C:\Program Files\Java\jre1.8.0_181\bin\api-ms-win-core-file-l1-2-0.dll
0x000000001d990000 - 0x000000001d993000 	C:\Program Files\Java\jre1.8.0_181\bin\api-ms-win-core-file-l2-1-0.dll
0x000000001d9a0000 - 0x000000001d9a3000 	C:\Program Files\Java\jre1.8.0_181\bin\api-ms-win-core-handle-l1-1-0.dll
0x000000001d9b0000 - 0x000000001d9b3000 	C:\Program Files\Java\jre1.8.0_181\bin\api-ms-win-core-heap-l1-1-0.dll
0x000000001d9c0000 - 0x000000001d9c3000 	C:\Program Files\Java\jre1.8.0_181\bin\api-ms-win-core-interlocked-l1-1-0.dll
0x000000001d9d0000 - 0x000000001d9d3000 	C:\Program Files\Java\jre1.8.0_181\bin\api-ms-win-core-libraryloader-l1-1-0.dll
0x000000001d9e0000 - 0x000000001d9e3000 	C:\Program Files\Java\jre1.8.0_181\bin\api-ms-win-core-localization-l1-2-0.dll
0x000000001d9f0000 - 0x000000001d9f3000 	C:\Program Files\Java\jre1.8.0_181\bin\api-ms-win-core-memory-l1-1-0.dll
0x000000001da00000 - 0x000000001da03000 	C:\Program Files\Java\jre1.8.0_181\bin\api-ms-win-core-namedpipe-l1-1-0.dll
0x000000001da10000 - 0x000000001da13000 	C:\Program Files\Java\jre1.8.0_181\bin\api-ms-win-core-processenvironment-l1-1-0.dll
0x000000001da20000 - 0x000000001da23000 	C:\Program Files\Java\jre1.8.0_181\bin\api-ms-win-core-processthreads-l1-1-0.dll
0x000000001da30000 - 0x000000001da33000 	C:\Program Files\Java\jre1.8.0_181\bin\api-ms-win-core-processthreads-l1-1-1.dll
0x000000001da40000 - 0x000000001da43000 	C:\Program Files\Java\jre1.8.0_181\bin\api-ms-win-core-profile-l1-1-0.dll
0x000000001da50000 - 0x000000001da53000 	C:\Program Files\Java\jre1.8.0_181\bin\api-ms-win-core-rtlsupport-l1-1-0.dll
0x000000001da60000 - 0x000000001da63000 	C:\Program Files\Java\jre1.8.0_181\bin\api-ms-win-core-string-l1-1-0.dll
0x000000001da70000 - 0x000000001da73000 	C:\Program Files\Java\jre1.8.0_181\bin\api-ms-win-core-synch-l1-1-0.dll
0x000000001da80000 - 0x000000001da83000 	C:\Program Files\Java\jre1.8.0_181\bin\api-ms-win-core-synch-l1-2-0.dll
0x000000001da90000 - 0x000000001da93000 	C:\Program Files\Java\jre1.8.0_181\bin\api-ms-win-core-sysinfo-l1-1-0.dll
0x000000001daa0000 - 0x000000001daa3000 	C:\Program Files\Java\jre1.8.0_181\bin\api-ms-win-core-timezone-l1-1-0.dll
0x000000001dab0000 - 0x000000001dab3000 	C:\Program Files\Java\jre1.8.0_181\bin\api-ms-win-core-util-l1-1-0.dll
0x000000001dac0000 - 0x000000001dac3000 	C:\Program Files\Java\jre1.8.0_181\bin\api-ms-win-crt-conio-l1-1-0.dll
0x000000001dad0000 - 0x000000001dad4000 	C:\Program Files\Java\jre1.8.0_181\bin\api-ms-win-crt-convert-l1-1-0.dll
0x000000001dae0000 - 0x000000001dae3000 	C:\Program Files\Java\jre1.8.0_181\bin\api-ms-win-crt-environment-l1-1-0.dll
0x000000001daf0000 - 0x000000001daf3000 	C:\Program Files\Java\jre1.8.0_181\bin\api-ms-win-crt-filesystem-l1-1-0.dll
0x000000001db00000 - 0x000000001db03000 	C:\Program Files\Java\jre1.8.0_181\bin\api-ms-win-crt-heap-l1-1-0.dll
0x000000001db10000 - 0x000000001db13000 	C:\Program Files\Java\jre1.8.0_181\bin\api-ms-win-crt-locale-l1-1-0.dll
0x000000001db20000 - 0x000000001db25000 	C:\Program Files\Java\jre1.8.0_181\bin\api-ms-win-crt-math-l1-1-0.dll
0x000000001db30000 - 0x000000001db35000 	C:\Program Files\Java\jre1.8.0_181\bin\api-ms-win-crt-multibyte-l1-1-0.dll
0x000000001db40000 - 0x000000001db50000 	C:\Program Files\Java\jre1.8.0_181\bin\api-ms-win-crt-private-l1-1-0.dll
0x000000001db50000 - 0x000000001db53000 	C:\Program Files\Java\jre1.8.0_181\bin\api-ms-win-crt-process-l1-1-0.dll
0x000000001db60000 - 0x000000001db64000 	C:\Program Files\Java\jre1.8.0_181\bin\api-ms-win-crt-runtime-l1-1-0.dll
0x000000001db70000 - 0x000000001db74000 	C:\Program Files\Java\jre1.8.0_181\bin\api-ms-win-crt-stdio-l1-1-0.dll
0x000000001db80000 - 0x000000001db84000 	C:\Program Files\Java\jre1.8.0_181\bin\api-ms-win-crt-string-l1-1-0.dll
0x000000001db90000 - 0x000000001db93000 	C:\Program Files\Java\jre1.8.0_181\bin\api-ms-win-crt-time-l1-1-0.dll
0x000000001dba0000 - 0x000000001dba3000 	C:\Program Files\Java\jre1.8.0_181\bin\api-ms-win-crt-utility-l1-1-0.dll
0x00007ffe6d100000 - 0x00007ffe6d1f6000 	C:\Program Files\Java\jre1.8.0_181\bin\ucrtbase.dll
0x00007ffe8a600000 - 0x00007ffe8a616000 	C:\Program Files\Java\jre1.8.0_181\bin\vcruntime140.dll
0x00007ffe6d060000 - 0x00007ffe6d0fc000 	C:\Program Files\Java\jre1.8.0_181\bin\msvcp140.dll
0x00007ffe713c0000 - 0x00007ffe71411000 	C:\Program Files\Java\jre1.8.0_181\bin\concrt140.dll
0x000000006dc10000 - 0x000000006dc33000 	C:\Program Files\Java\jre1.8.0_181\bin\prism_d3d.dll
0x00007ffe48d60000 - 0x00007ffe48ef7000 	C:\Windows\system32\d3d9.dll
0x00007ffe8c7f0000 - 0x00007ffe8c819000 	C:\Windows\SYSTEM32\dwmapi.dll
0x00007ffe8c430000 - 0x00007ffe8c4c8000 	C:\Windows\system32\uxtheme.dll
0x00007ffe91c50000 - 0x00007ffe91d12000 	C:\Windows\System32\OLEAUT32.dll
0x00007ffe8ff90000 - 0x00007ffe900e1000 	C:\Windows\System32\ole32.dll
0x000000006dbc0000 - 0x000000006dc09000 	C:\Program Files\Java\jre1.8.0_181\bin\glass.dll
0x00007ffe90130000 - 0x00007ffe9021d000 	C:\Windows\System32\COMDLG32.dll
0x00007ffe92440000 - 0x00007ffe925b5000 	C:\Windows\System32\MSCTF.dll
0x000000006dba0000 - 0x000000006dbb4000 	C:\Program Files\Java\jre1.8.0_181\bin\javafx_font.dll
0x00007ffe7edb0000 - 0x00007ffe7f0cc000 	C:\Windows\SYSTEM32\dwrite.dll
0x00007ffe8e840000 - 0x00007ffe8e857000 	C:\Windows\SYSTEM32\CRYPTSP.dll
0x00007ffe8e260000 - 0x00007ffe8e293000 	C:\Windows\system32\rsaenh.dll
0x00007ffe8e960000 - 0x00007ffe8e985000 	C:\Windows\SYSTEM32\bcrypt.dll
0x00007ffe8ed00000 - 0x00007ffe8ed28000 	C:\Windows\SYSTEM32\USERENV.dll
0x00007ffe8e830000 - 0x00007ffe8e83b000 	C:\Windows\SYSTEM32\CRYPTBASE.dll
0x000000006dd70000 - 0x000000006dd8a000 	C:\Program Files\Java\jre1.8.0_181\bin\net.dll
0x00007ffe8e680000 - 0x00007ffe8e6e6000 	C:\Windows\system32\mswsock.dll
0x00007ffe8e400000 - 0x00007ffe8e438000 	C:\Windows\SYSTEM32\IPHLPAPI.DLL
0x00007ffe8ff80000 - 0x00007ffe8ff88000 	C:\Windows\System32\NSI.dll
0x00007ffe873b0000 - 0x00007ffe873c6000 	C:\Windows\SYSTEM32\dhcpcsvc6.DLL
0x00007ffe86f40000 - 0x00007ffe86f5a000 	C:\Windows\SYSTEM32\dhcpcsvc.DLL
0x000000006dd50000 - 0x000000006dd61000 	C:\Program Files\Java\jre1.8.0_181\bin\nio.dll
0x000000006dd20000 - 0x000000006dd44000 	C:\Program Files\Java\jre1.8.0_181\bin\sunec.dll
0x000000006db90000 - 0x000000006db9b000 	C:\Program Files\Java\jre1.8.0_181\bin\sunmscapi.dll
0x00007ffe8f5f0000 - 0x00007ffe8f7d2000 	C:\Windows\System32\CRYPT32.dll
0x00007ffe8ee80000 - 0x00007ffe8ee92000 	C:\Windows\System32\MSASN1.dll
0x00007ffe8e450000 - 0x00007ffe8e50e000 	C:\Windows\SYSTEM32\DNSAPI.dll
0x00007ffe831b0000 - 0x00007ffe831ba000 	C:\Windows\System32\rasadhlp.dll
0x00007ffe82bc0000 - 0x00007ffe82c32000 	C:\Windows\System32\fwpuclnt.dll
0x00007ffe92690000 - 0x00007ffe92730000 	C:\Windows\System32\clbcatq.dll
0x00007ffe87a20000 - 0x00007ffe87bce000 	C:\Windows\SYSTEM32\WindowsCodecs.dll
0x00007ffe8a9e0000 - 0x00007ffe8aceb000 	C:\Windows\system32\d3d11.dll
0x00007ffe8dbc0000 - 0x00007ffe8dc7b000 	C:\Windows\system32\dxgi.dll
0x00007ffe80890000 - 0x00007ffe80927000 	C:\Windows\System32\TextInputFramework.dll
0x00007ffe87540000 - 0x00007ffe8785e000 	C:\Windows\System32\CoreUIComponents.dll
0x00007ffe89670000 - 0x00007ffe8974a000 	C:\Windows\System32\CoreMessaging.dll
0x00007ffe8def0000 - 0x00007ffe8df21000 	C:\Windows\SYSTEM32\ntmarta.dll
0x00007ffe8ba90000 - 0x00007ffe8bbdd000 	C:\Windows\SYSTEM32\wintypes.dll
0x000000006d090000 - 0x000000006d0a2000 	C:\Program Files\Java\jre1.8.0_181\bin\prism_common.dll
0x00007ffe898f0000 - 0x00007ffe89eb7000 	C:\Windows\SYSTEM32\d2d1.dll
0x00007ffe429c0000 - 0x00007ffe4313e000 	C:\Windows\SYSTEM32\D3D10Warp.dll

VM Arguments:
jvm_args: -Dfile.encoding=Cp1252 
java_command: application.Main
java_class_path (initial): C:\Users\YNS(Nera)\workspace\CodeFest\bin;C:\Users\YNS(Nera)\.p2\pool\plugins\org.eclipse.fx.ide.css.jfx8_1.2.0.201501301049.jar;C:\Users\YNS(Nera)\Desktop\codefest\controlsfx-8.0.5.jar;C:\Users\YNS(Nera)\Desktop\codefest\jfoenix-1.7.0.jar;C:\Users\YNS(Nera)\Desktop\lib\firebase with java\commons-codec-1.3.jar;C:\Users\YNS(Nera)\Desktop\lib\firebase with java\commons-logging-1.1.1.jar;C:\Users\YNS(Nera)\Desktop\lib\firebase with java\firebase-admin-5.2.0.jar;C:\Users\YNS(Nera)\Desktop\lib\firebase with java\google-api-client-1.22.0.jar;C:\Users\YNS(Nera)\Desktop\lib\firebase with java\google-api-client-gson-1.22.0.jar;C:\Users\YNS(Nera)\Desktop\lib\firebase with java\google-http-client-1.22.0.jar;C:\Users\YNS(Nera)\Desktop\lib\firebase with java\google-http-client-gson-1.22.0.jar;C:\Users\YNS(Nera)\Desktop\lib\firebase with java\google-http-client-jackson2-1.22.0.jar;C:\Users\YNS(Nera)\Desktop\lib\firebase with java\google-oauth-client-1.22.0.jar;C:\Users\YNS(Nera)\Desktop\lib\firebase with java\gson-2.1.jar;C:\Users\YNS(Nera)\Desktop\lib\firebase with java\guava-20.0.jar;C:\Users\YNS(Nera)\Desktop\lib\firebase with java\httpclient-4.0.1.jar;C:\Users\YNS(Nera)\Desktop\lib\firebase with java\httpcore-4.0.1.jar;C:\Users\YNS(Nera)\Desktop\lib\firebase with java\jackson-core-2.1.3.jar;C:\Users\YNS(Nera)\Desktop\lib\firebase with java\json-20160810.jar;C:\Users\YNS(Nera)\Desktop\lib\firebase with java\jsr305-1.3.9.jar
Launcher Type: SUN_STANDARD

Environment Variables:
JAVA_HOME=C:\Program Files\Java\jdk1.8.0_181
JRE_HOME=C:\Program Files\Java\jre1.8.0_181
CLASSPATH=C:\Program Files\Java\jdk1.8.0_181\bin;C:\Program Files\Java\jre1.8.0_181;
PATH=C:/Program Files/Java/jre1.8.0_181/bin/server;C:/Program Files/Java/jre1.8.0_181/bin;C:/Program Files/Java/jre1.8.0_181/lib/amd64;C:\Program Files (x86)\Common Files\Oracle\Java\javapath;C:\Program Files\Anaconda3;C:\Program Files\Anaconda3\Library\mingw-w64\bin;C:\Program Files\Anaconda3\Library\usr\bin;C:\Program Files\Anaconda3\Library\bin;C:\Program Files\Anaconda3\Scripts;C:\Program Files\Microsoft MPI\Bin\;C:\oraclexe\app\oracle\product\11.2.0\server\bin;C:\Windows\system32;C:\Windows;C:\Windows\System32\Wbem;C:\Windows\System32\WindowsPowerShell\v1.0\;C:\Windows\System32\OpenSSH\;C:\Program Files\Java\jdk1.8.0_181\bin;C:\Program Files\Java\jre1.8.0_181\bin;C:\Program Files\nodejs\;C:\Program Files (x86)\Microsoft SQL Server\130\Tools\Binn\;C:\Program Files\Microsoft SQL Server\130\Tools\Binn\;C:\Program Files (x86)\Microsoft SQL Server\130\DTS\Binn\;C:\Program Files\Microsoft SQL Server\130\DTS\Binn\;C:\Program Files\Microsoft SQL Server\Client SDK\ODBC\130\Tools\Binn\;C:\Program Files (x86)\Microsoft SQL Server\Client SDK\ODBC\130\Tools\Binn\;C:\Program Files (x86)\Microsoft SQL Server\140\Tools\Binn\;C:\Program Files (x86)\Microsoft SQL Server\140\DTS\Binn\;C:\Program Files (x86)\Microsoft SQL Server\140\Tools\Binn\ManagementStudio\;C:\Program Files (x86)\Microsoft SQL Server\110\DTS\Binn\;C:\Program Files (x86)\Microsof;C:\Program Files\PuTTY\;C:\Program Files\Git\cmd;C:\Users\YNS(Nera)\Miniconda3;C:\Users\YNS(Nera)\Miniconda3\Library\mingw-w64\bin;C:\Users\YNS(Nera)\Miniconda3\Library\usr\bin;C:\Users\YNS(Nera)\Miniconda3\Library\bin;C:\Users\YNS(Nera)\Miniconda3\Scripts;C:\Users\YNS(Nera)\AppData\Local\Programs\Python\Python36-32\Scripts\;C:\Users\YNS(Nera)\AppData\Local\Programs\Python\Python36-32\;C:\Users\YNS(Nera)\AppData\Local\Microsoft\WindowsApps;C:\Program Files (x86)\Microsoft VS Code\bin;C:\Users\YNS(Nera)\AppData\Roaming\npm;C:\Users\YNS(Nera)\AppData\Local\GitHubDesktop\bin;;C:\Users\YNS(Nera)\Desktop;
USERNAME=YNS(Nera)
OS=Windows_NT
PROCESSOR_IDENTIFIER=Intel64 Family 6 Model 78 Stepping 3, GenuineIntel



---------------  S Y S T E M  ---------------

OS: Windows 10.0 , 64 bit Build 17134 (10.0.17134.1)

CPU:total 4 (initial active 4) (2 cores per cpu, 2 threads per core) family 6 model 78 stepping 3, cmov, cx8, fxsr, mmx, sse, sse2, sse3, ssse3, sse4.1, sse4.2, popcnt, avx, avx2, aes, clmul, erms, 3dnowpref, lzcnt, ht, tsc, tscinvbit, bmi1, bmi2, adx

Memory: 4k page, physical 16612200k(4977988k free), swap 27015544k(4k free)

vm_info: Java HotSpot(TM) 64-Bit Server VM (25.181-b13) for windows-amd64 JRE (1.8.0_181-b13), built on Jul  7 2018 04:01:33 by "java_re" with MS VC++ 10.0 (VS2010)

time: Wed Sep 19 18:51:09 2018
elapsed time: 2886 seconds (0d 0h 48m 6s)

