#
# There is insufficient memory for the Java Runtime Environment to continue.
# Native memory allocation (malloc) failed to allocate 32744 bytes for ChunkPool::allocate
# Possible reasons:
#   The system is out of physical RAM or swap space
#   In 32 bit mode, the process size limit was hit
# Possible solutions:
#   Reduce memory load on the system
#   Increase physical memory or swap space
#   Check if swap backing store is full
#   Use 64 bit Java on a 64 bit OS
#   Decrease Java heap size (-Xmx/-Xms)
#   Decrease number of Java threads
#   Decrease Java thread stack sizes (-Xss)
#   Set larger code cache with -XX:ReservedCodeCacheSize=
# This output file may be truncated or incomplete.
#
#  Out of Memory Error (allocation.cpp:273), pid=13548, tid=0x0000000000002c6c
#
# JRE version: Java(TM) SE Runtime Environment (8.0_181-b13) (build 1.8.0_181-b13)
# Java VM: Java HotSpot(TM) 64-Bit Server VM (25.181-b13 mixed mode windows-amd64 compressed oops)
# Failed to write core dump. Minidumps are not enabled by default on client versions of Windows
#

---------------  T H R E A D  ---------------

Current thread (0x000000001bde0800):  JavaThread "C2 CompilerThread0" daemon [_thread_in_native, id=11372, stack(0x000000001d450000,0x000000001d550000)]

Stack: [0x000000001d450000,0x000000001d550000]
[error occurred during error reporting (printing stack bounds), id 0xc0000005]

Native frames: (J=compiled Java code, j=interpreted, Vv=VM code, C=native code)


Current CompileTask:
C2:2700233 2922       4       javafx.scene.layout.Region::<init> (161 bytes)


---------------  P R O C E S S  ---------------

Java Threads: ( => current thread )
  0x00000000254b0800 JavaThread "Prism Font Disposer" daemon [_thread_blocked, id=11988, stack(0x0000000026c80000,0x0000000026d80000)]
  0x00000000254b2800 JavaThread "FirebaseDatabaseEventTarget" daemon [_thread_in_vm, id=11848, stack(0x0000000026b80000,0x0000000026c80000)]
  0x00000000254b3800 JavaThread "TubeSockWriter-1" [_thread_blocked, id=13404, stack(0x0000000026a80000,0x0000000026b80000)]
  0x00000000254e3000 JavaThread "TubeSockReader-1" [_thread_in_native, id=7064, stack(0x0000000026980000,0x0000000026a80000)]
  0x00000000234a0000 JavaThread "pool-6-thread-1" [_thread_blocked, id=11444, stack(0x0000000026880000,0x0000000026980000)]
  0x00000000232b1000 JavaThread "FirebaseDatabaseWorker" daemon [_thread_blocked, id=5844, stack(0x0000000024fb0000,0x00000000250b0000)]
  0x000000001db2f000 JavaThread "Thread-3" daemon [_thread_in_native, id=1360, stack(0x0000000023600000,0x0000000023700000)]
  0x000000001db3b000 JavaThread "JavaFX-Launcher" [_thread_blocked, id=12780, stack(0x0000000023700000,0x0000000023800000)]
  0x000000001dabd000 JavaThread "JavaFX Application Thread" [_thread_in_native, id=7596, stack(0x000000001e210000,0x000000001e310000)]
  0x000000001daa9000 JavaThread "Thread-1" daemon [_thread_blocked, id=13152, stack(0x000000001e110000,0x000000001e210000)]
  0x000000001da74800 JavaThread "QuantumRenderer-0" daemon [_thread_blocked, id=14616, stack(0x000000001def0000,0x000000001dff0000)]
  0x000000001d778800 JavaThread "Service Thread" daemon [_thread_blocked, id=13304, stack(0x000000001db50000,0x000000001dc50000)]
  0x000000001bdec800 JavaThread "C1 CompilerThread2" daemon [_thread_blocked, id=8356, stack(0x000000001d650000,0x000000001d750000)]
  0x000000001bde7000 JavaThread "C2 CompilerThread1" daemon [_thread_in_native, id=12976, stack(0x000000001d550000,0x000000001d650000)]
=>0x000000001bde0800 JavaThread "C2 CompilerThread0" daemon [_thread_in_native, id=11372, stack(0x000000001d450000,0x000000001d550000)]
  0x000000001bddd800 JavaThread "Attach Listener" daemon [_thread_blocked, id=7884, stack(0x000000001d350000,0x000000001d450000)]
  0x000000001bddc000 JavaThread "Signal Dispatcher" daemon [_thread_blocked, id=10252, stack(0x000000001d250000,0x000000001d350000)]
  0x000000001bdca800 JavaThread "Finalizer" daemon [_thread_blocked, id=13584, stack(0x000000001d060000,0x000000001d160000)]
  0x0000000002881800 JavaThread "Reference Handler" daemon [_thread_blocked, id=6580, stack(0x000000001cf60000,0x000000001d060000)]
  0x0000000002793800 JavaThread "main" [_thread_blocked, id=14796, stack(0x0000000002690000,0x0000000002790000)]

Other Threads:
  0x000000001bda8000 VMThread [stack: 0x000000001ce60000,0x000000001cf60000] [id=14044]
  0x000000001be3b800 WatcherThread [stack: 0x000000001dc50000,0x000000001dd50000] [id=11836]

VM state:not at safepoint (normal execution)

VM Mutex/Monitor currently owned by a thread: None

Heap:
 PSYoungGen      total 122368K, used 66950K [0x000000076b800000, 0x000000077ab00000, 0x00000007c0000000)
  eden space 111616K, 57% used [0x000000076b800000,0x000000076f6b98f0,0x0000000772500000)
  from space 10752K, 25% used [0x0000000772500000,0x00000007727a8000,0x0000000772f80000)
  to   space 27648K, 0% used [0x0000000779000000,0x0000000779000000,0x000000077ab00000)
 ParOldGen       total 165888K, used 45399K [0x00000006c2800000, 0x00000006cca00000, 0x000000076b800000)
  object space 165888K, 27% used [0x00000006c2800000,0x00000006c5455ed0,0x00000006cca00000)
 Metaspace       used 22616K, capacity 23337K, committed 23680K, reserved 1069056K
  class space    used 3135K, capacity 3343K, committed 3456K, reserved 1048576K

Card table byte_map: [0x0000000011c50000,0x0000000012440000] byte_map_base: 0x000000000e63c000

Marking Bits: (ParMarkBitMap*) 0x000000006e612d00
 Begin Bits: [0x0000000012d90000, 0x0000000016cf0000)
 End Bits:   [0x0000000016cf0000, 0x000000001ac50000)

Polling page: 0x0000000002400000

CodeCache: size=245760Kb used=8995Kb max_used=9371Kb free=236765Kb
 bounds [0x0000000002890000, 0x00000000031d0000, 0x0000000011890000]
 total_blobs=3249 nmethods=2635 adapters=525
 compilation: enabled

Compilation events (10 events):
Event: 2699.345 Thread 0x000000001bdec800 2917       3       javafx.animation.Animation$1::<init> (10 bytes)
Event: 2699.345 Thread 0x000000001bdec800 nmethod 2917 0x0000000002b4ced0 code [0x0000000002b4d020, 0x0000000002b4d1f0]
Event: 2699.345 Thread 0x000000001bdec800 2918       3       javafx.animation.Animation::impl_startable (32 bytes)
Event: 2699.346 Thread 0x000000001bdec800 nmethod 2918 0x0000000002ba1910 code [0x0000000002ba1b00, 0x0000000002ba2248]
Event: 2699.347 Thread 0x000000001bde7000 2919       4       javafx.scene.Node::focusTraversableProperty (25 bytes)
Event: 2699.348 Thread 0x000000001bde7000 nmethod 2919 0x0000000002afee50 code [0x0000000002afefa0, 0x0000000002aff0b8]
Event: 2699.351 Thread 0x000000001bde0800 2920       4       javafx.collections.FXCollections$UnmodifiableObservableListImpl::<init> (40 bytes)
Event: 2699.352 Thread 0x000000001bde7000 2921       4       javafx.scene.Parent::<init> (208 bytes)
Event: 2699.360 Thread 0x000000001bde0800 nmethod 2920 0x0000000002cde210 code [0x0000000002cde3c0, 0x0000000002cde9d8]
Event: 2699.361 Thread 0x000000001bde0800 2922       4       javafx.scene.layout.Region::<init> (161 bytes)

GC Heap History (10 events):
Event: 4.229 GC heap before
{Heap before GC invocations=2 (full 0):
 PSYoungGen      total 75776K, used 60589K [0x000000076b800000, 0x0000000774c00000, 0x00000007c0000000)
  eden space 65024K, 79% used [0x000000076b800000,0x000000076ea81cb0,0x000000076f780000)
  from space 10752K, 82% used [0x000000076f780000,0x0000000770029a30,0x0000000770200000)
  to   space 10752K, 0% used [0x0000000774180000,0x0000000774180000,0x0000000774c00000)
 ParOldGen       total 173568K, used 20080K [0x00000006c2800000, 0x00000006cd180000, 0x000000076b800000)
  object space 173568K, 11% used [0x00000006c2800000,0x00000006c3b9c030,0x00000006cd180000)
 Metaspace       used 20472K, capacity 21125K, committed 21296K, reserved 1067008K
  class space    used 2748K, capacity 2944K, committed 2944K, reserved 1048576K
Event: 4.247 GC heap after
Heap after GC invocations=2 (full 0):
 PSYoungGen      total 75776K, used 10736K [0x000000076b800000, 0x0000000774c00000, 0x00000007c0000000)
  eden space 65024K, 0% used [0x000000076b800000,0x000000076b800000,0x000000076f780000)
  from space 10752K, 99% used [0x0000000774180000,0x0000000774bfc358,0x0000000774c00000)
  to   space 10752K, 0% used [0x000000076f780000,0x000000076f780000,0x0000000770200000)
 ParOldGen       total 173568K, used 34926K [0x00000006c2800000, 0x00000006cd180000, 0x000000076b800000)
  object space 173568K, 20% used [0x00000006c2800000,0x00000006c4a1ba48,0x00000006cd180000)
 Metaspace       used 20472K, capacity 21125K, committed 21296K, reserved 1067008K
  class space    used 2748K, capacity 2944K, committed 2944K, reserved 1048576K
}
Event: 4.247 GC heap before
{Heap before GC invocations=3 (full 1):
 PSYoungGen      total 75776K, used 10736K [0x000000076b800000, 0x0000000774c00000, 0x00000007c0000000)
  eden space 65024K, 0% used [0x000000076b800000,0x000000076b800000,0x000000076f780000)
  from space 10752K, 99% used [0x0000000774180000,0x0000000774bfc358,0x0000000774c00000)
  to   space 10752K, 0% used [0x000000076f780000,0x000000076f780000,0x0000000770200000)
 ParOldGen       total 173568K, used 34926K [0x00000006c2800000, 0x00000006cd180000, 0x000000076b800000)
  object space 173568K, 20% used [0x00000006c2800000,0x00000006c4a1ba48,0x00000006cd180000)
 Metaspace       used 20472K, capacity 21125K, committed 21296K, reserved 1067008K
  class space    used 2748K, capacity 2944K, committed 2944K, reserved 1048576K
Event: 4.289 GC heap after
Heap after GC invocations=3 (full 1):
 PSYoungGen      total 75776K, used 0K [0x000000076b800000, 0x0000000774c00000, 0x00000007c0000000)
  eden space 65024K, 0% used [0x000000076b800000,0x000000076b800000,0x000000076f780000)
  from space 10752K, 0% used [0x0000000774180000,0x0000000774180000,0x0000000774c00000)
  to   space 10752K, 0% used [0x000000076f780000,0x000000076f780000,0x0000000770200000)
 ParOldGen       total 165888K, used 45383K [0x00000006c2800000, 0x00000006cca00000, 0x000000076b800000)
  object space 165888K, 27% used [0x00000006c2800000,0x00000006c5451ed0,0x00000006cca00000)
 Metaspace       used 20472K, capacity 21125K, committed 21296K, reserved 1067008K
  class space    used 2748K, capacity 2944K, committed 2944K, reserved 1048576K
}
Event: 2680.429 GC heap before
{Heap before GC invocations=4 (full 1):
 PSYoungGen      total 75776K, used 65024K [0x000000076b800000, 0x0000000774c00000, 0x00000007c0000000)
  eden space 65024K, 100% used [0x000000076b800000,0x000000076f780000,0x000000076f780000)
  from space 10752K, 0% used [0x0000000774180000,0x0000000774180000,0x0000000774c00000)
  to   space 10752K, 0% used [0x000000076f780000,0x000000076f780000,0x0000000770200000)
 ParOldGen       total 165888K, used 45383K [0x00000006c2800000, 0x00000006cca00000, 0x000000076b800000)
  object space 165888K, 27% used [0x00000006c2800000,0x00000006c5451ed0,0x00000006cca00000)
 Metaspace       used 22479K, capacity 23205K, committed 23424K, reserved 1069056K
  class space    used 3134K, capacity 3343K, committed 3456K, reserved 1048576K
Event: 2683.221 GC heap after
Heap after GC invocations=4 (full 1):
 PSYoungGen      total 75776K, used 2080K [0x000000076b800000, 0x0000000774200000, 0x00000007c0000000)
  eden space 65024K, 0% used [0x000000076b800000,0x000000076b800000,0x000000076f780000)
  from space 10752K, 19% used [0x000000076f780000,0x000000076f988000,0x0000000770200000)
  to   space 10752K, 0% used [0x0000000773780000,0x0000000773780000,0x0000000774200000)
 ParOldGen       total 165888K, used 45383K [0x00000006c2800000, 0x00000006cca00000, 0x000000076b800000)
  object space 165888K, 27% used [0x00000006c2800000,0x00000006c5451ed0,0x00000006cca00000)
 Metaspace       used 22479K, capacity 23205K, committed 23424K, reserved 1069056K
  class space    used 3134K, capacity 3343K, committed 3456K, reserved 1048576K
}
Event: 2691.899 GC heap before
{Heap before GC invocations=5 (full 1):
 PSYoungGen      total 75776K, used 67104K [0x000000076b800000, 0x0000000774200000, 0x00000007c0000000)
  eden space 65024K, 100% used [0x000000076b800000,0x000000076f780000,0x000000076f780000)
  from space 10752K, 19% used [0x000000076f780000,0x000000076f988000,0x0000000770200000)
  to   space 10752K, 0% used [0x0000000773780000,0x0000000773780000,0x0000000774200000)
 ParOldGen       total 165888K, used 45383K [0x00000006c2800000, 0x00000006cca00000, 0x000000076b800000)
  object space 165888K, 27% used [0x00000006c2800000,0x00000006c5451ed0,0x00000006cca00000)
 Metaspace       used 22549K, capacity 23337K, committed 23680K, reserved 1069056K
  class space    used 3135K, capacity 3343K, committed 3456K, reserved 1048576K
Event: 2692.427 GC heap after
Heap after GC invocations=5 (full 1):
 PSYoungGen      total 111104K, used 2432K [0x000000076b800000, 0x0000000773a00000, 0x00000007c0000000)
  eden space 108544K, 0% used [0x000000076b800000,0x000000076b800000,0x0000000772200000)
  from space 2560K, 95% used [0x0000000773780000,0x00000007739e0000,0x0000000773a00000)
  to   space 10752K, 0% used [0x0000000772500000,0x0000000772500000,0x0000000772f80000)
 ParOldGen       total 165888K, used 45391K [0x00000006c2800000, 0x00000006cca00000, 0x000000076b800000)
  object space 165888K, 27% used [0x00000006c2800000,0x00000006c5453ed0,0x00000006cca00000)
 Metaspace       used 22549K, capacity 23337K, committed 23680K, reserved 1069056K
  class space    used 3135K, capacity 3343K, committed 3456K, reserved 1048576K
}
Event: 2697.103 GC heap before
{Heap before GC invocations=6 (full 1):
 PSYoungGen      total 111104K, used 110976K [0x000000076b800000, 0x0000000773a00000, 0x00000007c0000000)
  eden space 108544K, 100% used [0x000000076b800000,0x0000000772200000,0x0000000772200000)
  from space 2560K, 95% used [0x0000000773780000,0x00000007739e0000,0x0000000773a00000)
  to   space 10752K, 0% used [0x0000000772500000,0x0000000772500000,0x0000000772f80000)
 ParOldGen       total 165888K, used 45391K [0x00000006c2800000, 0x00000006cca00000, 0x000000076b800000)
  object space 165888K, 27% used [0x00000006c2800000,0x00000006c5453ed0,0x00000006cca00000)
 Metaspace       used 22605K, capacity 23337K, committed 23680K, reserved 1069056K
  class space    used 3135K, capacity 3343K, committed 3456K, reserved 1048576K
Event: 2697.527 GC heap after
Heap after GC invocations=6 (full 1):
 PSYoungGen      total 122368K, used 2720K [0x000000076b800000, 0x000000077ab00000, 0x00000007c0000000)
  eden space 111616K, 0% used [0x000000076b800000,0x000000076b800000,0x0000000772500000)
  from space 10752K, 25% used [0x0000000772500000,0x00000007727a8000,0x0000000772f80000)
  to   space 27648K, 0% used [0x0000000779000000,0x0000000779000000,0x000000077ab00000)
 ParOldGen       total 165888K, used 45399K [0x00000006c2800000, 0x00000006cca00000, 0x000000076b800000)
  object space 165888K, 27% used [0x00000006c2800000,0x00000006c5455ed0,0x00000006cca00000)
 Metaspace       used 22605K, capacity 23337K, committed 23680K, reserved 1069056K
  class space    used 3135K, capacity 3343K, committed 3456K, reserved 1048576K
}

Deoptimization events (10 events):
Event: 2687.867 Thread 0x00000000254b2800 Uncommon trap: reason=array_check action=maybe_recompile pc=0x00000000030a9f5c method=com.sun.javafx.css.CompoundSelector.applies(Ljavafx/css/Styleable;[Ljava/util/Set;I)Z @ 128
Event: 2687.872 Thread 0x00000000254b2800 Uncommon trap: reason=unstable_if action=reinterpret pc=0x0000000003168738 method=javafx.scene.CssStyleHelper.canReuseStyleHelper(Ljavafx/scene/Node;Lcom/sun/javafx/css/StyleMap;)Z @ 149
Event: 2689.815 Thread 0x000000001dabd000 Uncommon trap: reason=speculate_class_check action=maybe_recompile pc=0x00000000031745f0 method=javafx.scene.Node.invalidatedScenes(Ljavafx/scene/Scene;Ljavafx/scene/SubScene;)V @ 86
Event: 2690.286 Thread 0x000000001dabd000 Uncommon trap: reason=speculate_class_check action=maybe_recompile pc=0x00000000031745f0 method=javafx.scene.Node.invalidatedScenes(Ljavafx/scene/Scene;Ljavafx/scene/SubScene;)V @ 86
Event: 2690.287 Thread 0x000000001dabd000 Uncommon trap: reason=speculate_class_check action=maybe_recompile pc=0x00000000031745f0 method=javafx.scene.Node.invalidatedScenes(Ljavafx/scene/Scene;Ljavafx/scene/SubScene;)V @ 86
Event: 2690.287 Thread 0x000000001dabd000 Uncommon trap: reason=speculate_class_check action=maybe_recompile pc=0x00000000031745f0 method=javafx.scene.Node.invalidatedScenes(Ljavafx/scene/Scene;Ljavafx/scene/SubScene;)V @ 86
Event: 2690.437 Thread 0x000000001dabd000 Uncommon trap: reason=speculate_class_check action=maybe_recompile pc=0x00000000031c11b8 method=javafx.scene.Node.setScenes(Ljavafx/scene/Scene;Ljavafx/scene/SubScene;)V @ 51
Event: 2690.453 Thread 0x000000001dabd000 Uncommon trap: reason=speculate_class_check action=maybe_recompile pc=0x00000000031c11b8 method=javafx.scene.Node.setScenes(Ljavafx/scene/Scene;Ljavafx/scene/SubScene;)V @ 51
Event: 2690.453 Thread 0x000000001dabd000 Uncommon trap: reason=speculate_class_check action=maybe_recompile pc=0x00000000031c11b8 method=javafx.scene.Node.setScenes(Ljavafx/scene/Scene;Ljavafx/scene/SubScene;)V @ 51
Event: 2690.453 Thread 0x000000001dabd000 Uncommon trap: reason=speculate_class_check action=maybe_recompile pc=0x00000000031c11b8 method=javafx.scene.Node.setScenes(Ljavafx/scene/Scene;Ljavafx/scene/SubScene;)V @ 51

Classes redefined (0 events):
No events

Internal exceptions (10 events):
Event: 1.039 Thread 0x000000001dabd000 Exception <a 'java/lang/ArrayIndexOutOfBoundsException'> (0x000000076c7db238) thrown at [C:\re\workspace\8-2-build-windows-amd64-cygwin\jdk8u181\11358\hotspot\src\share\vm\runtime\sharedRuntime.cpp, line 605]
Event: 2.240 Thread 0x00000000232ad000 Implicit null exception at 0x0000000002b6c675 to 0x0000000002b6c8a5
Event: 2.240 Thread 0x00000000232ad000 Implicit null exception at 0x0000000002ccf45b to 0x0000000002ccfbb9
Event: 2.240 Thread 0x00000000232ad000 Implicit null exception at 0x0000000002b70d6f to 0x0000000002b70dd9
Event: 4.195 Thread 0x00000000254b2800 Implicit null exception at 0x0000000002b36d56 to 0x0000000002b37101
Event: 4.196 Thread 0x00000000254b2800 Implicit null exception at 0x0000000002a9e3d6 to 0x0000000002a9e781
Event: 4.376 Thread 0x000000001dabd000 Exception <a 'java/io/FileNotFoundException'> (0x000000076bcde488) thrown at [C:\re\workspace\8-2-build-windows-amd64-cygwin\jdk8u181\11358\hotspot\src\share\vm\prims\jni.cpp, line 709]
Event: 4.486 Thread 0x000000001dabd000 Exception <a 'java/io/FileNotFoundException'> (0x000000076c240960) thrown at [C:\re\workspace\8-2-build-windows-amd64-cygwin\jdk8u181\11358\hotspot\src\share\vm\prims\jni.cpp, line 709]
Event: 4.644 Thread 0x000000001dabd000 Exception <a 'java/io/FileNotFoundException'> (0x000000076cec9a20) thrown at [C:\re\workspace\8-2-build-windows-amd64-cygwin\jdk8u181\11358\hotspot\src\share\vm\prims\jni.cpp, line 709]
Event: 4.684 Thread 0x000000001dabd000 Exception <a 'java/lang/NullPointerException'> (0x000000076d010a18) thrown at [C:\re\workspace\8-2-build-windows-amd64-cygwin\jdk8u181\11358\hotspot\src\share\vm\runtime\sharedRuntime.cpp, line 1085]

Events (10 events):
Event: 2691.244 Thread 0x000000001bdec800 flushing nmethod 0x0000000002dc7690
Event: 2691.244 Thread 0x000000001bdec800 flushing nmethod 0x0000000002de3750
Event: 2691.244 Thread 0x000000001bdec800 flushing nmethod 0x0000000002df8dd0
Event: 2691.244 Thread 0x000000001bdec800 flushing nmethod 0x0000000002e16090
Event: 2691.244 Thread 0x000000001bdec800 flushing nmethod 0x0000000002e48110
Event: 2691.244 Thread 0x000000001bdec800 flushing nmethod 0x0000000002e61c90
Event: 2691.899 Executing VM operation: ParallelGCFailedAllocation
Event: 2692.427 Executing VM operation: ParallelGCFailedAllocation done
Event: 2697.103 Executing VM operation: ParallelGCFailedAllocation
Event: 2697.527 Executing VM operation: ParallelGCFailedAllocation done


Dynamic libraries:
0x00007ff6455f0000 - 0x00007ff645627000 	C:\Program Files\Java\jre1.8.0_181\bin\javaw.exe
0x00007ffe92af0000 - 0x00007ffe92cd1000 	C:\Windows\SYSTEM32\ntdll.dll
0x00007ffe91d20000 - 0x00007ffe91dd2000 	C:\Windows\System32\KERNEL32.DLL
0x00007ffe8f980000 - 0x00007ffe8fbf3000 	C:\Windows\System32\KERNELBASE.dll
0x00007ffe92a10000 - 0x00007ffe92ab1000 	C:\Windows\System32\ADVAPI32.dll
0x00007ffe91df0000 - 0x00007ffe91e8e000 	C:\Windows\System32\msvcrt.dll
0x00007ffe925c0000 - 0x00007ffe9261b000 	C:\Windows\System32\sechost.dll
0x00007ffe927d0000 - 0x00007ffe928f4000 	C:\Windows\System32\RPCRT4.dll
0x00007ffe92250000 - 0x00007ffe923e0000 	C:\Windows\System32\USER32.dll
0x00007ffe8f5d0000 - 0x00007ffe8f5f0000 	C:\Windows\System32\win32u.dll
0x00007ffe91e90000 - 0x00007ffe91eb8000 	C:\Windows\System32\GDI32.dll
0x00007ffe8f7e0000 - 0x00007ffe8f972000 	C:\Windows\System32\gdi32full.dll
0x00007ffe8fee0000 - 0x00007ffe8ff7f000 	C:\Windows\System32\msvcp_win.dll
0x00007ffe8fc00000 - 0x00007ffe8fcfa000 	C:\Windows\System32\ucrtbase.dll
0x00007ffe81660000 - 0x00007ffe818c9000 	C:\Windows\WinSxS\amd64_microsoft.windows.common-controls_6595b64144ccf1df_6.0.17134.285_none_fb4297e330656775\COMCTL32.dll
0x00007ffe91f20000 - 0x00007ffe92243000 	C:\Windows\System32\combase.dll
0x00007ffe8fd00000 - 0x00007ffe8fd7a000 	C:\Windows\System32\bcryptPrimitives.dll
0x00007ffe900f0000 - 0x00007ffe9011d000 	C:\Windows\System32\IMM32.DLL
0x000000006dc40000 - 0x000000006dd12000 	C:\Program Files\Java\jre1.8.0_181\bin\msvcr100.dll
0x000000006ddf0000 - 0x000000006e692000 	C:\Program Files\Java\jre1.8.0_181\bin\server\jvm.dll
0x00007ffe90120000 - 0x00007ffe90128000 	C:\Windows\System32\PSAPI.DLL
0x00007ffe8a650000 - 0x00007ffe8a673000 	C:\Windows\SYSTEM32\WINMM.dll
0x00007ffe8da00000 - 0x00007ffe8da09000 	C:\Windows\SYSTEM32\WSOCK32.dll
0x00007ffe92620000 - 0x00007ffe9268c000 	C:\Windows\System32\WS2_32.dll
0x00007ffe85830000 - 0x00007ffe8583a000 	C:\Windows\SYSTEM32\VERSION.dll
0x00007ffe8a620000 - 0x00007ffe8a64a000 	C:\Windows\SYSTEM32\WINMMBASE.dll
0x00007ffe8fe90000 - 0x00007ffe8fed9000 	C:\Windows\System32\cfgmgr32.dll
0x000000006dde0000 - 0x000000006ddef000 	C:\Program Files\Java\jre1.8.0_181\bin\verify.dll
0x000000006ddb0000 - 0x000000006ddd9000 	C:\Program Files\Java\jre1.8.0_181\bin\java.dll
0x000000006dd90000 - 0x000000006dda6000 	C:\Program Files\Java\jre1.8.0_181\bin\zip.dll
0x00007ffe90810000 - 0x00007ffe91c50000 	C:\Windows\System32\SHELL32.dll
0x00007ffe92960000 - 0x00007ffe92a09000 	C:\Windows\System32\shcore.dll
0x00007ffe8eec0000 - 0x00007ffe8f5cd000 	C:\Windows\System32\windows.storage.dll
0x00007ffe92900000 - 0x00007ffe92951000 	C:\Windows\System32\shlwapi.dll
0x00007ffe8ee50000 - 0x00007ffe8ee61000 	C:\Windows\System32\kernel.appcore.dll
0x00007ffe8eea0000 - 0x00007ffe8eebf000 	C:\Windows\System32\profapi.dll
0x00007ffe8ee00000 - 0x00007ffe8ee4c000 	C:\Windows\System32\powrprof.dll
0x00007ffe8ee70000 - 0x00007ffe8ee7a000 	C:\Windows\System32\FLTLIB.DLL
0x0000000002490000 - 0x0000000002493000 	C:\Program Files\Java\jre1.8.0_181\bin\api-ms-win-core-console-l1-1-0.dll
0x00000000024b0000 - 0x00000000024b3000 	C:\Program Files\Java\jre1.8.0_181\bin\api-ms-win-core-datetime-l1-1-0.dll
0x00000000024c0000 - 0x00000000024c3000 	C:\Program Files\Java\jre1.8.0_181\bin\api-ms-win-core-debug-l1-1-0.dll
0x00000000024d0000 - 0x00000000024d3000 	C:\Program Files\Java\jre1.8.0_181\bin\api-ms-win-core-errorhandling-l1-1-0.dll
0x00000000024e0000 - 0x00000000024e4000 	C:\Program Files\Java\jre1.8.0_181\bin\api-ms-win-core-file-l1-1-0.dll
0x00000000024f0000 - 0x00000000024f3000 	C:\Program Files\Java\jre1.8.0_181\bin\api-ms-win-core-file-l1-2-0.dll
0x0000000002500000 - 0x0000000002503000 	C:\Program Files\Java\jre1.8.0_181\bin\api-ms-win-core-file-l2-1-0.dll
0x0000000002510000 - 0x0000000002513000 	C:\Program Files\Java\jre1.8.0_181\bin\api-ms-win-core-handle-l1-1-0.dll
0x0000000002520000 - 0x0000000002523000 	C:\Program Files\Java\jre1.8.0_181\bin\api-ms-win-core-heap-l1-1-0.dll
0x0000000002530000 - 0x0000000002533000 	C:\Program Files\Java\jre1.8.0_181\bin\api-ms-win-core-interlocked-l1-1-0.dll
0x0000000002540000 - 0x0000000002543000 	C:\Program Files\Java\jre1.8.0_181\bin\api-ms-win-core-libraryloader-l1-1-0.dll
0x0000000002550000 - 0x0000000002553000 	C:\Program Files\Java\jre1.8.0_181\bin\api-ms-win-core-localization-l1-2-0.dll
0x0000000002560000 - 0x0000000002563000 	C:\Program Files\Java\jre1.8.0_181\bin\api-ms-win-core-memory-l1-1-0.dll
0x0000000002570000 - 0x0000000002573000 	C:\Program Files\Java\jre1.8.0_181\bin\api-ms-win-core-namedpipe-l1-1-0.dll
0x000000001dd50000 - 0x000000001dd53000 	C:\Program Files\Java\jre1.8.0_181\bin\api-ms-win-core-processenvironment-l1-1-0.dll
0x000000001dd60000 - 0x000000001dd63000 	C:\Program Files\Java\jre1.8.0_181\bin\api-ms-win-core-processthreads-l1-1-0.dll
0x000000001dd70000 - 0x000000001dd73000 	C:\Program Files\Java\jre1.8.0_181\bin\api-ms-win-core-processthreads-l1-1-1.dll
0x000000001dd80000 - 0x000000001dd83000 	C:\Program Files\Java\jre1.8.0_181\bin\api-ms-win-core-profile-l1-1-0.dll
0x000000001dd90000 - 0x000000001dd93000 	C:\Program Files\Java\jre1.8.0_181\bin\api-ms-win-core-rtlsupport-l1-1-0.dll
0x000000001dda0000 - 0x000000001dda3000 	C:\Program Files\Java\jre1.8.0_181\bin\api-ms-win-core-string-l1-1-0.dll
0x000000001ddb0000 - 0x000000001ddb3000 	C:\Program Files\Java\jre1.8.0_181\bin\api-ms-win-core-synch-l1-1-0.dll
0x000000001ddc0000 - 0x000000001ddc3000 	C:\Program Files\Java\jre1.8.0_181\bin\api-ms-win-core-synch-l1-2-0.dll
0x000000001ddd0000 - 0x000000001ddd3000 	C:\Program Files\Java\jre1.8.0_181\bin\api-ms-win-core-sysinfo-l1-1-0.dll
0x000000001dde0000 - 0x000000001dde3000 	C:\Program Files\Java\jre1.8.0_181\bin\api-ms-win-core-timezone-l1-1-0.dll
0x000000001ddf0000 - 0x000000001ddf3000 	C:\Program Files\Java\jre1.8.0_181\bin\api-ms-win-core-util-l1-1-0.dll
0x000000001de00000 - 0x000000001de03000 	C:\Program Files\Java\jre1.8.0_181\bin\api-ms-win-crt-conio-l1-1-0.dll
0x000000001de10000 - 0x000000001de14000 	C:\Program Files\Java\jre1.8.0_181\bin\api-ms-win-crt-convert-l1-1-0.dll
0x000000001de20000 - 0x000000001de23000 	C:\Program Files\Java\jre1.8.0_181\bin\api-ms-win-crt-environment-l1-1-0.dll
0x000000001de30000 - 0x000000001de33000 	C:\Program Files\Java\jre1.8.0_181\bin\api-ms-win-crt-filesystem-l1-1-0.dll
0x000000001de40000 - 0x000000001de43000 	C:\Program Files\Java\jre1.8.0_181\bin\api-ms-win-crt-heap-l1-1-0.dll
0x000000001de50000 - 0x000000001de53000 	C:\Program Files\Java\jre1.8.0_181\bin\api-ms-win-crt-locale-l1-1-0.dll
0x000000001de60000 - 0x000000001de65000 	C:\Program Files\Java\jre1.8.0_181\bin\api-ms-win-crt-math-l1-1-0.dll
0x000000001de70000 - 0x000000001de75000 	C:\Program Files\Java\jre1.8.0_181\bin\api-ms-win-crt-multibyte-l1-1-0.dll
0x000000001de80000 - 0x000000001de90000 	C:\Program Files\Java\jre1.8.0_181\bin\api-ms-win-crt-private-l1-1-0.dll
0x000000001de90000 - 0x000000001de93000 	C:\Program Files\Java\jre1.8.0_181\bin\api-ms-win-crt-process-l1-1-0.dll
0x000000001dea0000 - 0x000000001dea4000 	C:\Program Files\Java\jre1.8.0_181\bin\api-ms-win-crt-runtime-l1-1-0.dll
0x000000001deb0000 - 0x000000001deb4000 	C:\Program Files\Java\jre1.8.0_181\bin\api-ms-win-crt-stdio-l1-1-0.dll
0x000000001dec0000 - 0x000000001dec4000 	C:\Program Files\Java\jre1.8.0_181\bin\api-ms-win-crt-string-l1-1-0.dll
0x000000001ded0000 - 0x000000001ded3000 	C:\Program Files\Java\jre1.8.0_181\bin\api-ms-win-crt-time-l1-1-0.dll
0x000000001dee0000 - 0x000000001dee3000 	C:\Program Files\Java\jre1.8.0_181\bin\api-ms-win-crt-utility-l1-1-0.dll
0x00007ffe6d100000 - 0x00007ffe6d1f6000 	C:\Program Files\Java\jre1.8.0_181\bin\ucrtbase.dll
0x00007ffe8a600000 - 0x00007ffe8a616000 	C:\Program Files\Java\jre1.8.0_181\bin\vcruntime140.dll
0x00007ffe6d060000 - 0x00007ffe6d0fc000 	C:\Program Files\Java\jre1.8.0_181\bin\msvcp140.dll
0x00007ffe713c0000 - 0x00007ffe71411000 	C:\Program Files\Java\jre1.8.0_181\bin\concrt140.dll
0x000000006dc10000 - 0x000000006dc33000 	C:\Program Files\Java\jre1.8.0_181\bin\prism_d3d.dll
0x00007ffe48d60000 - 0x00007ffe48ef7000 	C:\Windows\system32\d3d9.dll
0x00007ffe8c7f0000 - 0x00007ffe8c819000 	C:\Windows\SYSTEM32\dwmapi.dll
0x00007ffe8c430000 - 0x00007ffe8c4c8000 	C:\Windows\system32\uxtheme.dll
0x00007ffe43550000 - 0x00007ffe48d5d000 	C:\Windows\System32\DriverStore\FileRepository\ki124769.inf_amd64_e5e7af49c5a8fe4b\igdumdim64.dll
0x00007ffe91c50000 - 0x00007ffe91d12000 	C:\Windows\System32\OLEAUT32.dll
0x00007ffe8ff90000 - 0x00007ffe900e1000 	C:\Windows\System32\ole32.dll
0x00007ffe903c0000 - 0x00007ffe9080b000 	C:\Windows\System32\SETUPAPI.dll
0x000000006dbc0000 - 0x000000006dc09000 	C:\Program Files\Java\jre1.8.0_181\bin\glass.dll
0x00007ffe90130000 - 0x00007ffe9021d000 	C:\Windows\System32\COMDLG32.dll
0x00007ffe92440000 - 0x00007ffe925b5000 	C:\Windows\System32\MSCTF.dll
0x00007ffe85dc0000 - 0x00007ffe86f1d000 	C:\Windows\System32\DriverStore\FileRepository\ki124769.inf_amd64_e5e7af49c5a8fe4b\igc64.dll
0x000000006dba0000 - 0x000000006dbb4000 	C:\Program Files\Java\jre1.8.0_181\bin\javafx_font.dll
0x00007ffe7edb0000 - 0x00007ffe7f0cc000 	C:\Windows\SYSTEM32\dwrite.dll
0x00007ffe8e840000 - 0x00007ffe8e857000 	C:\Windows\SYSTEM32\CRYPTSP.dll
0x00007ffe8e260000 - 0x00007ffe8e293000 	C:\Windows\system32\rsaenh.dll
0x00007ffe8e960000 - 0x00007ffe8e985000 	C:\Windows\SYSTEM32\bcrypt.dll
0x00007ffe8ed00000 - 0x00007ffe8ed28000 	C:\Windows\SYSTEM32\USERENV.dll
0x00007ffe8e830000 - 0x00007ffe8e83b000 	C:\Windows\SYSTEM32\CRYPTBASE.dll
0x000000006dd70000 - 0x000000006dd8a000 	C:\Program Files\Java\jre1.8.0_181\bin\net.dll
0x00007ffe8e680000 - 0x00007ffe8e6e6000 	C:\Windows\system32\mswsock.dll
0x00007ffe8e400000 - 0x00007ffe8e438000 	C:\Windows\SYSTEM32\IPHLPAPI.DLL
0x00007ffe8ff80000 - 0x00007ffe8ff88000 	C:\Windows\System32\NSI.dll
0x00007ffe873b0000 - 0x00007ffe873c6000 	C:\Windows\SYSTEM32\dhcpcsvc6.DLL
0x00007ffe86f40000 - 0x00007ffe86f5a000 	C:\Windows\SYSTEM32\dhcpcsvc.DLL
0x000000006dd50000 - 0x000000006dd61000 	C:\Program Files\Java\jre1.8.0_181\bin\nio.dll
0x000000006dd20000 - 0x000000006dd44000 	C:\Program Files\Java\jre1.8.0_181\bin\sunec.dll
0x000000006db90000 - 0x000000006db9b000 	C:\Program Files\Java\jre1.8.0_181\bin\sunmscapi.dll
0x00007ffe8f5f0000 - 0x00007ffe8f7d2000 	C:\Windows\System32\CRYPT32.dll
0x00007ffe8ee80000 - 0x00007ffe8ee92000 	C:\Windows\System32\MSASN1.dll
0x00007ffe8e450000 - 0x00007ffe8e50e000 	C:\Windows\SYSTEM32\DNSAPI.dll
0x00007ffe831b0000 - 0x00007ffe831ba000 	C:\Windows\System32\rasadhlp.dll
0x00007ffe82bc0000 - 0x00007ffe82c32000 	C:\Windows\System32\fwpuclnt.dll

VM Arguments:
jvm_args: -Dfile.encoding=Cp1252 
java_command: application.Main
java_class_path (initial): C:\Users\YNS(Nera)\workspace\CodeFest\bin;C:\Users\YNS(Nera)\.p2\pool\plugins\org.eclipse.fx.ide.css.jfx8_1.2.0.201501301049.jar;C:\Users\YNS(Nera)\Desktop\codefest\controlsfx-8.0.5.jar;C:\Users\YNS(Nera)\Desktop\codefest\jfoenix-1.7.0.jar;C:\Users\YNS(Nera)\Desktop\lib\firebase with java\commons-codec-1.3.jar;C:\Users\YNS(Nera)\Desktop\lib\firebase with java\commons-logging-1.1.1.jar;C:\Users\YNS(Nera)\Desktop\lib\firebase with java\firebase-admin-5.2.0.jar;C:\Users\YNS(Nera)\Desktop\lib\firebase with java\google-api-client-1.22.0.jar;C:\Users\YNS(Nera)\Desktop\lib\firebase with java\google-api-client-gson-1.22.0.jar;C:\Users\YNS(Nera)\Desktop\lib\firebase with java\google-http-client-1.22.0.jar;C:\Users\YNS(Nera)\Desktop\lib\firebase with java\google-http-client-gson-1.22.0.jar;C:\Users\YNS(Nera)\Desktop\lib\firebase with java\google-http-client-jackson2-1.22.0.jar;C:\Users\YNS(Nera)\Desktop\lib\firebase with java\google-oauth-client-1.22.0.jar;C:\Users\YNS(Nera)\Desktop\lib\firebase with java\gson-2.1.jar;C:\Users\YNS(Nera)\Desktop\lib\firebase with java\guava-20.0.jar;C:\Users\YNS(Nera)\Desktop\lib\firebase with java\httpclient-4.0.1.jar;C:\Users\YNS(Nera)\Desktop\lib\firebase with java\httpcore-4.0.1.jar;C:\Users\YNS(Nera)\Desktop\lib\firebase with java\jackson-core-2.1.3.jar;C:\Users\YNS(Nera)\Desktop\lib\firebase with java\json-20160810.jar;C:\Users\YNS(Nera)\Desktop\lib\firebase with java\jsr305-1.3.9.jar
Launcher Type: SUN_STANDARD

Environment Variables:
JAVA_HOME=C:\Program Files\Java\jdk1.8.0_181
JRE_HOME=C:\Program Files\Java\jre1.8.0_181
CLASSPATH=C:\Program Files\Java\jdk1.8.0_181\bin;C:\Program Files\Java\jre1.8.0_181;
PATH=C:/Program Files/Java/jre1.8.0_181/bin/server;C:/Program Files/Java/jre1.8.0_181/bin;C:/Program Files/Java/jre1.8.0_181/lib/amd64;C:\Program Files (x86)\Common Files\Oracle\Java\javapath;C:\Program Files\Anaconda3;C:\Program Files\Anaconda3\Library\mingw-w64\bin;C:\Program Files\Anaconda3\Library\usr\bin;C:\Program Files\Anaconda3\Library\bin;C:\Program Files\Anaconda3\Scripts;C:\Program Files\Microsoft MPI\Bin\;C:\oraclexe\app\oracle\product\11.2.0\server\bin;C:\Windows\system32;C:\Windows;C:\Windows\System32\Wbem;C:\Windows\System32\WindowsPowerShell\v1.0\;C:\Windows\System32\OpenSSH\;C:\Program Files\Java\jdk1.8.0_181\bin;C:\Program Files\Java\jre1.8.0_181\bin;C:\Program Files\nodejs\;C:\Program Files (x86)\Microsoft SQL Server\130\Tools\Binn\;C:\Program Files\Microsoft SQL Server\130\Tools\Binn\;C:\Program Files (x86)\Microsoft SQL Server\130\DTS\Binn\;C:\Program Files\Microsoft SQL Server\130\DTS\Binn\;C:\Program Files\Microsoft SQL Server\Client SDK\ODBC\130\Tools\Binn\;C:\Program Files (x86)\Microsoft SQL Server\Client SDK\ODBC\130\Tools\Binn\;C:\Program Files (x86)\Microsoft SQL Server\140\Tools\Binn\;C:\Program Files (x86)\Microsoft SQL Server\140\DTS\Binn\;C:\Program Files (x86)\Microsoft SQL Server\140\Tools\Binn\ManagementStudio\;C:\Program Files (x86)\Microsoft SQL Server\110\DTS\Binn\;C:\Program Files (x86)\Microsof;C:\Program Files\PuTTY\;C:\Program Files\Git\cmd;C:\Users\YNS(Nera)\Miniconda3;C:\Users\YNS(Nera)\Miniconda3\Library\mingw-w64\bin;C:\Users\YNS(Nera)\Miniconda3\Library\usr\bin;C:\Users\YNS(Nera)\Miniconda3\Library\bin;C:\Users\YNS(Nera)\Miniconda3\Scripts;C:\Users\YNS(Nera)\AppData\Local\Programs\Python\Python36-32\Scripts\;C:\Users\YNS(Nera)\AppData\Local\Programs\Python\Python36-32\;C:\Users\YNS(Nera)\AppData\Local\Microsoft\WindowsApps;C:\Program Files (x86)\Microsoft VS Code\bin;C:\Users\YNS(Nera)\AppData\Roaming\npm;C:\Users\YNS(Nera)\AppData\Local\GitHubDesktop\bin;;C:\Users\YNS(Nera)\Desktop;
USERNAME=YNS(Nera)
OS=Windows_NT
PROCESSOR_IDENTIFIER=Intel64 Family 6 Model 78 Stepping 3, GenuineIntel



---------------  S Y S T E M  ---------------

OS: Windows 10.0 , 64 bit Build 17134 (10.0.17134.1)

CPU:total 4 (initial active 4) (2 cores per cpu, 2 threads per core) family 6 model 78 stepping 3, cmov, cx8, fxsr, mmx, sse, sse2, sse3, ssse3, sse4.1, sse4.2, popcnt, avx, avx2, aes, clmul, erms, 3dnowpref, lzcnt, ht, tsc, tscinvbit, bmi1, bmi2, adx

Memory: 4k page, physical 16612200k(4969440k free), swap 27015544k(76k free)

vm_info: Java HotSpot(TM) 64-Bit Server VM (25.181-b13) for windows-amd64 JRE (1.8.0_181-b13), built on Jul  7 2018 04:01:33 by "java_re" with MS VC++ 10.0 (VS2010)

time: Wed Sep 19 18:51:09 2018
elapsed time: 2699 seconds (0d 0h 44m 59s)

